<?xml version="1.0" encoding="UTF-8"?>
<testsuites>
  <testsuite name="" tests="124" assertions="704" errors="0" warnings="0" failures="0" skipped="0" time="78.200561">
    <testsuite name="Project Test Suite" tests="124" assertions="704" errors="0" warnings="0" failures="0" skipped="0" time="78.200561">
      <testsuite name="App\Card\CardGraphicsTest" file="/mnt/c/cygwin64/home/oleg0001/dbwebb-kurser/mvc/me/report/tests/Card/CardGraphicsTest.php" tests="3" assertions="4" errors="0" warnings="0" failures="0" skipped="0" time="0.140838">
        <testcase name="testCreateObject" class="App\Card\CardGraphicsTest" classname="App.Card.CardGraphicsTest" file="/mnt/c/cygwin64/home/oleg0001/dbwebb-kurser/mvc/me/report/tests/Card/CardGraphicsTest.php" line="15" assertions="2" time="0.140024"/>
        <testcase name="testGetAsString" class="App\Card\CardGraphicsTest" classname="App.Card.CardGraphicsTest" file="/mnt/c/cygwin64/home/oleg0001/dbwebb-kurser/mvc/me/report/tests/Card/CardGraphicsTest.php" line="29" assertions="1" time="0.000399"/>
        <testcase name="testGetCollor" class="App\Card\CardGraphicsTest" classname="App.Card.CardGraphicsTest" file="/mnt/c/cygwin64/home/oleg0001/dbwebb-kurser/mvc/me/report/tests/Card/CardGraphicsTest.php" line="44" assertions="1" time="0.000414"/>
      </testsuite>
      <testsuite name="App\Card\CardTest" file="/mnt/c/cygwin64/home/oleg0001/dbwebb-kurser/mvc/me/report/tests/Card/CardTest.php" tests="5" assertions="16" errors="0" warnings="0" failures="0" skipped="0" time="0.075712">
        <testcase name="testCreateObject" class="App\Card\CardTest" classname="App.Card.CardTest" file="/mnt/c/cygwin64/home/oleg0001/dbwebb-kurser/mvc/me/report/tests/Card/CardTest.php" line="15" assertions="2" time="0.000392"/>
        <testcase name="testSetAndGetCard" class="App\Card\CardTest" classname="App.Card.CardTest" file="/mnt/c/cygwin64/home/oleg0001/dbwebb-kurser/mvc/me/report/tests/Card/CardTest.php" line="29" assertions="3" time="0.000392"/>
        <testcase name="testChoseAndToArray" class="App\Card\CardTest" classname="App.Card.CardTest" file="/mnt/c/cygwin64/home/oleg0001/dbwebb-kurser/mvc/me/report/tests/Card/CardTest.php" line="46" assertions="9" time="0.074154"/>
        <testcase name="testGetCard" class="App\Card\CardTest" classname="App.Card.CardTest" file="/mnt/c/cygwin64/home/oleg0001/dbwebb-kurser/mvc/me/report/tests/Card/CardTest.php" line="64" assertions="1" time="0.000384"/>
        <testcase name="testGetAsString" class="App\Card\CardTest" classname="App.Card.CardTest" file="/mnt/c/cygwin64/home/oleg0001/dbwebb-kurser/mvc/me/report/tests/Card/CardTest.php" line="76" assertions="1" time="0.000390"/>
      </testsuite>
      <testsuite name="App\Card\DeskTest" file="/mnt/c/cygwin64/home/oleg0001/dbwebb-kurser/mvc/me/report/tests/Card/DeskTest.php" tests="6" assertions="9" errors="0" warnings="0" failures="0" skipped="0" time="0.038040">
        <testcase name="testCreateObject" class="App\Card\DeskTest" classname="App.Card.DeskTest" file="/mnt/c/cygwin64/home/oleg0001/dbwebb-kurser/mvc/me/report/tests/Card/DeskTest.php" line="15" assertions="3" time="0.009734"/>
        <testcase name="testGetDesk" class="App\Card\DeskTest" classname="App.Card.DeskTest" file="/mnt/c/cygwin64/home/oleg0001/dbwebb-kurser/mvc/me/report/tests/Card/DeskTest.php" line="30" assertions="1" time="0.000927"/>
        <testcase name="testToArray" class="App\Card\DeskTest" classname="App.Card.DeskTest" file="/mnt/c/cygwin64/home/oleg0001/dbwebb-kurser/mvc/me/report/tests/Card/DeskTest.php" line="43" assertions="1" time="0.000792"/>
        <testcase name="testShuffleDesk" class="App\Card\DeskTest" classname="App.Card.DeskTest" file="/mnt/c/cygwin64/home/oleg0001/dbwebb-kurser/mvc/me/report/tests/Card/DeskTest.php" line="55" assertions="2" time="0.025085"/>
        <testcase name="testRandCard" class="App\Card\DeskTest" classname="App.Card.DeskTest" file="/mnt/c/cygwin64/home/oleg0001/dbwebb-kurser/mvc/me/report/tests/Card/DeskTest.php" line="69" assertions="1" time="0.000743"/>
        <testcase name="testCountDesk" class="App\Card\DeskTest" classname="App.Card.DeskTest" file="/mnt/c/cygwin64/home/oleg0001/dbwebb-kurser/mvc/me/report/tests/Card/DeskTest.php" line="81" assertions="1" time="0.000759"/>
      </testsuite>
      <testsuite name="App\Tests\Controller\CardPlayControllerTest" file="/mnt/c/cygwin64/home/oleg0001/dbwebb-kurser/mvc/me/report/tests/Controller/CardPlayControllerTest.php" tests="8" assertions="23" errors="0" warnings="0" failures="0" skipped="0" time="16.145425">
        <testcase name="testSession" class="App\Tests\Controller\CardPlayControllerTest" classname="App.Tests.Controller.CardPlayControllerTest" file="/mnt/c/cygwin64/home/oleg0001/dbwebb-kurser/mvc/me/report/tests/Controller/CardPlayControllerTest.php" line="15" assertions="3" time="7.638635"/>
        <testcase name="testDelate" class="App\Tests\Controller\CardPlayControllerTest" classname="App.Tests.Controller.CardPlayControllerTest" file="/mnt/c/cygwin64/home/oleg0001/dbwebb-kurser/mvc/me/report/tests/Controller/CardPlayControllerTest.php" line="27" assertions="2" time="0.621950"/>
        <testcase name="testCardPlay" class="App\Tests\Controller\CardPlayControllerTest" classname="App.Tests.Controller.CardPlayControllerTest" file="/mnt/c/cygwin64/home/oleg0001/dbwebb-kurser/mvc/me/report/tests/Controller/CardPlayControllerTest.php" line="43" assertions="5" time="0.751630"/>
        <testcase name="testOneCard" class="App\Tests\Controller\CardPlayControllerTest" classname="App.Tests.Controller.CardPlayControllerTest" file="/mnt/c/cygwin64/home/oleg0001/dbwebb-kurser/mvc/me/report/tests/Controller/CardPlayControllerTest.php" line="60" assertions="3" time="1.976641"/>
        <testcase name="testDeskCard" class="App\Tests\Controller\CardPlayControllerTest" classname="App.Tests.Controller.CardPlayControllerTest" file="/mnt/c/cygwin64/home/oleg0001/dbwebb-kurser/mvc/me/report/tests/Controller/CardPlayControllerTest.php" line="72" assertions="3" time="0.608728"/>
        <testcase name="testShuffleCard" class="App\Tests\Controller\CardPlayControllerTest" classname="App.Tests.Controller.CardPlayControllerTest" file="/mnt/c/cygwin64/home/oleg0001/dbwebb-kurser/mvc/me/report/tests/Controller/CardPlayControllerTest.php" line="84" assertions="1" time="0.554150"/>
        <testcase name="testDrawCard" class="App\Tests\Controller\CardPlayControllerTest" classname="App.Tests.Controller.CardPlayControllerTest" file="/mnt/c/cygwin64/home/oleg0001/dbwebb-kurser/mvc/me/report/tests/Controller/CardPlayControllerTest.php" line="95" assertions="3" time="2.055233"/>
        <testcase name="testDealCard" class="App\Tests\Controller\CardPlayControllerTest" classname="App.Tests.Controller.CardPlayControllerTest" file="/mnt/c/cygwin64/home/oleg0001/dbwebb-kurser/mvc/me/report/tests/Controller/CardPlayControllerTest.php" line="127" assertions="3" time="1.938457"/>
      </testsuite>
      <testsuite name="App\Tests\Controller\DiceGameControllerTest" file="/mnt/c/cygwin64/home/oleg0001/dbwebb-kurser/mvc/me/report/tests/Controller/DiceGameControllerTest.php" tests="11" assertions="31" errors="0" warnings="0" failures="0" skipped="0" time="12.134539">
        <testcase name="testRollDices" class="App\Tests\Controller\DiceGameControllerTest" classname="App.Tests.Controller.DiceGameControllerTest" file="/mnt/c/cygwin64/home/oleg0001/dbwebb-kurser/mvc/me/report/tests/Controller/DiceGameControllerTest.php" line="16" assertions="5" time="0.378570"/>
        <testcase name="testRollHandDice" class="App\Tests\Controller\DiceGameControllerTest" classname="App.Tests.Controller.DiceGameControllerTest" file="/mnt/c/cygwin64/home/oleg0001/dbwebb-kurser/mvc/me/report/tests/Controller/DiceGameControllerTest.php" line="49" assertions="2" time="0.010819"/>
        <testcase name="testHome" class="App\Tests\Controller\DiceGameControllerTest" classname="App.Tests.Controller.DiceGameControllerTest" file="/mnt/c/cygwin64/home/oleg0001/dbwebb-kurser/mvc/me/report/tests/Controller/DiceGameControllerTest.php" line="77" assertions="3" time="0.647160"/>
        <testcase name="testRoleDice" class="App\Tests\Controller\DiceGameControllerTest" classname="App.Tests.Controller.DiceGameControllerTest" file="/mnt/c/cygwin64/home/oleg0001/dbwebb-kurser/mvc/me/report/tests/Controller/DiceGameControllerTest.php" line="89" assertions="3" time="0.612827"/>
        <testcase name="testRoleDices" class="App\Tests\Controller\DiceGameControllerTest" classname="App.Tests.Controller.DiceGameControllerTest" file="/mnt/c/cygwin64/home/oleg0001/dbwebb-kurser/mvc/me/report/tests/Controller/DiceGameControllerTest.php" line="101" assertions="3" time="0.640736"/>
        <testcase name="testRoleDiceHand" class="App\Tests\Controller\DiceGameControllerTest" classname="App.Tests.Controller.DiceGameControllerTest" file="/mnt/c/cygwin64/home/oleg0001/dbwebb-kurser/mvc/me/report/tests/Controller/DiceGameControllerTest.php" line="118" assertions="3" time="0.581509"/>
        <testcase name="testInit" class="App\Tests\Controller\DiceGameControllerTest" classname="App.Tests.Controller.DiceGameControllerTest" file="/mnt/c/cygwin64/home/oleg0001/dbwebb-kurser/mvc/me/report/tests/Controller/DiceGameControllerTest.php" line="130" assertions="3" time="0.557525"/>
        <testcase name="testInitPost" class="App\Tests\Controller\DiceGameControllerTest" classname="App.Tests.Controller.DiceGameControllerTest" file="/mnt/c/cygwin64/home/oleg0001/dbwebb-kurser/mvc/me/report/tests/Controller/DiceGameControllerTest.php" line="142" assertions="4" time="2.046993"/>
        <testcase name="testPlayGet" class="App\Tests\Controller\DiceGameControllerTest" classname="App.Tests.Controller.DiceGameControllerTest" file="/mnt/c/cygwin64/home/oleg0001/dbwebb-kurser/mvc/me/report/tests/Controller/DiceGameControllerTest.php" line="162" assertions="3" time="2.846471"/>
        <testcase name="testRollRoutePost" class="App\Tests\Controller\DiceGameControllerTest" classname="App.Tests.Controller.DiceGameControllerTest" file="/mnt/c/cygwin64/home/oleg0001/dbwebb-kurser/mvc/me/report/tests/Controller/DiceGameControllerTest.php" line="218" assertions="1" time="1.147488"/>
        <testcase name="testSave" class="App\Tests\Controller\DiceGameControllerTest" classname="App.Tests.Controller.DiceGameControllerTest" file="/mnt/c/cygwin64/home/oleg0001/dbwebb-kurser/mvc/me/report/tests/Controller/DiceGameControllerTest.php" line="266" assertions="1" time="2.664440"/>
      </testsuite>
      <testsuite name="App\Tests\Controller\Game21PDFControllerTest" file="/mnt/c/cygwin64/home/oleg0001/dbwebb-kurser/mvc/me/report/tests/Controller/Game21PDFControllerTest.php" tests="7" assertions="15" errors="0" warnings="0" failures="0" skipped="0" time="12.456635">
        <testcase name="testViewDoc" class="App\Tests\Controller\Game21PDFControllerTest" classname="App.Tests.Controller.Game21PDFControllerTest" file="/mnt/c/cygwin64/home/oleg0001/dbwebb-kurser/mvc/me/report/tests/Controller/Game21PDFControllerTest.php" line="16" assertions="3" time="1.909350"/>
        <testcase name="testViewPdfFileExists" class="App\Tests\Controller\Game21PDFControllerTest" classname="App.Tests.Controller.Game21PDFControllerTest" file="/mnt/c/cygwin64/home/oleg0001/dbwebb-kurser/mvc/me/report/tests/Controller/Game21PDFControllerTest.php" line="30" assertions="3" time="0.232846"/>
        <testcase name="testViewPdfFileNotExists" class="App\Tests\Controller\Game21PDFControllerTest" classname="App.Tests.Controller.Game21PDFControllerTest" file="/mnt/c/cygwin64/home/oleg0001/dbwebb-kurser/mvc/me/report/tests/Controller/Game21PDFControllerTest.php" line="64" assertions="1" time="2.570302"/>
        <testcase name="testViewClasses" class="App\Tests\Controller\Game21PDFControllerTest" classname="App.Tests.Controller.Game21PDFControllerTest" file="/mnt/c/cygwin64/home/oleg0001/dbwebb-kurser/mvc/me/report/tests/Controller/Game21PDFControllerTest.php" line="95" assertions="3" time="0.131445"/>
        <testcase name="testViewClassesNotFound" class="App\Tests\Controller\Game21PDFControllerTest" classname="App.Tests.Controller.Game21PDFControllerTest" file="/mnt/c/cygwin64/home/oleg0001/dbwebb-kurser/mvc/me/report/tests/Controller/Game21PDFControllerTest.php" line="122" assertions="1" time="2.480328"/>
        <testcase name="testViewPseudocodeExist" class="App\Tests\Controller\Game21PDFControllerTest" classname="App.Tests.Controller.Game21PDFControllerTest" file="/mnt/c/cygwin64/home/oleg0001/dbwebb-kurser/mvc/me/report/tests/Controller/Game21PDFControllerTest.php" line="146" assertions="3" time="1.193603"/>
        <testcase name="testViewPsseudocodeNotFound" class="App\Tests\Controller\Game21PDFControllerTest" classname="App.Tests.Controller.Game21PDFControllerTest" file="/mnt/c/cygwin64/home/oleg0001/dbwebb-kurser/mvc/me/report/tests/Controller/Game21PDFControllerTest.php" line="173" assertions="1" time="3.938761"/>
      </testsuite>
      <testsuite name="App\Tests\Controller\Game21gameControllerTest" file="/mnt/c/cygwin64/home/oleg0001/dbwebb-kurser/mvc/me/report/tests/Controller/Game21gameControllerTest.php" tests="1" assertions="3" errors="0" warnings="0" failures="0" skipped="0" time="2.082272">
        <testcase name="testGameInit" class="App\Tests\Controller\Game21gameControllerTest" classname="App.Tests.Controller.Game21gameControllerTest" file="/mnt/c/cygwin64/home/oleg0001/dbwebb-kurser/mvc/me/report/tests/Controller/Game21gameControllerTest.php" line="9" assertions="3" time="2.082272"/>
      </testsuite>
      <testsuite name="App\Tests\Controller\LibraryControllerTest" file="/mnt/c/cygwin64/home/oleg0001/dbwebb-kurser/mvc/me/report/tests/Controller/LibraryControllerTest.php" tests="11" assertions="45" errors="0" warnings="0" failures="0" skipped="0" time="16.187536">
        <testcase name="testIndex" class="App\Tests\Controller\LibraryControllerTest" classname="App.Tests.Controller.LibraryControllerTest" file="/mnt/c/cygwin64/home/oleg0001/dbwebb-kurser/mvc/me/report/tests/Controller/LibraryControllerTest.php" line="45" assertions="3" time="1.972109"/>
        <testcase name="testHandleBookFormGet" class="App\Tests\Controller\LibraryControllerTest" classname="App.Tests.Controller.LibraryControllerTest" file="/mnt/c/cygwin64/home/oleg0001/dbwebb-kurser/mvc/me/report/tests/Controller/LibraryControllerTest.php" line="59" assertions="4" time="0.644877"/>
        <testcase name="testCreateBookPost" class="App\Tests\Controller\LibraryControllerTest" classname="App.Tests.Controller.LibraryControllerTest" file="/mnt/c/cygwin64/home/oleg0001/dbwebb-kurser/mvc/me/report/tests/Controller/LibraryControllerTest.php" line="70" assertions="5" time="3.381787"/>
        <testcase name="testReadChosenBook" class="App\Tests\Controller\LibraryControllerTest" classname="App.Tests.Controller.LibraryControllerTest" file="/mnt/c/cygwin64/home/oleg0001/dbwebb-kurser/mvc/me/report/tests/Controller/LibraryControllerTest.php" line="100" assertions="5" time="1.885169"/>
        <testcase name="testReadChosenBookNotFound" class="App\Tests\Controller\LibraryControllerTest" classname="App.Tests.Controller.LibraryControllerTest" file="/mnt/c/cygwin64/home/oleg0001/dbwebb-kurser/mvc/me/report/tests/Controller/LibraryControllerTest.php" line="126" assertions="3" time="1.968732"/>
        <testcase name="testReadOneBook" class="App\Tests\Controller\LibraryControllerTest" classname="App.Tests.Controller.LibraryControllerTest" file="/mnt/c/cygwin64/home/oleg0001/dbwebb-kurser/mvc/me/report/tests/Controller/LibraryControllerTest.php" line="160" assertions="5" time="1.859670"/>
        <testcase name="testSeeLibrary" class="App\Tests\Controller\LibraryControllerTest" classname="App.Tests.Controller.LibraryControllerTest" file="/mnt/c/cygwin64/home/oleg0001/dbwebb-kurser/mvc/me/report/tests/Controller/LibraryControllerTest.php" line="188" assertions="3" time="0.644008"/>
        <testcase name="testUpdateBook" class="App\Tests\Controller\LibraryControllerTest" classname="App.Tests.Controller.LibraryControllerTest" file="/mnt/c/cygwin64/home/oleg0001/dbwebb-kurser/mvc/me/report/tests/Controller/LibraryControllerTest.php" line="205" assertions="5" time="0.535904"/>
        <testcase name="testUpdateBookNotFound" class="App\Tests\Controller\LibraryControllerTest" classname="App.Tests.Controller.LibraryControllerTest" file="/mnt/c/cygwin64/home/oleg0001/dbwebb-kurser/mvc/me/report/tests/Controller/LibraryControllerTest.php" line="230" assertions="5" time="0.484975"/>
        <testcase name="testDeleteBookGet" class="App\Tests\Controller\LibraryControllerTest" classname="App.Tests.Controller.LibraryControllerTest" file="/mnt/c/cygwin64/home/oleg0001/dbwebb-kurser/mvc/me/report/tests/Controller/LibraryControllerTest.php" line="317" assertions="4" time="0.604382"/>
        <testcase name="testDeleteBookBookNotExist" class="App\Tests\Controller\LibraryControllerTest" classname="App.Tests.Controller.LibraryControllerTest" file="/mnt/c/cygwin64/home/oleg0001/dbwebb-kurser/mvc/me/report/tests/Controller/LibraryControllerTest.php" line="380" assertions="3" time="2.205922"/>
      </testsuite>
      <testsuite name="App\Tests\Controller\LuckyControllerTest" file="/mnt/c/cygwin64/home/oleg0001/dbwebb-kurser/mvc/me/report/tests/Controller/LuckyControllerTest.php" tests="5" assertions="15" errors="0" warnings="0" failures="0" skipped="0" time="4.415674">
        <testcase name="testMeController" class="App\Tests\Controller\LuckyControllerTest" classname="App.Tests.Controller.LuckyControllerTest" file="/mnt/c/cygwin64/home/oleg0001/dbwebb-kurser/mvc/me/report/tests/Controller/LuckyControllerTest.php" line="15" assertions="3" time="1.942903"/>
        <testcase name="testAboutController" class="App\Tests\Controller\LuckyControllerTest" classname="App.Tests.Controller.LuckyControllerTest" file="/mnt/c/cygwin64/home/oleg0001/dbwebb-kurser/mvc/me/report/tests/Controller/LuckyControllerTest.php" line="27" assertions="3" time="0.621728"/>
        <testcase name="testReportController" class="App\Tests\Controller\LuckyControllerTest" classname="App.Tests.Controller.LuckyControllerTest" file="/mnt/c/cygwin64/home/oleg0001/dbwebb-kurser/mvc/me/report/tests/Controller/LuckyControllerTest.php" line="39" assertions="3" time="0.600858"/>
        <testcase name="testLuckyController" class="App\Tests\Controller\LuckyControllerTest" classname="App.Tests.Controller.LuckyControllerTest" file="/mnt/c/cygwin64/home/oleg0001/dbwebb-kurser/mvc/me/report/tests/Controller/LuckyControllerTest.php" line="51" assertions="3" time="0.556413"/>
        <testcase name="testMetricsController" class="App\Tests\Controller\LuckyControllerTest" classname="App.Tests.Controller.LuckyControllerTest" file="/mnt/c/cygwin64/home/oleg0001/dbwebb-kurser/mvc/me/report/tests/Controller/LuckyControllerTest.php" line="62" assertions="3" time="0.693771"/>
      </testsuite>
      <testsuite name="App\Tests\Controller\MyJsonCardControllerTest" file="/mnt/c/cygwin64/home/oleg0001/dbwebb-kurser/mvc/me/report/tests/Controller/MyJsonCardControllerTest.php" tests="5" assertions="23" errors="0" warnings="0" failures="0" skipped="0" time="4.590760">
        <testcase name="testApiDesk" class="App\Tests\Controller\MyJsonCardControllerTest" classname="App.Tests.Controller.MyJsonCardControllerTest" file="/mnt/c/cygwin64/home/oleg0001/dbwebb-kurser/mvc/me/report/tests/Controller/MyJsonCardControllerTest.php" line="16" assertions="6" time="0.244606"/>
        <testcase name="testApiDeskShuffle" class="App\Tests\Controller\MyJsonCardControllerTest" classname="App.Tests.Controller.MyJsonCardControllerTest" file="/mnt/c/cygwin64/home/oleg0001/dbwebb-kurser/mvc/me/report/tests/Controller/MyJsonCardControllerTest.php" line="42" assertions="5" time="1.256992"/>
        <testcase name="testApiDrawDesk" class="App\Tests\Controller\MyJsonCardControllerTest" classname="App.Tests.Controller.MyJsonCardControllerTest" file="/mnt/c/cygwin64/home/oleg0001/dbwebb-kurser/mvc/me/report/tests/Controller/MyJsonCardControllerTest.php" line="68" assertions="6" time="0.188315"/>
        <testcase name="testApiDrawFlerDesk" class="App\Tests\Controller\MyJsonCardControllerTest" classname="App.Tests.Controller.MyJsonCardControllerTest" file="/mnt/c/cygwin64/home/oleg0001/dbwebb-kurser/mvc/me/report/tests/Controller/MyJsonCardControllerTest.php" line="102" assertions="4" time="1.459183">
          <system-out>Request URL: /api/deck/draw/3
Response: {"drown":[],"number":52}
</system-out>
        </testcase>
        <testcase name="testApiDealCard" class="App\Tests\Controller\MyJsonCardControllerTest" classname="App.Tests.Controller.MyJsonCardControllerTest" file="/mnt/c/cygwin64/home/oleg0001/dbwebb-kurser/mvc/me/report/tests/Controller/MyJsonCardControllerTest.php" line="139" assertions="2" time="1.441663"/>
      </testsuite>
      <testsuite name="App\Controller\MyJsonControllerTest" file="/mnt/c/cygwin64/home/oleg0001/dbwebb-kurser/mvc/me/report/tests/Controller/MyJsonControllerTest.php" tests="3" assertions="9" errors="0" warnings="0" failures="0" skipped="0" time="1.499805">
        <testcase name="testApiLanding" class="App\Controller\MyJsonControllerTest" classname="App.Controller.MyJsonControllerTest" file="/mnt/c/cygwin64/home/oleg0001/dbwebb-kurser/mvc/me/report/tests/Controller/MyJsonControllerTest.php" line="9" assertions="3" time="0.790828"/>
        <testcase name="testApiIndex" class="App\Controller\MyJsonControllerTest" classname="App.Controller.MyJsonControllerTest" file="/mnt/c/cygwin64/home/oleg0001/dbwebb-kurser/mvc/me/report/tests/Controller/MyJsonControllerTest.php" line="25" assertions="3" time="0.612533"/>
        <testcase name="testGeQuote" class="App\Controller\MyJsonControllerTest" classname="App.Controller.MyJsonControllerTest" file="/mnt/c/cygwin64/home/oleg0001/dbwebb-kurser/mvc/me/report/tests/Controller/MyJsonControllerTest.php" line="40" assertions="3" time="0.096444"/>
      </testsuite>
      <testsuite name="App\Controller\MyJsonNewControllerTest" file="/mnt/c/cygwin64/home/oleg0001/dbwebb-kurser/mvc/me/report/tests/Controller/MyJsonNewControllerTest.php" tests="4" assertions="20" errors="0" warnings="0" failures="0" skipped="0" time="4.202461">
        <testcase name="testApiGame" class="App\Controller\MyJsonNewControllerTest" classname="App.Controller.MyJsonNewControllerTest" file="/mnt/c/cygwin64/home/oleg0001/dbwebb-kurser/mvc/me/report/tests/Controller/MyJsonNewControllerTest.php" line="11" assertions="5" time="0.119344"/>
        <testcase name="testJsonLibrary" class="App\Controller\MyJsonNewControllerTest" classname="App.Controller.MyJsonNewControllerTest" file="/mnt/c/cygwin64/home/oleg0001/dbwebb-kurser/mvc/me/report/tests/Controller/MyJsonNewControllerTest.php" line="61" assertions="4" time="0.186529"/>
        <testcase name="testJsonBookByIsbnBokNotFound" class="App\Controller\MyJsonNewControllerTest" classname="App.Controller.MyJsonNewControllerTest" file="/mnt/c/cygwin64/home/oleg0001/dbwebb-kurser/mvc/me/report/tests/Controller/MyJsonNewControllerTest.php" line="92" assertions="4" time="2.139040"/>
        <testcase name="testJsonBookByIsbnBokFound" class="App\Controller\MyJsonNewControllerTest" classname="App.Controller.MyJsonNewControllerTest" file="/mnt/c/cygwin64/home/oleg0001/dbwebb-kurser/mvc/me/report/tests/Controller/MyJsonNewControllerTest.php" line="104" assertions="7" time="1.757549"/>
      </testsuite>
      <testsuite name="App\Tests\Controller\ProductControllerTest" file="/mnt/c/cygwin64/home/oleg0001/dbwebb-kurser/mvc/me/report/tests/Controller/ProductControllerTest.php" tests="7" assertions="23" errors="0" warnings="0" failures="0" skipped="0" time="3.926688">
        <testcase name="testProduct" class="App\Tests\Controller\ProductControllerTest" classname="App.Tests.Controller.ProductControllerTest" file="/mnt/c/cygwin64/home/oleg0001/dbwebb-kurser/mvc/me/report/tests/Controller/ProductControllerTest.php" line="20" assertions="3" time="0.734423"/>
        <testcase name="testCreateProduct" class="App\Tests\Controller\ProductControllerTest" classname="App.Tests.Controller.ProductControllerTest" file="/mnt/c/cygwin64/home/oleg0001/dbwebb-kurser/mvc/me/report/tests/Controller/ProductControllerTest.php" line="35" assertions="8" time="0.124870"/>
        <testcase name="testShowAllProduct" class="App\Tests\Controller\ProductControllerTest" classname="App.Tests.Controller.ProductControllerTest" file="/mnt/c/cygwin64/home/oleg0001/dbwebb-kurser/mvc/me/report/tests/Controller/ProductControllerTest.php" line="61" assertions="2" time="0.101467"/>
        <testcase name="testShowProductByID" class="App\Tests\Controller\ProductControllerTest" classname="App.Tests.Controller.ProductControllerTest" file="/mnt/c/cygwin64/home/oleg0001/dbwebb-kurser/mvc/me/report/tests/Controller/ProductControllerTest.php" line="75" assertions="3" time="0.092002"/>
        <testcase name="testDeleteProductByIDProductNotExist" class="App\Tests\Controller\ProductControllerTest" classname="App.Tests.Controller.ProductControllerTest" file="/mnt/c/cygwin64/home/oleg0001/dbwebb-kurser/mvc/me/report/tests/Controller/ProductControllerTest.php" line="91" assertions="2" time="1.188183"/>
        <testcase name="testupdateProductByIDProductNotExist" class="App\Tests\Controller\ProductControllerTest" classname="App.Tests.Controller.ProductControllerTest" file="/mnt/c/cygwin64/home/oleg0001/dbwebb-kurser/mvc/me/report/tests/Controller/ProductControllerTest.php" line="106" assertions="2" time="1.102926"/>
        <testcase name="testViewAllProduct" class="App\Tests\Controller\ProductControllerTest" classname="App.Tests.Controller.ProductControllerTest" file="/mnt/c/cygwin64/home/oleg0001/dbwebb-kurser/mvc/me/report/tests/Controller/ProductControllerTest.php" line="123" assertions="3" time="0.582816"/>
      </testsuite>
      <testsuite name="App\Dice\DiceTest" file="/mnt/c/cygwin64/home/oleg0001/dbwebb-kurser/mvc/me/report/tests/Dice/DiceTest.php" tests="1" assertions="4" errors="0" warnings="0" failures="0" skipped="0" time="0.000750">
        <testcase name="testCreateDice" class="App\Dice\DiceTest" classname="App.Dice.DiceTest" file="/mnt/c/cygwin64/home/oleg0001/dbwebb-kurser/mvc/me/report/tests/Dice/DiceTest.php" line="16" assertions="4" time="0.000750"/>
      </testsuite>
      <testsuite name="App\Dice\GraphicDiceTest" file="/mnt/c/cygwin64/home/oleg0001/dbwebb-kurser/mvc/me/report/tests/Dice/GraphicDiceTest.php" tests="2" assertions="2" errors="0" warnings="0" failures="0" skipped="0" time="0.027706">
        <testcase name="testCreateDice" class="App\Dice\GraphicDiceTest" classname="App.Dice.GraphicDiceTest" file="/mnt/c/cygwin64/home/oleg0001/dbwebb-kurser/mvc/me/report/tests/Dice/GraphicDiceTest.php" line="16" assertions="1" time="0.001047"/>
        <testcase name="testGetAsStringReturnsCorrectRepresentation" class="App\Dice\GraphicDiceTest" classname="App.Dice.GraphicDiceTest" file="/mnt/c/cygwin64/home/oleg0001/dbwebb-kurser/mvc/me/report/tests/Dice/GraphicDiceTest.php" line="27" assertions="1" time="0.026659"/>
      </testsuite>
      <testsuite name="App\Dice\HandDiceTest" file="/mnt/c/cygwin64/home/oleg0001/dbwebb-kurser/mvc/me/report/tests/Dice/HandDiceTest.php" tests="3" assertions="12" errors="0" warnings="0" failures="0" skipped="0" time="0.002562">
        <testcase name="testCreateHandDice" class="App\Dice\HandDiceTest" classname="App.Dice.HandDiceTest" file="/mnt/c/cygwin64/home/oleg0001/dbwebb-kurser/mvc/me/report/tests/Dice/HandDiceTest.php" line="16" assertions="4" time="0.000610"/>
        <testcase name="testAddRollandGetNumber" class="App\Dice\HandDiceTest" classname="App.Dice.HandDiceTest" file="/mnt/c/cygwin64/home/oleg0001/dbwebb-kurser/mvc/me/report/tests/Dice/HandDiceTest.php" line="35" assertions="4" time="0.001037"/>
        <testcase name="testgetValues" class="App\Dice\HandDiceTest" classname="App.Dice.HandDiceTest" file="/mnt/c/cygwin64/home/oleg0001/dbwebb-kurser/mvc/me/report/tests/Dice/HandDiceTest.php" line="57" assertions="4" time="0.000915"/>
      </testsuite>
      <testsuite name="App\Game21\BankTest" file="/mnt/c/cygwin64/home/oleg0001/dbwebb-kurser/mvc/me/report/tests/Game21/BankTest.php" tests="6" assertions="9" errors="0" warnings="0" failures="0" skipped="0" time="0.007104">
        <testcase name="testCreateObject" class="App\Game21\BankTest" classname="App.Game21.BankTest" file="/mnt/c/cygwin64/home/oleg0001/dbwebb-kurser/mvc/me/report/tests/Game21/BankTest.php" line="17" assertions="4" time="0.000592"/>
        <testcase name="testGetCard" class="App\Game21\BankTest" classname="App.Game21.BankTest" file="/mnt/c/cygwin64/home/oleg0001/dbwebb-kurser/mvc/me/report/tests/Game21/BankTest.php" line="34" assertions="1" time="0.001745"/>
        <testcase name="testDoBet" class="App\Game21\BankTest" classname="App.Game21.BankTest" file="/mnt/c/cygwin64/home/oleg0001/dbwebb-kurser/mvc/me/report/tests/Game21/BankTest.php" line="53" assertions="1" time="0.000626"/>
        <testcase name="testToArray" class="App\Game21\BankTest" classname="App.Game21.BankTest" file="/mnt/c/cygwin64/home/oleg0001/dbwebb-kurser/mvc/me/report/tests/Game21/BankTest.php" line="65" assertions="1" time="0.000518"/>
        <testcase name="testTakeCard" class="App\Game21\BankTest" classname="App.Game21.BankTest" file="/mnt/c/cygwin64/home/oleg0001/dbwebb-kurser/mvc/me/report/tests/Game21/BankTest.php" line="86" assertions="1" time="0.002291"/>
        <testcase name="testDealCards" class="App\Game21\BankTest" classname="App.Game21.BankTest" file="/mnt/c/cygwin64/home/oleg0001/dbwebb-kurser/mvc/me/report/tests/Game21/BankTest.php" line="111" assertions="1" time="0.001332"/>
      </testsuite>
      <testsuite name="App\Game21\CardGraphicsTest" file="/mnt/c/cygwin64/home/oleg0001/dbwebb-kurser/mvc/me/report/tests/Game21/CardGraphicsTest.php" tests="3" assertions="6" errors="0" warnings="0" failures="0" skipped="0" time="0.002330">
        <testcase name="testCreateObject" class="App\Game21\CardGraphicsTest" classname="App.Game21.CardGraphicsTest" file="/mnt/c/cygwin64/home/oleg0001/dbwebb-kurser/mvc/me/report/tests/Game21/CardGraphicsTest.php" line="15" assertions="2" time="0.001037"/>
        <testcase name="testOverridenToString" class="App\Game21\CardGraphicsTest" classname="App.Game21.CardGraphicsTest" file="/mnt/c/cygwin64/home/oleg0001/dbwebb-kurser/mvc/me/report/tests/Game21/CardGraphicsTest.php" line="29" assertions="2" time="0.000677"/>
        <testcase name="testGetCollor" class="App\Game21\CardGraphicsTest" classname="App.Game21.CardGraphicsTest" file="/mnt/c/cygwin64/home/oleg0001/dbwebb-kurser/mvc/me/report/tests/Game21/CardGraphicsTest.php" line="44" assertions="2" time="0.000617"/>
      </testsuite>
      <testsuite name="App\Game21\CardTest" file="/mnt/c/cygwin64/home/oleg0001/dbwebb-kurser/mvc/me/report/tests/Game21/CardTest.php" tests="5" assertions="17" errors="0" warnings="0" failures="0" skipped="0" time="0.003678">
        <testcase name="testCreateObject" class="App\Game21\CardTest" classname="App.Game21.CardTest" file="/mnt/c/cygwin64/home/oleg0001/dbwebb-kurser/mvc/me/report/tests/Game21/CardTest.php" line="15" assertions="2" time="0.000754"/>
        <testcase name="testSetAndToArray" class="App\Game21\CardTest" classname="App.Game21.CardTest" file="/mnt/c/cygwin64/home/oleg0001/dbwebb-kurser/mvc/me/report/tests/Game21/CardTest.php" line="29" assertions="3" time="0.000602"/>
        <testcase name="testChoseAndToArray" class="App\Game21\CardTest" classname="App.Game21.CardTest" file="/mnt/c/cygwin64/home/oleg0001/dbwebb-kurser/mvc/me/report/tests/Game21/CardTest.php" line="45" assertions="9" time="0.001081"/>
        <testcase name="testGetValue" class="App\Game21\CardTest" classname="App.Game21.CardTest" file="/mnt/c/cygwin64/home/oleg0001/dbwebb-kurser/mvc/me/report/tests/Game21/CardTest.php" line="61" assertions="2" time="0.000576"/>
        <testcase name="testGetAsString" class="App\Game21\CardTest" classname="App.Game21.CardTest" file="/mnt/c/cygwin64/home/oleg0001/dbwebb-kurser/mvc/me/report/tests/Game21/CardTest.php" line="74" assertions="1" time="0.000666"/>
      </testsuite>
      <testsuite name="App\Game21\DeskTest" file="/mnt/c/cygwin64/home/oleg0001/dbwebb-kurser/mvc/me/report/tests/Game21/DeskTest.php" tests="6" assertions="18" errors="0" warnings="0" failures="0" skipped="0" time="0.007078">
        <testcase name="testCreateObject" class="App\Game21\DeskTest" classname="App.Game21.DeskTest" file="/mnt/c/cygwin64/home/oleg0001/dbwebb-kurser/mvc/me/report/tests/Game21/DeskTest.php" line="15" assertions="2" time="0.000759"/>
        <testcase name="testFreshDesk" class="App\Game21\DeskTest" classname="App.Game21.DeskTest" file="/mnt/c/cygwin64/home/oleg0001/dbwebb-kurser/mvc/me/report/tests/Game21/DeskTest.php" line="29" assertions="3" time="0.001172"/>
        <testcase name="testToArray" class="App\Game21\DeskTest" classname="App.Game21.DeskTest" file="/mnt/c/cygwin64/home/oleg0001/dbwebb-kurser/mvc/me/report/tests/Game21/DeskTest.php" line="42" assertions="3" time="0.001190"/>
        <testcase name="testGetDesk" class="App\Game21\DeskTest" classname="App.Game21.DeskTest" file="/mnt/c/cygwin64/home/oleg0001/dbwebb-kurser/mvc/me/report/tests/Game21/DeskTest.php" line="56" assertions="4" time="0.001455"/>
        <testcase name="testShuffleDesk" class="App\Game21\DeskTest" classname="App.Game21.DeskTest" file="/mnt/c/cygwin64/home/oleg0001/dbwebb-kurser/mvc/me/report/tests/Game21/DeskTest.php" line="71" assertions="3" time="0.001354"/>
        <testcase name="testSet" class="App\Game21\DeskTest" classname="App.Game21.DeskTest" file="/mnt/c/cygwin64/home/oleg0001/dbwebb-kurser/mvc/me/report/tests/Game21/DeskTest.php" line="86" assertions="3" time="0.001148"/>
      </testsuite>
      <testsuite name="App\Game21\Game21Test" file="/mnt/c/cygwin64/home/oleg0001/dbwebb-kurser/mvc/me/report/tests/Game21/Game21Test.php" tests="7" assertions="26" errors="0" warnings="0" failures="0" skipped="0" time="0.067000">
        <testcase name="testCreateObject" class="App\Game21\Game21Test" classname="App.Game21.Game21Test" file="/mnt/c/cygwin64/home/oleg0001/dbwebb-kurser/mvc/me/report/tests/Game21/Game21Test.php" line="18" assertions="1" time="0.001267"/>
        <testcase name="testToSession" class="App\Game21\Game21Test" classname="App.Game21.Game21Test" file="/mnt/c/cygwin64/home/oleg0001/dbwebb-kurser/mvc/me/report/tests/Game21/Game21Test.php" line="25" assertions="1" time="0.032496"/>
        <testcase name="testSet" class="App\Game21\Game21Test" classname="App.Game21.Game21Test" file="/mnt/c/cygwin64/home/oleg0001/dbwebb-kurser/mvc/me/report/tests/Game21/Game21Test.php" line="85" assertions="4" time="0.025966"/>
        <testcase name="testFirstState" class="App\Game21\Game21Test" classname="App.Game21.Game21Test" file="/mnt/c/cygwin64/home/oleg0001/dbwebb-kurser/mvc/me/report/tests/Game21/Game21Test.php" line="157" assertions="5" time="0.001554"/>
        <testcase name="testSecondState" class="App\Game21\Game21Test" classname="App.Game21.Game21Test" file="/mnt/c/cygwin64/home/oleg0001/dbwebb-kurser/mvc/me/report/tests/Game21/Game21Test.php" line="232" assertions="5" time="0.001725"/>
        <testcase name="testThirdState" class="App\Game21\Game21Test" classname="App.Game21.Game21Test" file="/mnt/c/cygwin64/home/oleg0001/dbwebb-kurser/mvc/me/report/tests/Game21/Game21Test.php" line="307" assertions="5" time="0.002194"/>
        <testcase name="testPlayerNewCard" class="App\Game21\Game21Test" classname="App.Game21.Game21Test" file="/mnt/c/cygwin64/home/oleg0001/dbwebb-kurser/mvc/me/report/tests/Game21/Game21Test.php" line="382" assertions="5" time="0.001798"/>
      </testsuite>
      <testsuite name="App\Game21\HandTest" file="/mnt/c/cygwin64/home/oleg0001/dbwebb-kurser/mvc/me/report/tests/Game21/HandTest.php" tests="6" assertions="17" errors="0" warnings="0" failures="0" skipped="0" time="0.006263">
        <testcase name="testCreateObject" class="App\Game21\HandTest" classname="App.Game21.HandTest" file="/mnt/c/cygwin64/home/oleg0001/dbwebb-kurser/mvc/me/report/tests/Game21/HandTest.php" line="15" assertions="2" time="0.000700"/>
        <testcase name="testGetPoints" class="App\Game21\HandTest" classname="App.Game21.HandTest" file="/mnt/c/cygwin64/home/oleg0001/dbwebb-kurser/mvc/me/report/tests/Game21/HandTest.php" line="28" assertions="1" time="0.000897"/>
        <testcase name="testToString" class="App\Game21\HandTest" classname="App.Game21.HandTest" file="/mnt/c/cygwin64/home/oleg0001/dbwebb-kurser/mvc/me/report/tests/Game21/HandTest.php" line="43" assertions="3" time="0.001364"/>
        <testcase name="testToArray" class="App\Game21\HandTest" classname="App.Game21.HandTest" file="/mnt/c/cygwin64/home/oleg0001/dbwebb-kurser/mvc/me/report/tests/Game21/HandTest.php" line="62" assertions="3" time="0.001328"/>
        <testcase name="testGetHand" class="App\Game21\HandTest" classname="App.Game21.HandTest" file="/mnt/c/cygwin64/home/oleg0001/dbwebb-kurser/mvc/me/report/tests/Game21/HandTest.php" line="87" assertions="3" time="0.001297"/>
        <testcase name="testSetMethod" class="App\Game21\HandTest" classname="App.Game21.HandTest" file="/mnt/c/cygwin64/home/oleg0001/dbwebb-kurser/mvc/me/report/tests/Game21/HandTest.php" line="116" assertions="5" time="0.000677"/>
      </testsuite>
      <testsuite name="App\Game21\PlayerTest" file="/mnt/c/cygwin64/home/oleg0001/dbwebb-kurser/mvc/me/report/tests/Game21/PlayerTest.php" tests="4" assertions="7" errors="0" warnings="0" failures="0" skipped="0" time="0.002860">
        <testcase name="testCreateObject" class="App\Game21\PlayerTest" classname="App.Game21.PlayerTest" file="/mnt/c/cygwin64/home/oleg0001/dbwebb-kurser/mvc/me/report/tests/Game21/PlayerTest.php" line="17" assertions="4" time="0.000783"/>
        <testcase name="testGetCard" class="App\Game21\PlayerTest" classname="App.Game21.PlayerTest" file="/mnt/c/cygwin64/home/oleg0001/dbwebb-kurser/mvc/me/report/tests/Game21/PlayerTest.php" line="34" assertions="1" time="0.000939"/>
        <testcase name="testDoBet" class="App\Game21\PlayerTest" classname="App.Game21.PlayerTest" file="/mnt/c/cygwin64/home/oleg0001/dbwebb-kurser/mvc/me/report/tests/Game21/PlayerTest.php" line="52" assertions="1" time="0.000581"/>
        <testcase name="testToArray" class="App\Game21\PlayerTest" classname="App.Game21.PlayerTest" file="/mnt/c/cygwin64/home/oleg0001/dbwebb-kurser/mvc/me/report/tests/Game21/PlayerTest.php" line="64" assertions="1" time="0.000557"/>
      </testsuite>
      <testsuite name="App\Tests\Repository\BookRepositoryTest" file="/mnt/c/cygwin64/home/oleg0001/dbwebb-kurser/mvc/me/report/tests/Repository/BookRepositoryTest.php" tests="2" assertions="125" errors="0" warnings="0" failures="0" skipped="0" time="0.052706">
        <testcase name="testConstruct" class="App\Tests\Repository\BookRepositoryTest" classname="App.Tests.Repository.BookRepositoryTest" file="/mnt/c/cygwin64/home/oleg0001/dbwebb-kurser/mvc/me/report/tests/Repository/BookRepositoryTest.php" line="44" assertions="1" time="0.020474"/>
        <testcase name="testFindByIsbn" class="App\Tests\Repository\BookRepositoryTest" classname="App.Tests.Repository.BookRepositoryTest" file="/mnt/c/cygwin64/home/oleg0001/dbwebb-kurser/mvc/me/report/tests/Repository/BookRepositoryTest.php" line="53" assertions="124" time="0.032232"/>
      </testsuite>
      <testsuite name="ProductRepositoryTest" file="/mnt/c/cygwin64/home/oleg0001/dbwebb-kurser/mvc/me/report/tests/Repository/ProductRepositoryTest.php" tests="3" assertions="225" errors="0" warnings="0" failures="0" skipped="0" time="0.124138">
        <testcase name="testConstruct" class="ProductRepositoryTest" classname="ProductRepositoryTest" file="/mnt/c/cygwin64/home/oleg0001/dbwebb-kurser/mvc/me/report/tests/Repository/ProductRepositoryTest.php" line="42" assertions="1" time="0.023465"/>
        <testcase name="testFindByMinimumValue" class="ProductRepositoryTest" classname="ProductRepositoryTest" file="/mnt/c/cygwin64/home/oleg0001/dbwebb-kurser/mvc/me/report/tests/Repository/ProductRepositoryTest.php" line="51" assertions="136" time="0.032618"/>
        <testcase name="testFindByMinimumValue2" class="ProductRepositoryTest" classname="ProductRepositoryTest" file="/mnt/c/cygwin64/home/oleg0001/dbwebb-kurser/mvc/me/report/tests/Repository/ProductRepositoryTest.php" line="67" assertions="88" time="0.068055"/>
      </testsuite>
    </testsuite>
  </testsuite>
</testsuites>
