<?xml version="1.0" encoding="UTF-8"?>
<testsuites>
  <testsuite name="" tests="38" assertions="104" errors="0" warnings="0" failures="0" skipped="0" time="0.804280">
    <testsuite name="Project Test Suite" tests="38" assertions="104" errors="0" warnings="0" failures="0" skipped="0" time="0.804280">
      <testsuite name="App\Dice\DiceTest" file="/mnt/c/cygwin64/home/oleg0001/dbwebb-kurser/mvc/me/report/tests/Dice/DiceTest.php" tests="1" assertions="4" errors="0" warnings="0" failures="0" skipped="0" time="0.163242">
        <testcase name="testCreateDice" class="App\Dice\DiceTest" classname="App.Dice.DiceTest" file="/mnt/c/cygwin64/home/oleg0001/dbwebb-kurser/mvc/me/report/tests/Dice/DiceTest.php" line="16" assertions="4" time="0.163242"/>
      </testsuite>
      <testsuite name="App\Game21\BankTest" file="/mnt/c/cygwin64/home/oleg0001/dbwebb-kurser/mvc/me/report/tests/Game21/BankTest.php" tests="6" assertions="9" errors="0" warnings="0" failures="0" skipped="0" time="0.386214">
        <testcase name="testCreateObject" class="App\Game21\BankTest" classname="App.Game21.BankTest" file="/mnt/c/cygwin64/home/oleg0001/dbwebb-kurser/mvc/me/report/tests/Game21/BankTest.php" line="17" assertions="4" time="0.039153"/>
        <testcase name="testGetCard" class="App\Game21\BankTest" classname="App.Game21.BankTest" file="/mnt/c/cygwin64/home/oleg0001/dbwebb-kurser/mvc/me/report/tests/Game21/BankTest.php" line="34" assertions="1" time="0.312437"/>
        <testcase name="testDoBet" class="App\Game21\BankTest" classname="App.Game21.BankTest" file="/mnt/c/cygwin64/home/oleg0001/dbwebb-kurser/mvc/me/report/tests/Game21/BankTest.php" line="53" assertions="1" time="0.000494"/>
        <testcase name="testToArray" class="App\Game21\BankTest" classname="App.Game21.BankTest" file="/mnt/c/cygwin64/home/oleg0001/dbwebb-kurser/mvc/me/report/tests/Game21/BankTest.php" line="65" assertions="1" time="0.000389"/>
        <testcase name="testTakeCard" class="App\Game21\BankTest" classname="App.Game21.BankTest" file="/mnt/c/cygwin64/home/oleg0001/dbwebb-kurser/mvc/me/report/tests/Game21/BankTest.php" line="86" assertions="1" time="0.032810"/>
        <testcase name="testDealCards" class="App\Game21\BankTest" classname="App.Game21.BankTest" file="/mnt/c/cygwin64/home/oleg0001/dbwebb-kurser/mvc/me/report/tests/Game21/BankTest.php" line="111" assertions="1" time="0.000931"/>
      </testsuite>
      <testsuite name="App\Game21\CardGraphicsTest" file="/mnt/c/cygwin64/home/oleg0001/dbwebb-kurser/mvc/me/report/tests/Game21/CardGraphicsTest.php" tests="3" assertions="6" errors="0" warnings="0" failures="0" skipped="0" time="0.011389">
        <testcase name="testCreateObject" class="App\Game21\CardGraphicsTest" classname="App.Game21.CardGraphicsTest" file="/mnt/c/cygwin64/home/oleg0001/dbwebb-kurser/mvc/me/report/tests/Game21/CardGraphicsTest.php" line="15" assertions="2" time="0.000398"/>
        <testcase name="testOverridenToString" class="App\Game21\CardGraphicsTest" classname="App.Game21.CardGraphicsTest" file="/mnt/c/cygwin64/home/oleg0001/dbwebb-kurser/mvc/me/report/tests/Game21/CardGraphicsTest.php" line="29" assertions="2" time="0.010563"/>
        <testcase name="testGetCollor" class="App\Game21\CardGraphicsTest" classname="App.Game21.CardGraphicsTest" file="/mnt/c/cygwin64/home/oleg0001/dbwebb-kurser/mvc/me/report/tests/Game21/CardGraphicsTest.php" line="44" assertions="2" time="0.000428"/>
      </testsuite>
      <testsuite name="App\Game21\CardTest" file="/mnt/c/cygwin64/home/oleg0001/dbwebb-kurser/mvc/me/report/tests/Game21/CardTest.php" tests="5" assertions="17" errors="0" warnings="0" failures="0" skipped="0" time="0.048071">
        <testcase name="testCreateObject" class="App\Game21\CardTest" classname="App.Game21.CardTest" file="/mnt/c/cygwin64/home/oleg0001/dbwebb-kurser/mvc/me/report/tests/Game21/CardTest.php" line="15" assertions="2" time="0.000371"/>
        <testcase name="testSetAndToArray" class="App\Game21\CardTest" classname="App.Game21.CardTest" file="/mnt/c/cygwin64/home/oleg0001/dbwebb-kurser/mvc/me/report/tests/Game21/CardTest.php" line="29" assertions="3" time="0.000384"/>
        <testcase name="testChoseAndToArray" class="App\Game21\CardTest" classname="App.Game21.CardTest" file="/mnt/c/cygwin64/home/oleg0001/dbwebb-kurser/mvc/me/report/tests/Game21/CardTest.php" line="45" assertions="9" time="0.046493"/>
        <testcase name="testGetValue" class="App\Game21\CardTest" classname="App.Game21.CardTest" file="/mnt/c/cygwin64/home/oleg0001/dbwebb-kurser/mvc/me/report/tests/Game21/CardTest.php" line="61" assertions="2" time="0.000421"/>
        <testcase name="testGetAsString" class="App\Game21\CardTest" classname="App.Game21.CardTest" file="/mnt/c/cygwin64/home/oleg0001/dbwebb-kurser/mvc/me/report/tests/Game21/CardTest.php" line="74" assertions="1" time="0.000403"/>
      </testsuite>
      <testsuite name="App\Game21\DeskTest" file="/mnt/c/cygwin64/home/oleg0001/dbwebb-kurser/mvc/me/report/tests/Game21/DeskTest.php" tests="6" assertions="18" errors="0" warnings="0" failures="0" skipped="0" time="0.004626">
        <testcase name="testCreateObject" class="App\Game21\DeskTest" classname="App.Game21.DeskTest" file="/mnt/c/cygwin64/home/oleg0001/dbwebb-kurser/mvc/me/report/tests/Game21/DeskTest.php" line="15" assertions="2" time="0.000381"/>
        <testcase name="testFreshDesk" class="App\Game21\DeskTest" classname="App.Game21.DeskTest" file="/mnt/c/cygwin64/home/oleg0001/dbwebb-kurser/mvc/me/report/tests/Game21/DeskTest.php" line="29" assertions="3" time="0.000756"/>
        <testcase name="testToArray" class="App\Game21\DeskTest" classname="App.Game21.DeskTest" file="/mnt/c/cygwin64/home/oleg0001/dbwebb-kurser/mvc/me/report/tests/Game21/DeskTest.php" line="42" assertions="3" time="0.000831"/>
        <testcase name="testGetDesk" class="App\Game21\DeskTest" classname="App.Game21.DeskTest" file="/mnt/c/cygwin64/home/oleg0001/dbwebb-kurser/mvc/me/report/tests/Game21/DeskTest.php" line="56" assertions="4" time="0.001162"/>
        <testcase name="testShuffleDesk" class="App\Game21\DeskTest" classname="App.Game21.DeskTest" file="/mnt/c/cygwin64/home/oleg0001/dbwebb-kurser/mvc/me/report/tests/Game21/DeskTest.php" line="71" assertions="3" time="0.001042"/>
        <testcase name="testSet" class="App\Game21\DeskTest" classname="App.Game21.DeskTest" file="/mnt/c/cygwin64/home/oleg0001/dbwebb-kurser/mvc/me/report/tests/Game21/DeskTest.php" line="86" assertions="3" time="0.000454"/>
      </testsuite>
      <testsuite name="App\Game21\Game21Test" file="/mnt/c/cygwin64/home/oleg0001/dbwebb-kurser/mvc/me/report/tests/Game21/Game21Test.php" tests="7" assertions="26" errors="0" warnings="0" failures="0" skipped="0" time="0.172148">
        <testcase name="testCreateObject" class="App\Game21\Game21Test" classname="App.Game21.Game21Test" file="/mnt/c/cygwin64/home/oleg0001/dbwebb-kurser/mvc/me/report/tests/Game21/Game21Test.php" line="18" assertions="1" time="0.010464"/>
        <testcase name="testToSession" class="App\Game21\Game21Test" classname="App.Game21.Game21Test" file="/mnt/c/cygwin64/home/oleg0001/dbwebb-kurser/mvc/me/report/tests/Game21/Game21Test.php" line="25" assertions="1" time="0.120413"/>
        <testcase name="testSet" class="App\Game21\Game21Test" classname="App.Game21.Game21Test" file="/mnt/c/cygwin64/home/oleg0001/dbwebb-kurser/mvc/me/report/tests/Game21/Game21Test.php" line="85" assertions="4" time="0.021160"/>
        <testcase name="testFirstState" class="App\Game21\Game21Test" classname="App.Game21.Game21Test" file="/mnt/c/cygwin64/home/oleg0001/dbwebb-kurser/mvc/me/report/tests/Game21/Game21Test.php" line="157" assertions="5" time="0.015820"/>
        <testcase name="testSecondState" class="App\Game21\Game21Test" classname="App.Game21.Game21Test" file="/mnt/c/cygwin64/home/oleg0001/dbwebb-kurser/mvc/me/report/tests/Game21/Game21Test.php" line="232" assertions="5" time="0.001490"/>
        <testcase name="testThirdState" class="App\Game21\Game21Test" classname="App.Game21.Game21Test" file="/mnt/c/cygwin64/home/oleg0001/dbwebb-kurser/mvc/me/report/tests/Game21/Game21Test.php" line="307" assertions="5" time="0.001366"/>
        <testcase name="testPlayerNewCard" class="App\Game21\Game21Test" classname="App.Game21.Game21Test" file="/mnt/c/cygwin64/home/oleg0001/dbwebb-kurser/mvc/me/report/tests/Game21/Game21Test.php" line="382" assertions="5" time="0.001436"/>
      </testsuite>
      <testsuite name="App\Game21\HandTest" file="/mnt/c/cygwin64/home/oleg0001/dbwebb-kurser/mvc/me/report/tests/Game21/HandTest.php" tests="6" assertions="17" errors="0" warnings="0" failures="0" skipped="0" time="0.016371">
        <testcase name="testCreateObject" class="App\Game21\HandTest" classname="App.Game21.HandTest" file="/mnt/c/cygwin64/home/oleg0001/dbwebb-kurser/mvc/me/report/tests/Game21/HandTest.php" line="15" assertions="2" time="0.000391"/>
        <testcase name="testGetPoints" class="App\Game21\HandTest" classname="App.Game21.HandTest" file="/mnt/c/cygwin64/home/oleg0001/dbwebb-kurser/mvc/me/report/tests/Game21/HandTest.php" line="40" assertions="1" time="0.000675"/>
        <testcase name="testToString" class="App\Game21\HandTest" classname="App.Game21.HandTest" file="/mnt/c/cygwin64/home/oleg0001/dbwebb-kurser/mvc/me/report/tests/Game21/HandTest.php" line="55" assertions="3" time="0.000737"/>
        <testcase name="testToArray" class="App\Game21\HandTest" classname="App.Game21.HandTest" file="/mnt/c/cygwin64/home/oleg0001/dbwebb-kurser/mvc/me/report/tests/Game21/HandTest.php" line="74" assertions="3" time="0.001025"/>
        <testcase name="testGetHand" class="App\Game21\HandTest" classname="App.Game21.HandTest" file="/mnt/c/cygwin64/home/oleg0001/dbwebb-kurser/mvc/me/report/tests/Game21/HandTest.php" line="99" assertions="3" time="0.001040"/>
        <testcase name="testSetMethod" class="App\Game21\HandTest" classname="App.Game21.HandTest" file="/mnt/c/cygwin64/home/oleg0001/dbwebb-kurser/mvc/me/report/tests/Game21/HandTest.php" line="128" assertions="5" time="0.012504"/>
      </testsuite>
      <testsuite name="App\Game21\PlayerTest" file="/mnt/c/cygwin64/home/oleg0001/dbwebb-kurser/mvc/me/report/tests/Game21/PlayerTest.php" tests="4" assertions="7" errors="0" warnings="0" failures="0" skipped="0" time="0.002219">
        <testcase name="testCreateObject" class="App\Game21\PlayerTest" classname="App.Game21.PlayerTest" file="/mnt/c/cygwin64/home/oleg0001/dbwebb-kurser/mvc/me/report/tests/Game21/PlayerTest.php" line="17" assertions="4" time="0.000627"/>
        <testcase name="testGetCard" class="App\Game21\PlayerTest" classname="App.Game21.PlayerTest" file="/mnt/c/cygwin64/home/oleg0001/dbwebb-kurser/mvc/me/report/tests/Game21/PlayerTest.php" line="34" assertions="1" time="0.000681"/>
        <testcase name="testDoBet" class="App\Game21\PlayerTest" classname="App.Game21.PlayerTest" file="/mnt/c/cygwin64/home/oleg0001/dbwebb-kurser/mvc/me/report/tests/Game21/PlayerTest.php" line="53" assertions="1" time="0.000403"/>
        <testcase name="testToArray" class="App\Game21\PlayerTest" classname="App.Game21.PlayerTest" file="/mnt/c/cygwin64/home/oleg0001/dbwebb-kurser/mvc/me/report/tests/Game21/PlayerTest.php" line="65" assertions="1" time="0.000508"/>
      </testsuite>
    </testsuite>
  </testsuite>
</testsuites>
