<?xml version="1.0" encoding="UTF-8"?>
<testsuites>
  <testsuite name="" tests="124" assertions="704" errors="0" warnings="0" failures="0" skipped="0" time="89.398668">
    <testsuite name="Project Test Suite" tests="124" assertions="704" errors="0" warnings="0" failures="0" skipped="0" time="89.398668">
      <testsuite name="App\Card\CardGraphicsTest" file="/mnt/c/cygwin64/home/oleg0001/dbwebb-kurser/mvc/me/report/tests/Card/CardGraphicsTest.php" tests="3" assertions="4" errors="0" warnings="0" failures="0" skipped="0" time="0.121485">
        <testcase name="testCreateObject" class="App\Card\CardGraphicsTest" classname="App.Card.CardGraphicsTest" file="/mnt/c/cygwin64/home/oleg0001/dbwebb-kurser/mvc/me/report/tests/Card/CardGraphicsTest.php" line="15" assertions="2" time="0.120220"/>
        <testcase name="testGetAsString" class="App\Card\CardGraphicsTest" classname="App.Card.CardGraphicsTest" file="/mnt/c/cygwin64/home/oleg0001/dbwebb-kurser/mvc/me/report/tests/Card/CardGraphicsTest.php" line="29" assertions="1" time="0.000856"/>
        <testcase name="testGetCollor" class="App\Card\CardGraphicsTest" classname="App.Card.CardGraphicsTest" file="/mnt/c/cygwin64/home/oleg0001/dbwebb-kurser/mvc/me/report/tests/Card/CardGraphicsTest.php" line="44" assertions="1" time="0.000409"/>
      </testsuite>
      <testsuite name="App\Card\CardTest" file="/mnt/c/cygwin64/home/oleg0001/dbwebb-kurser/mvc/me/report/tests/Card/CardTest.php" tests="5" assertions="16" errors="0" warnings="0" failures="0" skipped="0" time="0.071128">
        <testcase name="testCreateObject" class="App\Card\CardTest" classname="App.Card.CardTest" file="/mnt/c/cygwin64/home/oleg0001/dbwebb-kurser/mvc/me/report/tests/Card/CardTest.php" line="15" assertions="2" time="0.000391"/>
        <testcase name="testSetAndGetCard" class="App\Card\CardTest" classname="App.Card.CardTest" file="/mnt/c/cygwin64/home/oleg0001/dbwebb-kurser/mvc/me/report/tests/Card/CardTest.php" line="29" assertions="3" time="0.000386"/>
        <testcase name="testChoseAndToArray" class="App\Card\CardTest" classname="App.Card.CardTest" file="/mnt/c/cygwin64/home/oleg0001/dbwebb-kurser/mvc/me/report/tests/Card/CardTest.php" line="46" assertions="9" time="0.069573"/>
        <testcase name="testGetCard" class="App\Card\CardTest" classname="App.Card.CardTest" file="/mnt/c/cygwin64/home/oleg0001/dbwebb-kurser/mvc/me/report/tests/Card/CardTest.php" line="64" assertions="1" time="0.000383"/>
        <testcase name="testGetAsString" class="App\Card\CardTest" classname="App.Card.CardTest" file="/mnt/c/cygwin64/home/oleg0001/dbwebb-kurser/mvc/me/report/tests/Card/CardTest.php" line="76" assertions="1" time="0.000397"/>
      </testsuite>
      <testsuite name="App\Card\DeskTest" file="/mnt/c/cygwin64/home/oleg0001/dbwebb-kurser/mvc/me/report/tests/Card/DeskTest.php" tests="6" assertions="9" errors="0" warnings="0" failures="0" skipped="0" time="0.037529">
        <testcase name="testCreateObject" class="App\Card\DeskTest" classname="App.Card.DeskTest" file="/mnt/c/cygwin64/home/oleg0001/dbwebb-kurser/mvc/me/report/tests/Card/DeskTest.php" line="15" assertions="3" time="0.008939"/>
        <testcase name="testGetDesk" class="App\Card\DeskTest" classname="App.Card.DeskTest" file="/mnt/c/cygwin64/home/oleg0001/dbwebb-kurser/mvc/me/report/tests/Card/DeskTest.php" line="30" assertions="1" time="0.001005"/>
        <testcase name="testToArray" class="App\Card\DeskTest" classname="App.Card.DeskTest" file="/mnt/c/cygwin64/home/oleg0001/dbwebb-kurser/mvc/me/report/tests/Card/DeskTest.php" line="43" assertions="1" time="0.000769"/>
        <testcase name="testShuffleDesk" class="App\Card\DeskTest" classname="App.Card.DeskTest" file="/mnt/c/cygwin64/home/oleg0001/dbwebb-kurser/mvc/me/report/tests/Card/DeskTest.php" line="55" assertions="2" time="0.025401"/>
        <testcase name="testRandCard" class="App\Card\DeskTest" classname="App.Card.DeskTest" file="/mnt/c/cygwin64/home/oleg0001/dbwebb-kurser/mvc/me/report/tests/Card/DeskTest.php" line="69" assertions="1" time="0.000730"/>
        <testcase name="testCountDesk" class="App\Card\DeskTest" classname="App.Card.DeskTest" file="/mnt/c/cygwin64/home/oleg0001/dbwebb-kurser/mvc/me/report/tests/Card/DeskTest.php" line="81" assertions="1" time="0.000684"/>
      </testsuite>
      <testsuite name="App\Tests\Controller\CardPlayControllerTest" file="/mnt/c/cygwin64/home/oleg0001/dbwebb-kurser/mvc/me/report/tests/Controller/CardPlayControllerTest.php" tests="8" assertions="23" errors="0" warnings="0" failures="0" skipped="0" time="15.731003">
        <testcase name="testSession" class="App\Tests\Controller\CardPlayControllerTest" classname="App.Tests.Controller.CardPlayControllerTest" file="/mnt/c/cygwin64/home/oleg0001/dbwebb-kurser/mvc/me/report/tests/Controller/CardPlayControllerTest.php" line="15" assertions="3" time="7.496706"/>
        <testcase name="testDelate" class="App\Tests\Controller\CardPlayControllerTest" classname="App.Tests.Controller.CardPlayControllerTest" file="/mnt/c/cygwin64/home/oleg0001/dbwebb-kurser/mvc/me/report/tests/Controller/CardPlayControllerTest.php" line="27" assertions="2" time="0.518121"/>
        <testcase name="testCardPlay" class="App\Tests\Controller\CardPlayControllerTest" classname="App.Tests.Controller.CardPlayControllerTest" file="/mnt/c/cygwin64/home/oleg0001/dbwebb-kurser/mvc/me/report/tests/Controller/CardPlayControllerTest.php" line="43" assertions="5" time="0.745072"/>
        <testcase name="testOneCard" class="App\Tests\Controller\CardPlayControllerTest" classname="App.Tests.Controller.CardPlayControllerTest" file="/mnt/c/cygwin64/home/oleg0001/dbwebb-kurser/mvc/me/report/tests/Controller/CardPlayControllerTest.php" line="60" assertions="3" time="1.785037"/>
        <testcase name="testDeskCard" class="App\Tests\Controller\CardPlayControllerTest" classname="App.Tests.Controller.CardPlayControllerTest" file="/mnt/c/cygwin64/home/oleg0001/dbwebb-kurser/mvc/me/report/tests/Controller/CardPlayControllerTest.php" line="72" assertions="3" time="0.614633"/>
        <testcase name="testShuffleCard" class="App\Tests\Controller\CardPlayControllerTest" classname="App.Tests.Controller.CardPlayControllerTest" file="/mnt/c/cygwin64/home/oleg0001/dbwebb-kurser/mvc/me/report/tests/Controller/CardPlayControllerTest.php" line="84" assertions="1" time="0.560493"/>
        <testcase name="testDrawCard" class="App\Tests\Controller\CardPlayControllerTest" classname="App.Tests.Controller.CardPlayControllerTest" file="/mnt/c/cygwin64/home/oleg0001/dbwebb-kurser/mvc/me/report/tests/Controller/CardPlayControllerTest.php" line="95" assertions="3" time="2.004965"/>
        <testcase name="testDealCard" class="App\Tests\Controller\CardPlayControllerTest" classname="App.Tests.Controller.CardPlayControllerTest" file="/mnt/c/cygwin64/home/oleg0001/dbwebb-kurser/mvc/me/report/tests/Controller/CardPlayControllerTest.php" line="127" assertions="3" time="2.005975"/>
      </testsuite>
      <testsuite name="App\Tests\Controller\DiceGameControllerTest" file="/mnt/c/cygwin64/home/oleg0001/dbwebb-kurser/mvc/me/report/tests/Controller/DiceGameControllerTest.php" tests="11" assertions="31" errors="0" warnings="0" failures="0" skipped="0" time="20.860267">
        <testcase name="testRollDices" class="App\Tests\Controller\DiceGameControllerTest" classname="App.Tests.Controller.DiceGameControllerTest" file="/mnt/c/cygwin64/home/oleg0001/dbwebb-kurser/mvc/me/report/tests/Controller/DiceGameControllerTest.php" line="16" assertions="5" time="0.540939"/>
        <testcase name="testRollHandDice" class="App\Tests\Controller\DiceGameControllerTest" classname="App.Tests.Controller.DiceGameControllerTest" file="/mnt/c/cygwin64/home/oleg0001/dbwebb-kurser/mvc/me/report/tests/Controller/DiceGameControllerTest.php" line="49" assertions="2" time="0.009191"/>
        <testcase name="testHome" class="App\Tests\Controller\DiceGameControllerTest" classname="App.Tests.Controller.DiceGameControllerTest" file="/mnt/c/cygwin64/home/oleg0001/dbwebb-kurser/mvc/me/report/tests/Controller/DiceGameControllerTest.php" line="77" assertions="3" time="0.709259"/>
        <testcase name="testRoleDice" class="App\Tests\Controller\DiceGameControllerTest" classname="App.Tests.Controller.DiceGameControllerTest" file="/mnt/c/cygwin64/home/oleg0001/dbwebb-kurser/mvc/me/report/tests/Controller/DiceGameControllerTest.php" line="89" assertions="3" time="0.590270"/>
        <testcase name="testRoleDices" class="App\Tests\Controller\DiceGameControllerTest" classname="App.Tests.Controller.DiceGameControllerTest" file="/mnt/c/cygwin64/home/oleg0001/dbwebb-kurser/mvc/me/report/tests/Controller/DiceGameControllerTest.php" line="101" assertions="3" time="0.624086"/>
        <testcase name="testRoleDiceHand" class="App\Tests\Controller\DiceGameControllerTest" classname="App.Tests.Controller.DiceGameControllerTest" file="/mnt/c/cygwin64/home/oleg0001/dbwebb-kurser/mvc/me/report/tests/Controller/DiceGameControllerTest.php" line="118" assertions="3" time="0.608747"/>
        <testcase name="testInit" class="App\Tests\Controller\DiceGameControllerTest" classname="App.Tests.Controller.DiceGameControllerTest" file="/mnt/c/cygwin64/home/oleg0001/dbwebb-kurser/mvc/me/report/tests/Controller/DiceGameControllerTest.php" line="130" assertions="3" time="0.629816"/>
        <testcase name="testInitPost" class="App\Tests\Controller\DiceGameControllerTest" classname="App.Tests.Controller.DiceGameControllerTest" file="/mnt/c/cygwin64/home/oleg0001/dbwebb-kurser/mvc/me/report/tests/Controller/DiceGameControllerTest.php" line="142" assertions="4" time="2.267749"/>
        <testcase name="testPlayGet" class="App\Tests\Controller\DiceGameControllerTest" classname="App.Tests.Controller.DiceGameControllerTest" file="/mnt/c/cygwin64/home/oleg0001/dbwebb-kurser/mvc/me/report/tests/Controller/DiceGameControllerTest.php" line="162" assertions="3" time="4.417514"/>
        <testcase name="testRollRoutePost" class="App\Tests\Controller\DiceGameControllerTest" classname="App.Tests.Controller.DiceGameControllerTest" file="/mnt/c/cygwin64/home/oleg0001/dbwebb-kurser/mvc/me/report/tests/Controller/DiceGameControllerTest.php" line="218" assertions="1" time="3.420796"/>
        <testcase name="testSave" class="App\Tests\Controller\DiceGameControllerTest" classname="App.Tests.Controller.DiceGameControllerTest" file="/mnt/c/cygwin64/home/oleg0001/dbwebb-kurser/mvc/me/report/tests/Controller/DiceGameControllerTest.php" line="266" assertions="1" time="7.041900"/>
      </testsuite>
      <testsuite name="App\Tests\Controller\Game21PDFControllerTest" file="/mnt/c/cygwin64/home/oleg0001/dbwebb-kurser/mvc/me/report/tests/Controller/Game21PDFControllerTest.php" tests="7" assertions="15" errors="0" warnings="0" failures="0" skipped="0" time="13.154553">
        <testcase name="testViewDoc" class="App\Tests\Controller\Game21PDFControllerTest" classname="App.Tests.Controller.Game21PDFControllerTest" file="/mnt/c/cygwin64/home/oleg0001/dbwebb-kurser/mvc/me/report/tests/Controller/Game21PDFControllerTest.php" line="16" assertions="3" time="2.501196"/>
        <testcase name="testViewPdfFileExists" class="App\Tests\Controller\Game21PDFControllerTest" classname="App.Tests.Controller.Game21PDFControllerTest" file="/mnt/c/cygwin64/home/oleg0001/dbwebb-kurser/mvc/me/report/tests/Controller/Game21PDFControllerTest.php" line="30" assertions="3" time="0.198467"/>
        <testcase name="testViewPdfFileNotExists" class="App\Tests\Controller\Game21PDFControllerTest" classname="App.Tests.Controller.Game21PDFControllerTest" file="/mnt/c/cygwin64/home/oleg0001/dbwebb-kurser/mvc/me/report/tests/Controller/Game21PDFControllerTest.php" line="64" assertions="1" time="2.625762"/>
        <testcase name="testViewClasses" class="App\Tests\Controller\Game21PDFControllerTest" classname="App.Tests.Controller.Game21PDFControllerTest" file="/mnt/c/cygwin64/home/oleg0001/dbwebb-kurser/mvc/me/report/tests/Controller/Game21PDFControllerTest.php" line="95" assertions="3" time="0.136946"/>
        <testcase name="testViewClassesNotFound" class="App\Tests\Controller\Game21PDFControllerTest" classname="App.Tests.Controller.Game21PDFControllerTest" file="/mnt/c/cygwin64/home/oleg0001/dbwebb-kurser/mvc/me/report/tests/Controller/Game21PDFControllerTest.php" line="122" assertions="1" time="2.680145"/>
        <testcase name="testViewPseudocodeExist" class="App\Tests\Controller\Game21PDFControllerTest" classname="App.Tests.Controller.Game21PDFControllerTest" file="/mnt/c/cygwin64/home/oleg0001/dbwebb-kurser/mvc/me/report/tests/Controller/Game21PDFControllerTest.php" line="146" assertions="3" time="1.180432"/>
        <testcase name="testViewPsseudocodeNotFound" class="App\Tests\Controller\Game21PDFControllerTest" classname="App.Tests.Controller.Game21PDFControllerTest" file="/mnt/c/cygwin64/home/oleg0001/dbwebb-kurser/mvc/me/report/tests/Controller/Game21PDFControllerTest.php" line="173" assertions="1" time="3.831605"/>
      </testsuite>
      <testsuite name="App\Tests\Controller\Game21gameControllerTest" file="/mnt/c/cygwin64/home/oleg0001/dbwebb-kurser/mvc/me/report/tests/Controller/Game21gameControllerTest.php" tests="1" assertions="3" errors="0" warnings="0" failures="0" skipped="0" time="1.932166">
        <testcase name="testGameInit" class="App\Tests\Controller\Game21gameControllerTest" classname="App.Tests.Controller.Game21gameControllerTest" file="/mnt/c/cygwin64/home/oleg0001/dbwebb-kurser/mvc/me/report/tests/Controller/Game21gameControllerTest.php" line="9" assertions="3" time="1.932166"/>
      </testsuite>
      <testsuite name="App\Tests\Controller\LibraryControllerTest" file="/mnt/c/cygwin64/home/oleg0001/dbwebb-kurser/mvc/me/report/tests/Controller/LibraryControllerTest.php" tests="11" assertions="45" errors="0" warnings="0" failures="0" skipped="0" time="16.654421">
        <testcase name="testIndex" class="App\Tests\Controller\LibraryControllerTest" classname="App.Tests.Controller.LibraryControllerTest" file="/mnt/c/cygwin64/home/oleg0001/dbwebb-kurser/mvc/me/report/tests/Controller/LibraryControllerTest.php" line="45" assertions="3" time="1.957657"/>
        <testcase name="testHandleBookFormGet" class="App\Tests\Controller\LibraryControllerTest" classname="App.Tests.Controller.LibraryControllerTest" file="/mnt/c/cygwin64/home/oleg0001/dbwebb-kurser/mvc/me/report/tests/Controller/LibraryControllerTest.php" line="59" assertions="4" time="0.572441"/>
        <testcase name="testCreateBookPost" class="App\Tests\Controller\LibraryControllerTest" classname="App.Tests.Controller.LibraryControllerTest" file="/mnt/c/cygwin64/home/oleg0001/dbwebb-kurser/mvc/me/report/tests/Controller/LibraryControllerTest.php" line="70" assertions="5" time="3.321682"/>
        <testcase name="testReadChosenBook" class="App\Tests\Controller\LibraryControllerTest" classname="App.Tests.Controller.LibraryControllerTest" file="/mnt/c/cygwin64/home/oleg0001/dbwebb-kurser/mvc/me/report/tests/Controller/LibraryControllerTest.php" line="100" assertions="5" time="1.948221"/>
        <testcase name="testReadChosenBookNotFound" class="App\Tests\Controller\LibraryControllerTest" classname="App.Tests.Controller.LibraryControllerTest" file="/mnt/c/cygwin64/home/oleg0001/dbwebb-kurser/mvc/me/report/tests/Controller/LibraryControllerTest.php" line="126" assertions="3" time="2.179788"/>
        <testcase name="testReadOneBook" class="App\Tests\Controller\LibraryControllerTest" classname="App.Tests.Controller.LibraryControllerTest" file="/mnt/c/cygwin64/home/oleg0001/dbwebb-kurser/mvc/me/report/tests/Controller/LibraryControllerTest.php" line="160" assertions="5" time="2.107139"/>
        <testcase name="testSeeLibrary" class="App\Tests\Controller\LibraryControllerTest" classname="App.Tests.Controller.LibraryControllerTest" file="/mnt/c/cygwin64/home/oleg0001/dbwebb-kurser/mvc/me/report/tests/Controller/LibraryControllerTest.php" line="188" assertions="3" time="0.906304"/>
        <testcase name="testUpdateBook" class="App\Tests\Controller\LibraryControllerTest" classname="App.Tests.Controller.LibraryControllerTest" file="/mnt/c/cygwin64/home/oleg0001/dbwebb-kurser/mvc/me/report/tests/Controller/LibraryControllerTest.php" line="205" assertions="5" time="0.554289"/>
        <testcase name="testUpdateBookNotFound" class="App\Tests\Controller\LibraryControllerTest" classname="App.Tests.Controller.LibraryControllerTest" file="/mnt/c/cygwin64/home/oleg0001/dbwebb-kurser/mvc/me/report/tests/Controller/LibraryControllerTest.php" line="230" assertions="5" time="0.502683"/>
        <testcase name="testDeleteBookGet" class="App\Tests\Controller\LibraryControllerTest" classname="App.Tests.Controller.LibraryControllerTest" file="/mnt/c/cygwin64/home/oleg0001/dbwebb-kurser/mvc/me/report/tests/Controller/LibraryControllerTest.php" line="317" assertions="4" time="0.587458"/>
        <testcase name="testDeleteBookBookNotExist" class="App\Tests\Controller\LibraryControllerTest" classname="App.Tests.Controller.LibraryControllerTest" file="/mnt/c/cygwin64/home/oleg0001/dbwebb-kurser/mvc/me/report/tests/Controller/LibraryControllerTest.php" line="380" assertions="3" time="2.016759"/>
      </testsuite>
      <testsuite name="App\Tests\Controller\LuckyControllerTest" file="/mnt/c/cygwin64/home/oleg0001/dbwebb-kurser/mvc/me/report/tests/Controller/LuckyControllerTest.php" tests="5" assertions="15" errors="0" warnings="0" failures="0" skipped="0" time="4.437495">
        <testcase name="testMeController" class="App\Tests\Controller\LuckyControllerTest" classname="App.Tests.Controller.LuckyControllerTest" file="/mnt/c/cygwin64/home/oleg0001/dbwebb-kurser/mvc/me/report/tests/Controller/LuckyControllerTest.php" line="15" assertions="3" time="1.995751"/>
        <testcase name="testAboutController" class="App\Tests\Controller\LuckyControllerTest" classname="App.Tests.Controller.LuckyControllerTest" file="/mnt/c/cygwin64/home/oleg0001/dbwebb-kurser/mvc/me/report/tests/Controller/LuckyControllerTest.php" line="27" assertions="3" time="0.603247"/>
        <testcase name="testReportController" class="App\Tests\Controller\LuckyControllerTest" classname="App.Tests.Controller.LuckyControllerTest" file="/mnt/c/cygwin64/home/oleg0001/dbwebb-kurser/mvc/me/report/tests/Controller/LuckyControllerTest.php" line="39" assertions="3" time="0.659538"/>
        <testcase name="testLuckyController" class="App\Tests\Controller\LuckyControllerTest" classname="App.Tests.Controller.LuckyControllerTest" file="/mnt/c/cygwin64/home/oleg0001/dbwebb-kurser/mvc/me/report/tests/Controller/LuckyControllerTest.php" line="51" assertions="3" time="0.592373"/>
        <testcase name="testMetricsController" class="App\Tests\Controller\LuckyControllerTest" classname="App.Tests.Controller.LuckyControllerTest" file="/mnt/c/cygwin64/home/oleg0001/dbwebb-kurser/mvc/me/report/tests/Controller/LuckyControllerTest.php" line="62" assertions="3" time="0.586586"/>
      </testsuite>
      <testsuite name="App\Tests\Controller\MyJsonCardControllerTest" file="/mnt/c/cygwin64/home/oleg0001/dbwebb-kurser/mvc/me/report/tests/Controller/MyJsonCardControllerTest.php" tests="5" assertions="23" errors="0" warnings="0" failures="0" skipped="0" time="4.471633">
        <testcase name="testApiDesk" class="App\Tests\Controller\MyJsonCardControllerTest" classname="App.Tests.Controller.MyJsonCardControllerTest" file="/mnt/c/cygwin64/home/oleg0001/dbwebb-kurser/mvc/me/report/tests/Controller/MyJsonCardControllerTest.php" line="16" assertions="6" time="0.240046"/>
        <testcase name="testApiDeskShuffle" class="App\Tests\Controller\MyJsonCardControllerTest" classname="App.Tests.Controller.MyJsonCardControllerTest" file="/mnt/c/cygwin64/home/oleg0001/dbwebb-kurser/mvc/me/report/tests/Controller/MyJsonCardControllerTest.php" line="42" assertions="5" time="1.271986"/>
        <testcase name="testApiDrawDesk" class="App\Tests\Controller\MyJsonCardControllerTest" classname="App.Tests.Controller.MyJsonCardControllerTest" file="/mnt/c/cygwin64/home/oleg0001/dbwebb-kurser/mvc/me/report/tests/Controller/MyJsonCardControllerTest.php" line="68" assertions="6" time="0.209644"/>
        <testcase name="testApiDrawFlerDesk" class="App\Tests\Controller\MyJsonCardControllerTest" classname="App.Tests.Controller.MyJsonCardControllerTest" file="/mnt/c/cygwin64/home/oleg0001/dbwebb-kurser/mvc/me/report/tests/Controller/MyJsonCardControllerTest.php" line="102" assertions="4" time="1.400403">
          <system-out>Request URL: /api/deck/draw/3
Response: {"drown":[],"number":52}
</system-out>
        </testcase>
        <testcase name="testApiDealCard" class="App\Tests\Controller\MyJsonCardControllerTest" classname="App.Tests.Controller.MyJsonCardControllerTest" file="/mnt/c/cygwin64/home/oleg0001/dbwebb-kurser/mvc/me/report/tests/Controller/MyJsonCardControllerTest.php" line="139" assertions="2" time="1.349554"/>
      </testsuite>
      <testsuite name="App\Controller\MyJsonControllerTest" file="/mnt/c/cygwin64/home/oleg0001/dbwebb-kurser/mvc/me/report/tests/Controller/MyJsonControllerTest.php" tests="3" assertions="9" errors="0" warnings="0" failures="0" skipped="0" time="1.511408">
        <testcase name="testApiLanding" class="App\Controller\MyJsonControllerTest" classname="App.Controller.MyJsonControllerTest" file="/mnt/c/cygwin64/home/oleg0001/dbwebb-kurser/mvc/me/report/tests/Controller/MyJsonControllerTest.php" line="9" assertions="3" time="0.834237"/>
        <testcase name="testApiIndex" class="App\Controller\MyJsonControllerTest" classname="App.Controller.MyJsonControllerTest" file="/mnt/c/cygwin64/home/oleg0001/dbwebb-kurser/mvc/me/report/tests/Controller/MyJsonControllerTest.php" line="25" assertions="3" time="0.582917"/>
        <testcase name="testGeQuote" class="App\Controller\MyJsonControllerTest" classname="App.Controller.MyJsonControllerTest" file="/mnt/c/cygwin64/home/oleg0001/dbwebb-kurser/mvc/me/report/tests/Controller/MyJsonControllerTest.php" line="40" assertions="3" time="0.094254"/>
      </testsuite>
      <testsuite name="App\Controller\MyJsonNewControllerTest" file="/mnt/c/cygwin64/home/oleg0001/dbwebb-kurser/mvc/me/report/tests/Controller/MyJsonNewControllerTest.php" tests="4" assertions="20" errors="0" warnings="0" failures="0" skipped="0" time="4.085782">
        <testcase name="testApiGame" class="App\Controller\MyJsonNewControllerTest" classname="App.Controller.MyJsonNewControllerTest" file="/mnt/c/cygwin64/home/oleg0001/dbwebb-kurser/mvc/me/report/tests/Controller/MyJsonNewControllerTest.php" line="11" assertions="5" time="0.094605"/>
        <testcase name="testJsonLibrary" class="App\Controller\MyJsonNewControllerTest" classname="App.Controller.MyJsonNewControllerTest" file="/mnt/c/cygwin64/home/oleg0001/dbwebb-kurser/mvc/me/report/tests/Controller/MyJsonNewControllerTest.php" line="61" assertions="4" time="0.142613"/>
        <testcase name="testJsonBookByIsbnBokNotFound" class="App\Controller\MyJsonNewControllerTest" classname="App.Controller.MyJsonNewControllerTest" file="/mnt/c/cygwin64/home/oleg0001/dbwebb-kurser/mvc/me/report/tests/Controller/MyJsonNewControllerTest.php" line="92" assertions="4" time="2.040213"/>
        <testcase name="testJsonBookByIsbnBokFound" class="App\Controller\MyJsonNewControllerTest" classname="App.Controller.MyJsonNewControllerTest" file="/mnt/c/cygwin64/home/oleg0001/dbwebb-kurser/mvc/me/report/tests/Controller/MyJsonNewControllerTest.php" line="104" assertions="7" time="1.808351"/>
      </testsuite>
      <testsuite name="App\Tests\Controller\ProductControllerTest" file="/mnt/c/cygwin64/home/oleg0001/dbwebb-kurser/mvc/me/report/tests/Controller/ProductControllerTest.php" tests="7" assertions="23" errors="0" warnings="0" failures="0" skipped="0" time="4.988549">
        <testcase name="testProduct" class="App\Tests\Controller\ProductControllerTest" classname="App.Tests.Controller.ProductControllerTest" file="/mnt/c/cygwin64/home/oleg0001/dbwebb-kurser/mvc/me/report/tests/Controller/ProductControllerTest.php" line="20" assertions="3" time="0.820941"/>
        <testcase name="testCreateProduct" class="App\Tests\Controller\ProductControllerTest" classname="App.Tests.Controller.ProductControllerTest" file="/mnt/c/cygwin64/home/oleg0001/dbwebb-kurser/mvc/me/report/tests/Controller/ProductControllerTest.php" line="35" assertions="8" time="0.138143"/>
        <testcase name="testShowAllProduct" class="App\Tests\Controller\ProductControllerTest" classname="App.Tests.Controller.ProductControllerTest" file="/mnt/c/cygwin64/home/oleg0001/dbwebb-kurser/mvc/me/report/tests/Controller/ProductControllerTest.php" line="61" assertions="2" time="0.101712"/>
        <testcase name="testShowProductByID" class="App\Tests\Controller\ProductControllerTest" classname="App.Tests.Controller.ProductControllerTest" file="/mnt/c/cygwin64/home/oleg0001/dbwebb-kurser/mvc/me/report/tests/Controller/ProductControllerTest.php" line="75" assertions="3" time="0.106183"/>
        <testcase name="testDeleteProductByIDProductNotExist" class="App\Tests\Controller\ProductControllerTest" classname="App.Tests.Controller.ProductControllerTest" file="/mnt/c/cygwin64/home/oleg0001/dbwebb-kurser/mvc/me/report/tests/Controller/ProductControllerTest.php" line="91" assertions="2" time="1.227847"/>
        <testcase name="testupdateProductByIDProductNotExist" class="App\Tests\Controller\ProductControllerTest" classname="App.Tests.Controller.ProductControllerTest" file="/mnt/c/cygwin64/home/oleg0001/dbwebb-kurser/mvc/me/report/tests/Controller/ProductControllerTest.php" line="106" assertions="2" time="1.126846"/>
        <testcase name="testViewAllProduct" class="App\Tests\Controller\ProductControllerTest" classname="App.Tests.Controller.ProductControllerTest" file="/mnt/c/cygwin64/home/oleg0001/dbwebb-kurser/mvc/me/report/tests/Controller/ProductControllerTest.php" line="123" assertions="3" time="1.466878"/>
      </testsuite>
      <testsuite name="App\Dice\DiceTest" file="/mnt/c/cygwin64/home/oleg0001/dbwebb-kurser/mvc/me/report/tests/Dice/DiceTest.php" tests="1" assertions="4" errors="0" warnings="0" failures="0" skipped="0" time="0.000795">
        <testcase name="testCreateDice" class="App\Dice\DiceTest" classname="App.Dice.DiceTest" file="/mnt/c/cygwin64/home/oleg0001/dbwebb-kurser/mvc/me/report/tests/Dice/DiceTest.php" line="16" assertions="4" time="0.000795"/>
      </testsuite>
      <testsuite name="App\Dice\GraphicDiceTest" file="/mnt/c/cygwin64/home/oleg0001/dbwebb-kurser/mvc/me/report/tests/Dice/GraphicDiceTest.php" tests="2" assertions="2" errors="0" warnings="0" failures="0" skipped="0" time="0.027260">
        <testcase name="testCreateDice" class="App\Dice\GraphicDiceTest" classname="App.Dice.GraphicDiceTest" file="/mnt/c/cygwin64/home/oleg0001/dbwebb-kurser/mvc/me/report/tests/Dice/GraphicDiceTest.php" line="16" assertions="1" time="0.000704"/>
        <testcase name="testGetAsStringReturnsCorrectRepresentation" class="App\Dice\GraphicDiceTest" classname="App.Dice.GraphicDiceTest" file="/mnt/c/cygwin64/home/oleg0001/dbwebb-kurser/mvc/me/report/tests/Dice/GraphicDiceTest.php" line="27" assertions="1" time="0.026556"/>
      </testsuite>
      <testsuite name="App\Dice\HandDiceTest" file="/mnt/c/cygwin64/home/oleg0001/dbwebb-kurser/mvc/me/report/tests/Dice/HandDiceTest.php" tests="3" assertions="12" errors="0" warnings="0" failures="0" skipped="0" time="0.002827">
        <testcase name="testCreateHandDice" class="App\Dice\HandDiceTest" classname="App.Dice.HandDiceTest" file="/mnt/c/cygwin64/home/oleg0001/dbwebb-kurser/mvc/me/report/tests/Dice/HandDiceTest.php" line="16" assertions="4" time="0.000530"/>
        <testcase name="testAddRollandGetNumber" class="App\Dice\HandDiceTest" classname="App.Dice.HandDiceTest" file="/mnt/c/cygwin64/home/oleg0001/dbwebb-kurser/mvc/me/report/tests/Dice/HandDiceTest.php" line="35" assertions="4" time="0.001287"/>
        <testcase name="testgetValues" class="App\Dice\HandDiceTest" classname="App.Dice.HandDiceTest" file="/mnt/c/cygwin64/home/oleg0001/dbwebb-kurser/mvc/me/report/tests/Dice/HandDiceTest.php" line="57" assertions="4" time="0.001010"/>
      </testsuite>
      <testsuite name="App\Game21\BankTest" file="/mnt/c/cygwin64/home/oleg0001/dbwebb-kurser/mvc/me/report/tests/Game21/BankTest.php" tests="6" assertions="9" errors="0" warnings="0" failures="0" skipped="0" time="0.006676">
        <testcase name="testCreateObject" class="App\Game21\BankTest" classname="App.Game21.BankTest" file="/mnt/c/cygwin64/home/oleg0001/dbwebb-kurser/mvc/me/report/tests/Game21/BankTest.php" line="17" assertions="4" time="0.000616"/>
        <testcase name="testGetCard" class="App\Game21\BankTest" classname="App.Game21.BankTest" file="/mnt/c/cygwin64/home/oleg0001/dbwebb-kurser/mvc/me/report/tests/Game21/BankTest.php" line="34" assertions="1" time="0.001654"/>
        <testcase name="testDoBet" class="App\Game21\BankTest" classname="App.Game21.BankTest" file="/mnt/c/cygwin64/home/oleg0001/dbwebb-kurser/mvc/me/report/tests/Game21/BankTest.php" line="53" assertions="1" time="0.000537"/>
        <testcase name="testToArray" class="App\Game21\BankTest" classname="App.Game21.BankTest" file="/mnt/c/cygwin64/home/oleg0001/dbwebb-kurser/mvc/me/report/tests/Game21/BankTest.php" line="65" assertions="1" time="0.000521"/>
        <testcase name="testTakeCard" class="App\Game21\BankTest" classname="App.Game21.BankTest" file="/mnt/c/cygwin64/home/oleg0001/dbwebb-kurser/mvc/me/report/tests/Game21/BankTest.php" line="86" assertions="1" time="0.001988"/>
        <testcase name="testDealCards" class="App\Game21\BankTest" classname="App.Game21.BankTest" file="/mnt/c/cygwin64/home/oleg0001/dbwebb-kurser/mvc/me/report/tests/Game21/BankTest.php" line="111" assertions="1" time="0.001360"/>
      </testsuite>
      <testsuite name="App\Game21\CardGraphicsTest" file="/mnt/c/cygwin64/home/oleg0001/dbwebb-kurser/mvc/me/report/tests/Game21/CardGraphicsTest.php" tests="3" assertions="6" errors="0" warnings="0" failures="0" skipped="0" time="0.001947">
        <testcase name="testCreateObject" class="App\Game21\CardGraphicsTest" classname="App.Game21.CardGraphicsTest" file="/mnt/c/cygwin64/home/oleg0001/dbwebb-kurser/mvc/me/report/tests/Game21/CardGraphicsTest.php" line="15" assertions="2" time="0.000534"/>
        <testcase name="testOverridenToString" class="App\Game21\CardGraphicsTest" classname="App.Game21.CardGraphicsTest" file="/mnt/c/cygwin64/home/oleg0001/dbwebb-kurser/mvc/me/report/tests/Game21/CardGraphicsTest.php" line="29" assertions="2" time="0.000791"/>
        <testcase name="testGetCollor" class="App\Game21\CardGraphicsTest" classname="App.Game21.CardGraphicsTest" file="/mnt/c/cygwin64/home/oleg0001/dbwebb-kurser/mvc/me/report/tests/Game21/CardGraphicsTest.php" line="44" assertions="2" time="0.000622"/>
      </testsuite>
      <testsuite name="App\Game21\CardTest" file="/mnt/c/cygwin64/home/oleg0001/dbwebb-kurser/mvc/me/report/tests/Game21/CardTest.php" tests="5" assertions="17" errors="0" warnings="0" failures="0" skipped="0" time="0.003585">
        <testcase name="testCreateObject" class="App\Game21\CardTest" classname="App.Game21.CardTest" file="/mnt/c/cygwin64/home/oleg0001/dbwebb-kurser/mvc/me/report/tests/Game21/CardTest.php" line="15" assertions="2" time="0.000607"/>
        <testcase name="testSetAndToArray" class="App\Game21\CardTest" classname="App.Game21.CardTest" file="/mnt/c/cygwin64/home/oleg0001/dbwebb-kurser/mvc/me/report/tests/Game21/CardTest.php" line="29" assertions="3" time="0.000567"/>
        <testcase name="testChoseAndToArray" class="App\Game21\CardTest" classname="App.Game21.CardTest" file="/mnt/c/cygwin64/home/oleg0001/dbwebb-kurser/mvc/me/report/tests/Game21/CardTest.php" line="45" assertions="9" time="0.001109"/>
        <testcase name="testGetValue" class="App\Game21\CardTest" classname="App.Game21.CardTest" file="/mnt/c/cygwin64/home/oleg0001/dbwebb-kurser/mvc/me/report/tests/Game21/CardTest.php" line="61" assertions="2" time="0.000521"/>
        <testcase name="testGetAsString" class="App\Game21\CardTest" classname="App.Game21.CardTest" file="/mnt/c/cygwin64/home/oleg0001/dbwebb-kurser/mvc/me/report/tests/Game21/CardTest.php" line="74" assertions="1" time="0.000781"/>
      </testsuite>
      <testsuite name="App\Game21\DeskTest" file="/mnt/c/cygwin64/home/oleg0001/dbwebb-kurser/mvc/me/report/tests/Game21/DeskTest.php" tests="6" assertions="18" errors="0" warnings="0" failures="0" skipped="0" time="0.006104">
        <testcase name="testCreateObject" class="App\Game21\DeskTest" classname="App.Game21.DeskTest" file="/mnt/c/cygwin64/home/oleg0001/dbwebb-kurser/mvc/me/report/tests/Game21/DeskTest.php" line="15" assertions="2" time="0.000586"/>
        <testcase name="testFreshDesk" class="App\Game21\DeskTest" classname="App.Game21.DeskTest" file="/mnt/c/cygwin64/home/oleg0001/dbwebb-kurser/mvc/me/report/tests/Game21/DeskTest.php" line="29" assertions="3" time="0.001002"/>
        <testcase name="testToArray" class="App\Game21\DeskTest" classname="App.Game21.DeskTest" file="/mnt/c/cygwin64/home/oleg0001/dbwebb-kurser/mvc/me/report/tests/Game21/DeskTest.php" line="42" assertions="3" time="0.000997"/>
        <testcase name="testGetDesk" class="App\Game21\DeskTest" classname="App.Game21.DeskTest" file="/mnt/c/cygwin64/home/oleg0001/dbwebb-kurser/mvc/me/report/tests/Game21/DeskTest.php" line="56" assertions="4" time="0.001637"/>
        <testcase name="testShuffleDesk" class="App\Game21\DeskTest" classname="App.Game21.DeskTest" file="/mnt/c/cygwin64/home/oleg0001/dbwebb-kurser/mvc/me/report/tests/Game21/DeskTest.php" line="71" assertions="3" time="0.001293"/>
        <testcase name="testSet" class="App\Game21\DeskTest" classname="App.Game21.DeskTest" file="/mnt/c/cygwin64/home/oleg0001/dbwebb-kurser/mvc/me/report/tests/Game21/DeskTest.php" line="86" assertions="3" time="0.000588"/>
      </testsuite>
      <testsuite name="App\Game21\Game21Test" file="/mnt/c/cygwin64/home/oleg0001/dbwebb-kurser/mvc/me/report/tests/Game21/Game21Test.php" tests="7" assertions="26" errors="0" warnings="0" failures="0" skipped="0" time="0.066961">
        <testcase name="testCreateObject" class="App\Game21\Game21Test" classname="App.Game21.Game21Test" file="/mnt/c/cygwin64/home/oleg0001/dbwebb-kurser/mvc/me/report/tests/Game21/Game21Test.php" line="18" assertions="1" time="0.001056"/>
        <testcase name="testToSession" class="App\Game21\Game21Test" classname="App.Game21.Game21Test" file="/mnt/c/cygwin64/home/oleg0001/dbwebb-kurser/mvc/me/report/tests/Game21/Game21Test.php" line="25" assertions="1" time="0.033542"/>
        <testcase name="testSet" class="App\Game21\Game21Test" classname="App.Game21.Game21Test" file="/mnt/c/cygwin64/home/oleg0001/dbwebb-kurser/mvc/me/report/tests/Game21/Game21Test.php" line="85" assertions="4" time="0.025658"/>
        <testcase name="testFirstState" class="App\Game21\Game21Test" classname="App.Game21.Game21Test" file="/mnt/c/cygwin64/home/oleg0001/dbwebb-kurser/mvc/me/report/tests/Game21/Game21Test.php" line="157" assertions="5" time="0.001676"/>
        <testcase name="testSecondState" class="App\Game21\Game21Test" classname="App.Game21.Game21Test" file="/mnt/c/cygwin64/home/oleg0001/dbwebb-kurser/mvc/me/report/tests/Game21/Game21Test.php" line="232" assertions="5" time="0.001675"/>
        <testcase name="testThirdState" class="App\Game21\Game21Test" classname="App.Game21.Game21Test" file="/mnt/c/cygwin64/home/oleg0001/dbwebb-kurser/mvc/me/report/tests/Game21/Game21Test.php" line="307" assertions="5" time="0.001549"/>
        <testcase name="testPlayerNewCard" class="App\Game21\Game21Test" classname="App.Game21.Game21Test" file="/mnt/c/cygwin64/home/oleg0001/dbwebb-kurser/mvc/me/report/tests/Game21/Game21Test.php" line="382" assertions="5" time="0.001804"/>
      </testsuite>
      <testsuite name="App\Game21\HandTest" file="/mnt/c/cygwin64/home/oleg0001/dbwebb-kurser/mvc/me/report/tests/Game21/HandTest.php" tests="6" assertions="17" errors="0" warnings="0" failures="0" skipped="0" time="0.005494">
        <testcase name="testCreateObject" class="App\Game21\HandTest" classname="App.Game21.HandTest" file="/mnt/c/cygwin64/home/oleg0001/dbwebb-kurser/mvc/me/report/tests/Game21/HandTest.php" line="15" assertions="2" time="0.000640"/>
        <testcase name="testGetPoints" class="App\Game21\HandTest" classname="App.Game21.HandTest" file="/mnt/c/cygwin64/home/oleg0001/dbwebb-kurser/mvc/me/report/tests/Game21/HandTest.php" line="28" assertions="1" time="0.000826"/>
        <testcase name="testToString" class="App\Game21\HandTest" classname="App.Game21.HandTest" file="/mnt/c/cygwin64/home/oleg0001/dbwebb-kurser/mvc/me/report/tests/Game21/HandTest.php" line="43" assertions="3" time="0.001000"/>
        <testcase name="testToArray" class="App\Game21\HandTest" classname="App.Game21.HandTest" file="/mnt/c/cygwin64/home/oleg0001/dbwebb-kurser/mvc/me/report/tests/Game21/HandTest.php" line="62" assertions="3" time="0.001203"/>
        <testcase name="testGetHand" class="App\Game21\HandTest" classname="App.Game21.HandTest" file="/mnt/c/cygwin64/home/oleg0001/dbwebb-kurser/mvc/me/report/tests/Game21/HandTest.php" line="87" assertions="3" time="0.001190"/>
        <testcase name="testSetMethod" class="App\Game21\HandTest" classname="App.Game21.HandTest" file="/mnt/c/cygwin64/home/oleg0001/dbwebb-kurser/mvc/me/report/tests/Game21/HandTest.php" line="116" assertions="5" time="0.000635"/>
      </testsuite>
      <testsuite name="App\Game21\PlayerTest" file="/mnt/c/cygwin64/home/oleg0001/dbwebb-kurser/mvc/me/report/tests/Game21/PlayerTest.php" tests="4" assertions="7" errors="0" warnings="0" failures="0" skipped="0" time="0.004387">
        <testcase name="testCreateObject" class="App\Game21\PlayerTest" classname="App.Game21.PlayerTest" file="/mnt/c/cygwin64/home/oleg0001/dbwebb-kurser/mvc/me/report/tests/Game21/PlayerTest.php" line="17" assertions="4" time="0.001024"/>
        <testcase name="testGetCard" class="App\Game21\PlayerTest" classname="App.Game21.PlayerTest" file="/mnt/c/cygwin64/home/oleg0001/dbwebb-kurser/mvc/me/report/tests/Game21/PlayerTest.php" line="34" assertions="1" time="0.001644"/>
        <testcase name="testDoBet" class="App\Game21\PlayerTest" classname="App.Game21.PlayerTest" file="/mnt/c/cygwin64/home/oleg0001/dbwebb-kurser/mvc/me/report/tests/Game21/PlayerTest.php" line="52" assertions="1" time="0.000831"/>
        <testcase name="testToArray" class="App\Game21\PlayerTest" classname="App.Game21.PlayerTest" file="/mnt/c/cygwin64/home/oleg0001/dbwebb-kurser/mvc/me/report/tests/Game21/PlayerTest.php" line="64" assertions="1" time="0.000888"/>
      </testsuite>
      <testsuite name="App\Tests\Repository\BookRepositoryTest" file="/mnt/c/cygwin64/home/oleg0001/dbwebb-kurser/mvc/me/report/tests/Repository/BookRepositoryTest.php" tests="2" assertions="125" errors="0" warnings="0" failures="0" skipped="0" time="1.108309">
        <testcase name="testConstruct" class="App\Tests\Repository\BookRepositoryTest" classname="App.Tests.Repository.BookRepositoryTest" file="/mnt/c/cygwin64/home/oleg0001/dbwebb-kurser/mvc/me/report/tests/Repository/BookRepositoryTest.php" line="44" assertions="1" time="1.082677"/>
        <testcase name="testFindByIsbn" class="App\Tests\Repository\BookRepositoryTest" classname="App.Tests.Repository.BookRepositoryTest" file="/mnt/c/cygwin64/home/oleg0001/dbwebb-kurser/mvc/me/report/tests/Repository/BookRepositoryTest.php" line="53" assertions="124" time="0.025632"/>
      </testsuite>
      <testsuite name="ProductRepositoryTest" file="/mnt/c/cygwin64/home/oleg0001/dbwebb-kurser/mvc/me/report/tests/Repository/ProductRepositoryTest.php" tests="3" assertions="225" errors="0" warnings="0" failures="0" skipped="0" time="0.106903">
        <testcase name="testConstruct" class="ProductRepositoryTest" classname="ProductRepositoryTest" file="/mnt/c/cygwin64/home/oleg0001/dbwebb-kurser/mvc/me/report/tests/Repository/ProductRepositoryTest.php" line="42" assertions="1" time="0.018630"/>
        <testcase name="testFindByMinimumValue" class="ProductRepositoryTest" classname="ProductRepositoryTest" file="/mnt/c/cygwin64/home/oleg0001/dbwebb-kurser/mvc/me/report/tests/Repository/ProductRepositoryTest.php" line="51" assertions="136" time="0.027961"/>
        <testcase name="testFindByMinimumValue2" class="ProductRepositoryTest" classname="ProductRepositoryTest" file="/mnt/c/cygwin64/home/oleg0001/dbwebb-kurser/mvc/me/report/tests/Repository/ProductRepositoryTest.php" line="67" assertions="88" time="0.060312"/>
      </testsuite>
    </testsuite>
  </testsuite>
</testsuites>
