<?xml version="1.0" encoding="UTF-8"?>
<testsuites>
  <testsuite name="" tests="212" assertions="1098" errors="0" warnings="0" failures="0" skipped="0" time="110.449413">
    <testsuite name="Project Test Suite" tests="212" assertions="1098" errors="0" warnings="0" failures="0" skipped="0" time="110.449413">
      <testsuite name="App\BlackJack\BankTest" file="/mnt/c/cygwin64/home/oleg0001/dbwebb-kurser/mvc/me/report/tests/BlackJack/BankTest.php" tests="9" assertions="43" errors="0" warnings="0" failures="0" skipped="0" time="0.485042">
        <testcase name="testCreateObject" class="App\BlackJack\BankTest" classname="App.BlackJack.BankTest" file="/mnt/c/cygwin64/home/oleg0001/dbwebb-kurser/mvc/me/report/tests/BlackJack/BankTest.php" line="17" assertions="4" time="0.126337"/>
        <testcase name="testGetCard" class="App\BlackJack\BankTest" classname="App.BlackJack.BankTest" file="/mnt/c/cygwin64/home/oleg0001/dbwebb-kurser/mvc/me/report/tests/BlackJack/BankTest.php" line="43" assertions="1" time="0.313242"/>
        <testcase name="testDoBet" class="App\BlackJack\BankTest" classname="App.BlackJack.BankTest" file="/mnt/c/cygwin64/home/oleg0001/dbwebb-kurser/mvc/me/report/tests/BlackJack/BankTest.php" line="63" assertions="1" time="0.000456"/>
        <testcase name="testTakeCardIfFat" class="App\BlackJack\BankTest" classname="App.BlackJack.BankTest" file="/mnt/c/cygwin64/home/oleg0001/dbwebb-kurser/mvc/me/report/tests/BlackJack/BankTest.php" line="75" assertions="7" time="0.021629"/>
        <testcase name="testTakeCardWin" class="App\BlackJack\BankTest" classname="App.BlackJack.BankTest" file="/mnt/c/cygwin64/home/oleg0001/dbwebb-kurser/mvc/me/report/tests/BlackJack/BankTest.php" line="106" assertions="12" time="0.001222"/>
        <testcase name="testTakeCardIfBlackJack" class="App\BlackJack\BankTest" classname="App.BlackJack.BankTest" file="/mnt/c/cygwin64/home/oleg0001/dbwebb-kurser/mvc/me/report/tests/BlackJack/BankTest.php" line="153" assertions="6" time="0.011017"/>
        <testcase name="testTakeCard2" class="App\BlackJack\BankTest" classname="App.BlackJack.BankTest" file="/mnt/c/cygwin64/home/oleg0001/dbwebb-kurser/mvc/me/report/tests/BlackJack/BankTest.php" line="198" assertions="1" time="0.008615"/>
        <testcase name="testDealCards" class="App\BlackJack\BankTest" classname="App.BlackJack.BankTest" file="/mnt/c/cygwin64/home/oleg0001/dbwebb-kurser/mvc/me/report/tests/BlackJack/BankTest.php" line="223" assertions="7" time="0.001450"/>
        <testcase name="testDealCardsPlayer21" class="App\BlackJack\BankTest" classname="App.BlackJack.BankTest" file="/mnt/c/cygwin64/home/oleg0001/dbwebb-kurser/mvc/me/report/tests/BlackJack/BankTest.php" line="281" assertions="4" time="0.001073"/>
      </testsuite>
      <testsuite name="App\BlackJack\CardGraphicsTest" file="/mnt/c/cygwin64/home/oleg0001/dbwebb-kurser/mvc/me/report/tests/BlackJack/CardGraphicsTest.php" tests="5" assertions="10" errors="0" warnings="0" failures="0" skipped="0" time="0.010585">
        <testcase name="testCreateObject" class="App\BlackJack\CardGraphicsTest" classname="App.BlackJack.CardGraphicsTest" file="/mnt/c/cygwin64/home/oleg0001/dbwebb-kurser/mvc/me/report/tests/BlackJack/CardGraphicsTest.php" line="16" assertions="2" time="0.000433"/>
        <testcase name="testToString" class="App\BlackJack\CardGraphicsTest" classname="App.BlackJack.CardGraphicsTest" file="/mnt/c/cygwin64/home/oleg0001/dbwebb-kurser/mvc/me/report/tests/BlackJack/CardGraphicsTest.php" line="31" assertions="2" time="0.008866"/>
        <testcase name="testGetUrl" class="App\BlackJack\CardGraphicsTest" classname="App.BlackJack.CardGraphicsTest" file="/mnt/c/cygwin64/home/oleg0001/dbwebb-kurser/mvc/me/report/tests/BlackJack/CardGraphicsTest.php" line="46" assertions="2" time="0.000451"/>
        <testcase name="testGetValue" class="App\BlackJack\CardGraphicsTest" classname="App.BlackJack.CardGraphicsTest" file="/mnt/c/cygwin64/home/oleg0001/dbwebb-kurser/mvc/me/report/tests/BlackJack/CardGraphicsTest.php" line="63" assertions="2" time="0.000405"/>
        <testcase name="testGetFace" class="App\BlackJack\CardGraphicsTest" classname="App.BlackJack.CardGraphicsTest" file="/mnt/c/cygwin64/home/oleg0001/dbwebb-kurser/mvc/me/report/tests/BlackJack/CardGraphicsTest.php" line="77" assertions="2" time="0.000430"/>
      </testsuite>
      <testsuite name="App\BlackJack\CardTest" file="/mnt/c/cygwin64/home/oleg0001/dbwebb-kurser/mvc/me/report/tests/BlackJack/CardTest.php" tests="4" assertions="22" errors="0" warnings="0" failures="0" skipped="0" time="0.056468">
        <testcase name="testCreateObject" class="App\BlackJack\CardTest" classname="App.BlackJack.CardTest" file="/mnt/c/cygwin64/home/oleg0001/dbwebb-kurser/mvc/me/report/tests/BlackJack/CardTest.php" line="16" assertions="2" time="0.000476"/>
        <testcase name="testSetAndToArray" class="App\BlackJack\CardTest" classname="App.BlackJack.CardTest" file="/mnt/c/cygwin64/home/oleg0001/dbwebb-kurser/mvc/me/report/tests/BlackJack/CardTest.php" line="32" assertions="3" time="0.000424"/>
        <testcase name="testGetRandom" class="App\BlackJack\CardTest" classname="App.BlackJack.CardTest" file="/mnt/c/cygwin64/home/oleg0001/dbwebb-kurser/mvc/me/report/tests/BlackJack/CardTest.php" line="50" assertions="8" time="0.054857"/>
        <testcase name="testChoseAndToArray" class="App\BlackJack\CardTest" classname="App.BlackJack.CardTest" file="/mnt/c/cygwin64/home/oleg0001/dbwebb-kurser/mvc/me/report/tests/BlackJack/CardTest.php" line="67" assertions="9" time="0.000712"/>
      </testsuite>
      <testsuite name="App\BlackJack\DeskTest" file="/mnt/c/cygwin64/home/oleg0001/dbwebb-kurser/mvc/me/report/tests/BlackJack/DeskTest.php" tests="6" assertions="19" errors="0" warnings="0" failures="0" skipped="0" time="0.042559">
        <testcase name="testCreateObject" class="App\BlackJack\DeskTest" classname="App.BlackJack.DeskTest" file="/mnt/c/cygwin64/home/oleg0001/dbwebb-kurser/mvc/me/report/tests/BlackJack/DeskTest.php" line="17" assertions="2" time="0.000451"/>
        <testcase name="testFreshDesk" class="App\BlackJack\DeskTest" classname="App.BlackJack.DeskTest" file="/mnt/c/cygwin64/home/oleg0001/dbwebb-kurser/mvc/me/report/tests/BlackJack/DeskTest.php" line="33" assertions="3" time="0.028121"/>
        <testcase name="testToArray" class="App\BlackJack\DeskTest" classname="App.BlackJack.DeskTest" file="/mnt/c/cygwin64/home/oleg0001/dbwebb-kurser/mvc/me/report/tests/BlackJack/DeskTest.php" line="48" assertions="3" time="0.000959"/>
        <testcase name="testGetDesk" class="App\BlackJack\DeskTest" classname="App.BlackJack.DeskTest" file="/mnt/c/cygwin64/home/oleg0001/dbwebb-kurser/mvc/me/report/tests/BlackJack/DeskTest.php" line="64" assertions="4" time="0.001018"/>
        <testcase name="testShuffleDesk" class="App\BlackJack\DeskTest" classname="App.BlackJack.DeskTest" file="/mnt/c/cygwin64/home/oleg0001/dbwebb-kurser/mvc/me/report/tests/BlackJack/DeskTest.php" line="81" assertions="3" time="0.010916"/>
        <testcase name="testTakeCard" class="App\BlackJack\DeskTest" classname="App.BlackJack.DeskTest" file="/mnt/c/cygwin64/home/oleg0001/dbwebb-kurser/mvc/me/report/tests/BlackJack/DeskTest.php" line="116" assertions="4" time="0.001093"/>
      </testsuite>
      <testsuite name="App\BlackJack\GameInterfaceTest" file="/mnt/c/cygwin64/home/oleg0001/dbwebb-kurser/mvc/me/report/tests/BlackJack/GameInterfaceTest.php" tests="5" assertions="20" errors="0" warnings="0" failures="0" skipped="0" time="0.059718">
        <testcase name="testCreateObject" class="App\BlackJack\GameInterfaceTest" classname="App.BlackJack.GameInterfaceTest" file="/mnt/c/cygwin64/home/oleg0001/dbwebb-kurser/mvc/me/report/tests/BlackJack/GameInterfaceTest.php" line="21" assertions="6" time="0.018228"/>
        <testcase name="testBankDeal" class="App\BlackJack\GameInterfaceTest" classname="App.BlackJack.GameInterfaceTest" file="/mnt/c/cygwin64/home/oleg0001/dbwebb-kurser/mvc/me/report/tests/BlackJack/GameInterfaceTest.php" line="44" assertions="3" time="0.028360"/>
        <testcase name="testFirstDeal" class="App\BlackJack\GameInterfaceTest" classname="App.BlackJack.GameInterfaceTest" file="/mnt/c/cygwin64/home/oleg0001/dbwebb-kurser/mvc/me/report/tests/BlackJack/GameInterfaceTest.php" line="121" assertions="3" time="0.001216"/>
        <testcase name="testFirstDealBlackJack" class="App\BlackJack\GameInterfaceTest" classname="App.BlackJack.GameInterfaceTest" file="/mnt/c/cygwin64/home/oleg0001/dbwebb-kurser/mvc/me/report/tests/BlackJack/GameInterfaceTest.php" line="139" assertions="4" time="0.010651"/>
        <testcase name="testGetGame" class="App\BlackJack\GameInterfaceTest" classname="App.BlackJack.GameInterfaceTest" file="/mnt/c/cygwin64/home/oleg0001/dbwebb-kurser/mvc/me/report/tests/BlackJack/GameInterfaceTest.php" line="164" assertions="4" time="0.001262"/>
      </testsuite>
      <testsuite name="App\BlackJack\GameTest" file="/mnt/c/cygwin64/home/oleg0001/dbwebb-kurser/mvc/me/report/tests/BlackJack/GameTest.php" tests="11" assertions="28" errors="0" warnings="0" failures="0" skipped="0" time="0.017071">
        <testcase name="testCreateObject" class="App\BlackJack\GameTest" classname="App.BlackJack.GameTest" file="/mnt/c/cygwin64/home/oleg0001/dbwebb-kurser/mvc/me/report/tests/BlackJack/GameTest.php" line="22" assertions="5" time="0.001206"/>
        <testcase name="testAddPlaying" class="App\BlackJack\GameTest" classname="App.BlackJack.GameTest" file="/mnt/c/cygwin64/home/oleg0001/dbwebb-kurser/mvc/me/report/tests/BlackJack/GameTest.php" line="47" assertions="4" time="0.000907"/>
        <testcase name="testFindPlayer" class="App\BlackJack\GameTest" classname="App.BlackJack.GameTest" file="/mnt/c/cygwin64/home/oleg0001/dbwebb-kurser/mvc/me/report/tests/BlackJack/GameTest.php" line="64" assertions="1" time="0.000972"/>
        <testcase name="testGetPlaying" class="App\BlackJack\GameTest" classname="App.BlackJack.GameTest" file="/mnt/c/cygwin64/home/oleg0001/dbwebb-kurser/mvc/me/report/tests/BlackJack/GameTest.php" line="80" assertions="2" time="0.000862"/>
        <testcase name="testShuffleDesk" class="App\BlackJack\GameTest" classname="App.BlackJack.GameTest" file="/mnt/c/cygwin64/home/oleg0001/dbwebb-kurser/mvc/me/report/tests/BlackJack/GameTest.php" line="99" assertions="1" time="0.004461"/>
        <testcase name="testBankBet" class="App\BlackJack\GameTest" classname="App.BlackJack.GameTest" file="/mnt/c/cygwin64/home/oleg0001/dbwebb-kurser/mvc/me/report/tests/BlackJack/GameTest.php" line="114" assertions="3" time="0.000967"/>
        <testcase name="testBankDeal" class="App\BlackJack\GameTest" classname="App.BlackJack.GameTest" file="/mnt/c/cygwin64/home/oleg0001/dbwebb-kurser/mvc/me/report/tests/BlackJack/GameTest.php" line="127" assertions="4" time="0.002884"/>
        <testcase name="testGetBank" class="App\BlackJack\GameTest" classname="App.BlackJack.GameTest" file="/mnt/c/cygwin64/home/oleg0001/dbwebb-kurser/mvc/me/report/tests/BlackJack/GameTest.php" line="148" assertions="2" time="0.000854"/>
        <testcase name="testSetBank" class="App\BlackJack\GameTest" classname="App.BlackJack.GameTest" file="/mnt/c/cygwin64/home/oleg0001/dbwebb-kurser/mvc/me/report/tests/BlackJack/GameTest.php" line="161" assertions="3" time="0.001294"/>
        <testcase name="testGameStatus" class="App\BlackJack\GameTest" classname="App.BlackJack.GameTest" file="/mnt/c/cygwin64/home/oleg0001/dbwebb-kurser/mvc/me/report/tests/BlackJack/GameTest.php" line="180" assertions="1" time="0.001759"/>
        <testcase name="testGameStatusNoPlaying" class="App\BlackJack\GameTest" classname="App.BlackJack.GameTest" file="/mnt/c/cygwin64/home/oleg0001/dbwebb-kurser/mvc/me/report/tests/BlackJack/GameTest.php" line="214" assertions="2" time="0.000904"/>
      </testsuite>
      <testsuite name="App\BlackJack\HandTest" file="/mnt/c/cygwin64/home/oleg0001/dbwebb-kurser/mvc/me/report/tests/BlackJack/HandTest.php" tests="10" assertions="34" errors="0" warnings="0" failures="0" skipped="0" time="0.009045">
        <testcase name="testCreateObject" class="App\BlackJack\HandTest" classname="App.BlackJack.HandTest" file="/mnt/c/cygwin64/home/oleg0001/dbwebb-kurser/mvc/me/report/tests/BlackJack/HandTest.php" line="18" assertions="2" time="0.000410"/>
        <testcase name="testGetPoints" class="App\BlackJack\HandTest" classname="App.BlackJack.HandTest" file="/mnt/c/cygwin64/home/oleg0001/dbwebb-kurser/mvc/me/report/tests/BlackJack/HandTest.php" line="33" assertions="5" time="0.000571"/>
        <testcase name="testGetBlackJack" class="App\BlackJack\HandTest" classname="App.BlackJack.HandTest" file="/mnt/c/cygwin64/home/oleg0001/dbwebb-kurser/mvc/me/report/tests/BlackJack/HandTest.php" line="72" assertions="3" time="0.000484"/>
        <testcase name="testGetCardFaces" class="App\BlackJack\HandTest" classname="App.BlackJack.HandTest" file="/mnt/c/cygwin64/home/oleg0001/dbwebb-kurser/mvc/me/report/tests/BlackJack/HandTest.php" line="90" assertions="3" time="0.000785"/>
        <testcase name="testToArray" class="App\BlackJack\HandTest" classname="App.BlackJack.HandTest" file="/mnt/c/cygwin64/home/oleg0001/dbwebb-kurser/mvc/me/report/tests/BlackJack/HandTest.php" line="109" assertions="4" time="0.001371"/>
        <testcase name="testGetHand" class="App\BlackJack\HandTest" classname="App.BlackJack.HandTest" file="/mnt/c/cygwin64/home/oleg0001/dbwebb-kurser/mvc/me/report/tests/BlackJack/HandTest.php" line="138" assertions="3" time="0.000968"/>
        <testcase name="testSoft" class="App\BlackJack\HandTest" classname="App.BlackJack.HandTest" file="/mnt/c/cygwin64/home/oleg0001/dbwebb-kurser/mvc/me/report/tests/BlackJack/HandTest.php" line="200" assertions="3" time="0.001217"/>
        <testcase name="testBlackJackFalse" class="App\BlackJack\HandTest" classname="App.BlackJack.HandTest" file="/mnt/c/cygwin64/home/oleg0001/dbwebb-kurser/mvc/me/report/tests/BlackJack/HandTest.php" line="227" assertions="4" time="0.001288"/>
        <testcase name="testBlackJackTrue" class="App\BlackJack\HandTest" classname="App.BlackJack.HandTest" file="/mnt/c/cygwin64/home/oleg0001/dbwebb-kurser/mvc/me/report/tests/BlackJack/HandTest.php" line="256" assertions="4" time="0.001456"/>
        <testcase name="testSplitHand" class="App\BlackJack\HandTest" classname="App.BlackJack.HandTest" file="/mnt/c/cygwin64/home/oleg0001/dbwebb-kurser/mvc/me/report/tests/BlackJack/HandTest.php" line="285" assertions="3" time="0.000495"/>
      </testsuite>
      <testsuite name="App\BlackJack\PersonTest" file="/mnt/c/cygwin64/home/oleg0001/dbwebb-kurser/mvc/me/report/tests/BlackJack/PersonTest.php" tests="8" assertions="21" errors="0" warnings="0" failures="0" skipped="0" time="0.005164">
        <testcase name="testCreateObject" class="App\BlackJack\PersonTest" classname="App.BlackJack.PersonTest" file="/mnt/c/cygwin64/home/oleg0001/dbwebb-kurser/mvc/me/report/tests/BlackJack/PersonTest.php" line="19" assertions="6" time="0.000528"/>
        <testcase name="testGetCard" class="App\BlackJack\PersonTest" classname="App.BlackJack.PersonTest" file="/mnt/c/cygwin64/home/oleg0001/dbwebb-kurser/mvc/me/report/tests/BlackJack/PersonTest.php" line="38" assertions="1" time="0.000798"/>
        <testcase name="testGetStatus" class="App\BlackJack\PersonTest" classname="App.BlackJack.PersonTest" file="/mnt/c/cygwin64/home/oleg0001/dbwebb-kurser/mvc/me/report/tests/BlackJack/PersonTest.php" line="57" assertions="4" time="0.001232"/>
        <testcase name="testSetStatus" class="App\BlackJack\PersonTest" classname="App.BlackJack.PersonTest" file="/mnt/c/cygwin64/home/oleg0001/dbwebb-kurser/mvc/me/report/tests/BlackJack/PersonTest.php" line="96" assertions="3" time="0.000541"/>
        <testcase name="testSetGetName" class="App\BlackJack\PersonTest" classname="App.BlackJack.PersonTest" file="/mnt/c/cygwin64/home/oleg0001/dbwebb-kurser/mvc/me/report/tests/BlackJack/PersonTest.php" line="116" assertions="3" time="0.000553"/>
        <testcase name="testDoBetAndGetBet" class="App\BlackJack\PersonTest" classname="App.BlackJack.PersonTest" file="/mnt/c/cygwin64/home/oleg0001/dbwebb-kurser/mvc/me/report/tests/BlackJack/PersonTest.php" line="134" assertions="2" time="0.000527"/>
        <testcase name="testPoints" class="App\BlackJack\PersonTest" classname="App.BlackJack.PersonTest" file="/mnt/c/cygwin64/home/oleg0001/dbwebb-kurser/mvc/me/report/tests/BlackJack/PersonTest.php" line="149" assertions="1" time="0.000479"/>
        <testcase name="testBlackJack" class="App\BlackJack\PersonTest" classname="App.BlackJack.PersonTest" file="/mnt/c/cygwin64/home/oleg0001/dbwebb-kurser/mvc/me/report/tests/BlackJack/PersonTest.php" line="167" assertions="1" time="0.000507"/>
      </testsuite>
      <testsuite name="App\BlackJack\PlayerTest" file="/mnt/c/cygwin64/home/oleg0001/dbwebb-kurser/mvc/me/report/tests/BlackJack/PlayerTest.php" tests="15" assertions="46" errors="0" warnings="0" failures="0" skipped="0" time="0.031158">
        <testcase name="testCreateObject" class="App\BlackJack\PlayerTest" classname="App.BlackJack.PlayerTest" file="/mnt/c/cygwin64/home/oleg0001/dbwebb-kurser/mvc/me/report/tests/BlackJack/PlayerTest.php" line="19" assertions="9" time="0.000994"/>
        <testcase name="testGetCard" class="App\BlackJack\PlayerTest" classname="App.BlackJack.PlayerTest" file="/mnt/c/cygwin64/home/oleg0001/dbwebb-kurser/mvc/me/report/tests/BlackJack/PlayerTest.php" line="54" assertions="1" time="0.000801"/>
        <testcase name="testGetStatus" class="App\BlackJack\PlayerTest" classname="App.BlackJack.PlayerTest" file="/mnt/c/cygwin64/home/oleg0001/dbwebb-kurser/mvc/me/report/tests/BlackJack/PlayerTest.php" line="73" assertions="3" time="0.001270"/>
        <testcase name="testSetStatus" class="App\BlackJack\PlayerTest" classname="App.BlackJack.PlayerTest" file="/mnt/c/cygwin64/home/oleg0001/dbwebb-kurser/mvc/me/report/tests/BlackJack/PlayerTest.php" line="115" assertions="2" time="0.000842"/>
        <testcase name="testSetGetName" class="App\BlackJack\PlayerTest" classname="App.BlackJack.PlayerTest" file="/mnt/c/cygwin64/home/oleg0001/dbwebb-kurser/mvc/me/report/tests/BlackJack/PlayerTest.php" line="133" assertions="2" time="0.000503"/>
        <testcase name="testDoBetAndGetBet" class="App\BlackJack\PlayerTest" classname="App.BlackJack.PlayerTest" file="/mnt/c/cygwin64/home/oleg0001/dbwebb-kurser/mvc/me/report/tests/BlackJack/PlayerTest.php" line="149" assertions="2" time="0.000581"/>
        <testcase name="testPoints" class="App\BlackJack\PlayerTest" classname="App.BlackJack.PlayerTest" file="/mnt/c/cygwin64/home/oleg0001/dbwebb-kurser/mvc/me/report/tests/BlackJack/PlayerTest.php" line="164" assertions="1" time="0.000480"/>
        <testcase name="testGetHand" class="App\BlackJack\PlayerTest" classname="App.BlackJack.PlayerTest" file="/mnt/c/cygwin64/home/oleg0001/dbwebb-kurser/mvc/me/report/tests/BlackJack/PlayerTest.php" line="182" assertions="3" time="0.021647"/>
        <testcase name="testBlackJack" class="App\BlackJack\PlayerTest" classname="App.BlackJack.PlayerTest" file="/mnt/c/cygwin64/home/oleg0001/dbwebb-kurser/mvc/me/report/tests/BlackJack/PlayerTest.php" line="204" assertions="1" time="0.000530"/>
        <testcase name="testInsurance" class="App\BlackJack\PlayerTest" classname="App.BlackJack.PlayerTest" file="/mnt/c/cygwin64/home/oleg0001/dbwebb-kurser/mvc/me/report/tests/BlackJack/PlayerTest.php" line="220" assertions="2" time="0.000709"/>
        <testcase name="testSpli" class="App\BlackJack\PlayerTest" classname="App.BlackJack.PlayerTest" file="/mnt/c/cygwin64/home/oleg0001/dbwebb-kurser/mvc/me/report/tests/BlackJack/PlayerTest.php" line="233" assertions="3" time="0.000685"/>
        <testcase name="testWinGame" class="App\BlackJack\PlayerTest" classname="App.BlackJack.PlayerTest" file="/mnt/c/cygwin64/home/oleg0001/dbwebb-kurser/mvc/me/report/tests/BlackJack/PlayerTest.php" line="256" assertions="3" time="0.000455"/>
        <testcase name="testLoosGame" class="App\BlackJack\PlayerTest" classname="App.BlackJack.PlayerTest" file="/mnt/c/cygwin64/home/oleg0001/dbwebb-kurser/mvc/me/report/tests/BlackJack/PlayerTest.php" line="271" assertions="3" time="0.000476"/>
        <testcase name="testSplitHandCanSplit" class="App\BlackJack\PlayerTest" classname="App.BlackJack.PlayerTest" file="/mnt/c/cygwin64/home/oleg0001/dbwebb-kurser/mvc/me/report/tests/BlackJack/PlayerTest.php" line="286" assertions="6" time="0.000591"/>
        <testcase name="testSplitHandCanNot" class="App\BlackJack\PlayerTest" classname="App.BlackJack.PlayerTest" file="/mnt/c/cygwin64/home/oleg0001/dbwebb-kurser/mvc/me/report/tests/BlackJack/PlayerTest.php" line="312" assertions="5" time="0.000595"/>
      </testsuite>
      <testsuite name="App\BlackJack\WinstCounterTest" file="/mnt/c/cygwin64/home/oleg0001/dbwebb-kurser/mvc/me/report/tests/BlackJack/WinstCounterTest.php" tests="10" assertions="66" errors="0" warnings="0" failures="0" skipped="0" time="0.038953">
        <testcase name="testCreateObject" class="App\BlackJack\WinstCounterTest" classname="App.BlackJack.WinstCounterTest" file="/mnt/c/cygwin64/home/oleg0001/dbwebb-kurser/mvc/me/report/tests/BlackJack/WinstCounterTest.php" line="21" assertions="6" time="0.010807"/>
        <testcase name="testBankDeal" class="App\BlackJack\WinstCounterTest" classname="App.BlackJack.WinstCounterTest" file="/mnt/c/cygwin64/home/oleg0001/dbwebb-kurser/mvc/me/report/tests/BlackJack/WinstCounterTest.php" line="44" assertions="3" time="0.001480"/>
        <testcase name="testFirstDeal" class="App\BlackJack\WinstCounterTest" classname="App.BlackJack.WinstCounterTest" file="/mnt/c/cygwin64/home/oleg0001/dbwebb-kurser/mvc/me/report/tests/BlackJack/WinstCounterTest.php" line="121" assertions="3" time="0.001322"/>
        <testcase name="testFirstDealBlackJack" class="App\BlackJack\WinstCounterTest" classname="App.BlackJack.WinstCounterTest" file="/mnt/c/cygwin64/home/oleg0001/dbwebb-kurser/mvc/me/report/tests/BlackJack/WinstCounterTest.php" line="139" assertions="4" time="0.001847"/>
        <testcase name="testGetGame" class="App\BlackJack\WinstCounterTest" classname="App.BlackJack.WinstCounterTest" file="/mnt/c/cygwin64/home/oleg0001/dbwebb-kurser/mvc/me/report/tests/BlackJack/WinstCounterTest.php" line="164" assertions="4" time="0.001375"/>
        <testcase name="testFinish" class="App\BlackJack\WinstCounterTest" classname="App.BlackJack.WinstCounterTest" file="/mnt/c/cygwin64/home/oleg0001/dbwebb-kurser/mvc/me/report/tests/BlackJack/WinstCounterTest.php" line="186" assertions="12" time="0.015329"/>
        <testcase name="testCountWinstBankBJ" class="App\BlackJack\WinstCounterTest" classname="App.BlackJack.WinstCounterTest" file="/mnt/c/cygwin64/home/oleg0001/dbwebb-kurser/mvc/me/report/tests/BlackJack/WinstCounterTest.php" line="284" assertions="7" time="0.001578"/>
        <testcase name="testCountWinstBAnkWin" class="App\BlackJack\WinstCounterTest" classname="App.BlackJack.WinstCounterTest" file="/mnt/c/cygwin64/home/oleg0001/dbwebb-kurser/mvc/me/report/tests/BlackJack/WinstCounterTest.php" line="380" assertions="7" time="0.001616"/>
        <testcase name="testCountWinstBankPlaying" class="App\BlackJack\WinstCounterTest" classname="App.BlackJack.WinstCounterTest" file="/mnt/c/cygwin64/home/oleg0001/dbwebb-kurser/mvc/me/report/tests/BlackJack/WinstCounterTest.php" line="478" assertions="9" time="0.001742"/>
        <testcase name="testCountWinstBankFat" class="App\BlackJack\WinstCounterTest" classname="App.BlackJack.WinstCounterTest" file="/mnt/c/cygwin64/home/oleg0001/dbwebb-kurser/mvc/me/report/tests/BlackJack/WinstCounterTest.php" line="598" assertions="11" time="0.001859"/>
      </testsuite>
      <testsuite name="App\Card\CardGraphicsTest" file="/mnt/c/cygwin64/home/oleg0001/dbwebb-kurser/mvc/me/report/tests/Card/CardGraphicsTest.php" tests="3" assertions="4" errors="0" warnings="0" failures="0" skipped="0" time="0.020494">
        <testcase name="testCreateObject" class="App\Card\CardGraphicsTest" classname="App.Card.CardGraphicsTest" file="/mnt/c/cygwin64/home/oleg0001/dbwebb-kurser/mvc/me/report/tests/Card/CardGraphicsTest.php" line="15" assertions="2" time="0.019544"/>
        <testcase name="testGetAsString" class="App\Card\CardGraphicsTest" classname="App.Card.CardGraphicsTest" file="/mnt/c/cygwin64/home/oleg0001/dbwebb-kurser/mvc/me/report/tests/Card/CardGraphicsTest.php" line="29" assertions="1" time="0.000528"/>
        <testcase name="testGetCollor" class="App\Card\CardGraphicsTest" classname="App.Card.CardGraphicsTest" file="/mnt/c/cygwin64/home/oleg0001/dbwebb-kurser/mvc/me/report/tests/Card/CardGraphicsTest.php" line="44" assertions="1" time="0.000422"/>
      </testsuite>
      <testsuite name="App\Card\CardTest" file="/mnt/c/cygwin64/home/oleg0001/dbwebb-kurser/mvc/me/report/tests/Card/CardTest.php" tests="5" assertions="16" errors="0" warnings="0" failures="0" skipped="0" time="0.002345">
        <testcase name="testCreateObject" class="App\Card\CardTest" classname="App.Card.CardTest" file="/mnt/c/cygwin64/home/oleg0001/dbwebb-kurser/mvc/me/report/tests/Card/CardTest.php" line="15" assertions="2" time="0.000431"/>
        <testcase name="testSetAndGetCard" class="App\Card\CardTest" classname="App.Card.CardTest" file="/mnt/c/cygwin64/home/oleg0001/dbwebb-kurser/mvc/me/report/tests/Card/CardTest.php" line="29" assertions="3" time="0.000419"/>
        <testcase name="testChoseAndToArray" class="App\Card\CardTest" classname="App.Card.CardTest" file="/mnt/c/cygwin64/home/oleg0001/dbwebb-kurser/mvc/me/report/tests/Card/CardTest.php" line="46" assertions="9" time="0.000695"/>
        <testcase name="testGetCard" class="App\Card\CardTest" classname="App.Card.CardTest" file="/mnt/c/cygwin64/home/oleg0001/dbwebb-kurser/mvc/me/report/tests/Card/CardTest.php" line="64" assertions="1" time="0.000396"/>
        <testcase name="testGetAsString" class="App\Card\CardTest" classname="App.Card.CardTest" file="/mnt/c/cygwin64/home/oleg0001/dbwebb-kurser/mvc/me/report/tests/Card/CardTest.php" line="76" assertions="1" time="0.000405"/>
      </testsuite>
      <testsuite name="App\Card\DeskTest" file="/mnt/c/cygwin64/home/oleg0001/dbwebb-kurser/mvc/me/report/tests/Card/DeskTest.php" tests="6" assertions="9" errors="0" warnings="0" failures="0" skipped="0" time="0.015010">
        <testcase name="testCreateObject" class="App\Card\DeskTest" classname="App.Card.DeskTest" file="/mnt/c/cygwin64/home/oleg0001/dbwebb-kurser/mvc/me/report/tests/Card/DeskTest.php" line="15" assertions="3" time="0.010381"/>
        <testcase name="testGetDesk" class="App\Card\DeskTest" classname="App.Card.DeskTest" file="/mnt/c/cygwin64/home/oleg0001/dbwebb-kurser/mvc/me/report/tests/Card/DeskTest.php" line="30" assertions="1" time="0.001015"/>
        <testcase name="testToArray" class="App\Card\DeskTest" classname="App.Card.DeskTest" file="/mnt/c/cygwin64/home/oleg0001/dbwebb-kurser/mvc/me/report/tests/Card/DeskTest.php" line="43" assertions="1" time="0.000830"/>
        <testcase name="testShuffleDesk" class="App\Card\DeskTest" classname="App.Card.DeskTest" file="/mnt/c/cygwin64/home/oleg0001/dbwebb-kurser/mvc/me/report/tests/Card/DeskTest.php" line="55" assertions="2" time="0.000900"/>
        <testcase name="testRandCard" class="App\Card\DeskTest" classname="App.Card.DeskTest" file="/mnt/c/cygwin64/home/oleg0001/dbwebb-kurser/mvc/me/report/tests/Card/DeskTest.php" line="69" assertions="1" time="0.000901"/>
        <testcase name="testCountDesk" class="App\Card\DeskTest" classname="App.Card.DeskTest" file="/mnt/c/cygwin64/home/oleg0001/dbwebb-kurser/mvc/me/report/tests/Card/DeskTest.php" line="81" assertions="1" time="0.000983"/>
      </testsuite>
      <testsuite name="App\Tests\Controller\CardPlayControllerTest" file="/mnt/c/cygwin64/home/oleg0001/dbwebb-kurser/mvc/me/report/tests/Controller/CardPlayControllerTest.php" tests="8" assertions="23" errors="0" warnings="0" failures="0" skipped="0" time="28.364820">
        <testcase name="testSession" class="App\Tests\Controller\CardPlayControllerTest" classname="App.Tests.Controller.CardPlayControllerTest" file="/mnt/c/cygwin64/home/oleg0001/dbwebb-kurser/mvc/me/report/tests/Controller/CardPlayControllerTest.php" line="15" assertions="3" time="16.050022"/>
        <testcase name="testDelate" class="App\Tests\Controller\CardPlayControllerTest" classname="App.Tests.Controller.CardPlayControllerTest" file="/mnt/c/cygwin64/home/oleg0001/dbwebb-kurser/mvc/me/report/tests/Controller/CardPlayControllerTest.php" line="27" assertions="2" time="2.621394"/>
        <testcase name="testCardPlay" class="App\Tests\Controller\CardPlayControllerTest" classname="App.Tests.Controller.CardPlayControllerTest" file="/mnt/c/cygwin64/home/oleg0001/dbwebb-kurser/mvc/me/report/tests/Controller/CardPlayControllerTest.php" line="43" assertions="5" time="0.896201"/>
        <testcase name="testOneCard" class="App\Tests\Controller\CardPlayControllerTest" classname="App.Tests.Controller.CardPlayControllerTest" file="/mnt/c/cygwin64/home/oleg0001/dbwebb-kurser/mvc/me/report/tests/Controller/CardPlayControllerTest.php" line="60" assertions="3" time="2.290712"/>
        <testcase name="testDeskCard" class="App\Tests\Controller\CardPlayControllerTest" classname="App.Tests.Controller.CardPlayControllerTest" file="/mnt/c/cygwin64/home/oleg0001/dbwebb-kurser/mvc/me/report/tests/Controller/CardPlayControllerTest.php" line="72" assertions="3" time="0.704537"/>
        <testcase name="testShuffleCard" class="App\Tests\Controller\CardPlayControllerTest" classname="App.Tests.Controller.CardPlayControllerTest" file="/mnt/c/cygwin64/home/oleg0001/dbwebb-kurser/mvc/me/report/tests/Controller/CardPlayControllerTest.php" line="84" assertions="1" time="0.557014"/>
        <testcase name="testDrawCard" class="App\Tests\Controller\CardPlayControllerTest" classname="App.Tests.Controller.CardPlayControllerTest" file="/mnt/c/cygwin64/home/oleg0001/dbwebb-kurser/mvc/me/report/tests/Controller/CardPlayControllerTest.php" line="95" assertions="3" time="2.644801"/>
        <testcase name="testDealCard" class="App\Tests\Controller\CardPlayControllerTest" classname="App.Tests.Controller.CardPlayControllerTest" file="/mnt/c/cygwin64/home/oleg0001/dbwebb-kurser/mvc/me/report/tests/Controller/CardPlayControllerTest.php" line="127" assertions="3" time="2.600138"/>
      </testsuite>
      <testsuite name="App\Tests\Controller\DiceGameControllerTest" file="/mnt/c/cygwin64/home/oleg0001/dbwebb-kurser/mvc/me/report/tests/Controller/DiceGameControllerTest.php" tests="11" assertions="31" errors="0" warnings="0" failures="0" skipped="0" time="14.426461">
        <testcase name="testRollDices" class="App\Tests\Controller\DiceGameControllerTest" classname="App.Tests.Controller.DiceGameControllerTest" file="/mnt/c/cygwin64/home/oleg0001/dbwebb-kurser/mvc/me/report/tests/Controller/DiceGameControllerTest.php" line="16" assertions="5" time="0.046377"/>
        <testcase name="testRollHandDice" class="App\Tests\Controller\DiceGameControllerTest" classname="App.Tests.Controller.DiceGameControllerTest" file="/mnt/c/cygwin64/home/oleg0001/dbwebb-kurser/mvc/me/report/tests/Controller/DiceGameControllerTest.php" line="49" assertions="2" time="0.009004"/>
        <testcase name="testHome" class="App\Tests\Controller\DiceGameControllerTest" classname="App.Tests.Controller.DiceGameControllerTest" file="/mnt/c/cygwin64/home/oleg0001/dbwebb-kurser/mvc/me/report/tests/Controller/DiceGameControllerTest.php" line="77" assertions="3" time="0.790639"/>
        <testcase name="testRoleDice" class="App\Tests\Controller\DiceGameControllerTest" classname="App.Tests.Controller.DiceGameControllerTest" file="/mnt/c/cygwin64/home/oleg0001/dbwebb-kurser/mvc/me/report/tests/Controller/DiceGameControllerTest.php" line="89" assertions="3" time="0.720594"/>
        <testcase name="testRoleDices" class="App\Tests\Controller\DiceGameControllerTest" classname="App.Tests.Controller.DiceGameControllerTest" file="/mnt/c/cygwin64/home/oleg0001/dbwebb-kurser/mvc/me/report/tests/Controller/DiceGameControllerTest.php" line="101" assertions="3" time="0.844335"/>
        <testcase name="testRoleDiceHand" class="App\Tests\Controller\DiceGameControllerTest" classname="App.Tests.Controller.DiceGameControllerTest" file="/mnt/c/cygwin64/home/oleg0001/dbwebb-kurser/mvc/me/report/tests/Controller/DiceGameControllerTest.php" line="118" assertions="3" time="0.733220"/>
        <testcase name="testInit" class="App\Tests\Controller\DiceGameControllerTest" classname="App.Tests.Controller.DiceGameControllerTest" file="/mnt/c/cygwin64/home/oleg0001/dbwebb-kurser/mvc/me/report/tests/Controller/DiceGameControllerTest.php" line="130" assertions="3" time="0.969311"/>
        <testcase name="testInitPost" class="App\Tests\Controller\DiceGameControllerTest" classname="App.Tests.Controller.DiceGameControllerTest" file="/mnt/c/cygwin64/home/oleg0001/dbwebb-kurser/mvc/me/report/tests/Controller/DiceGameControllerTest.php" line="142" assertions="4" time="2.937107"/>
        <testcase name="testPlayGet" class="App\Tests\Controller\DiceGameControllerTest" classname="App.Tests.Controller.DiceGameControllerTest" file="/mnt/c/cygwin64/home/oleg0001/dbwebb-kurser/mvc/me/report/tests/Controller/DiceGameControllerTest.php" line="162" assertions="3" time="3.205175"/>
        <testcase name="testRollRoutePost" class="App\Tests\Controller\DiceGameControllerTest" classname="App.Tests.Controller.DiceGameControllerTest" file="/mnt/c/cygwin64/home/oleg0001/dbwebb-kurser/mvc/me/report/tests/Controller/DiceGameControllerTest.php" line="208" assertions="1" time="1.245436"/>
        <testcase name="testSave" class="App\Tests\Controller\DiceGameControllerTest" classname="App.Tests.Controller.DiceGameControllerTest" file="/mnt/c/cygwin64/home/oleg0001/dbwebb-kurser/mvc/me/report/tests/Controller/DiceGameControllerTest.php" line="256" assertions="1" time="2.925264"/>
      </testsuite>
      <testsuite name="App\Tests\Controller\Game21PDFControllerTest" file="/mnt/c/cygwin64/home/oleg0001/dbwebb-kurser/mvc/me/report/tests/Controller/Game21PDFControllerTest.php" tests="7" assertions="15" errors="0" warnings="0" failures="0" skipped="0" time="14.148799">
        <testcase name="testViewDoc" class="App\Tests\Controller\Game21PDFControllerTest" classname="App.Tests.Controller.Game21PDFControllerTest" file="/mnt/c/cygwin64/home/oleg0001/dbwebb-kurser/mvc/me/report/tests/Controller/Game21PDFControllerTest.php" line="16" assertions="3" time="2.247979"/>
        <testcase name="testViewPdfFileExists" class="App\Tests\Controller\Game21PDFControllerTest" classname="App.Tests.Controller.Game21PDFControllerTest" file="/mnt/c/cygwin64/home/oleg0001/dbwebb-kurser/mvc/me/report/tests/Controller/Game21PDFControllerTest.php" line="30" assertions="3" time="0.249977"/>
        <testcase name="testViewPdfFileNotExists" class="App\Tests\Controller\Game21PDFControllerTest" classname="App.Tests.Controller.Game21PDFControllerTest" file="/mnt/c/cygwin64/home/oleg0001/dbwebb-kurser/mvc/me/report/tests/Controller/Game21PDFControllerTest.php" line="64" assertions="1" time="3.019781"/>
        <testcase name="testViewClasses" class="App\Tests\Controller\Game21PDFControllerTest" classname="App.Tests.Controller.Game21PDFControllerTest" file="/mnt/c/cygwin64/home/oleg0001/dbwebb-kurser/mvc/me/report/tests/Controller/Game21PDFControllerTest.php" line="95" assertions="3" time="0.268398"/>
        <testcase name="testViewClassesNotFound" class="App\Tests\Controller\Game21PDFControllerTest" classname="App.Tests.Controller.Game21PDFControllerTest" file="/mnt/c/cygwin64/home/oleg0001/dbwebb-kurser/mvc/me/report/tests/Controller/Game21PDFControllerTest.php" line="122" assertions="1" time="2.711663"/>
        <testcase name="testViewPseudocodeExist" class="App\Tests\Controller\Game21PDFControllerTest" classname="App.Tests.Controller.Game21PDFControllerTest" file="/mnt/c/cygwin64/home/oleg0001/dbwebb-kurser/mvc/me/report/tests/Controller/Game21PDFControllerTest.php" line="146" assertions="3" time="1.262392"/>
        <testcase name="testViewPsseudocodeNotFound" class="App\Tests\Controller\Game21PDFControllerTest" classname="App.Tests.Controller.Game21PDFControllerTest" file="/mnt/c/cygwin64/home/oleg0001/dbwebb-kurser/mvc/me/report/tests/Controller/Game21PDFControllerTest.php" line="173" assertions="1" time="4.388608"/>
      </testsuite>
      <testsuite name="App\Tests\Controller\Game21gameControllerTest" file="/mnt/c/cygwin64/home/oleg0001/dbwebb-kurser/mvc/me/report/tests/Controller/Game21gameControllerTest.php" tests="1" assertions="3" errors="0" warnings="0" failures="0" skipped="0" time="2.515196">
        <testcase name="testGameInit" class="App\Tests\Controller\Game21gameControllerTest" classname="App.Tests.Controller.Game21gameControllerTest" file="/mnt/c/cygwin64/home/oleg0001/dbwebb-kurser/mvc/me/report/tests/Controller/Game21gameControllerTest.php" line="9" assertions="3" time="2.515196"/>
      </testsuite>
      <testsuite name="App\Tests\Controller\LibraryControllerTest" file="/mnt/c/cygwin64/home/oleg0001/dbwebb-kurser/mvc/me/report/tests/Controller/LibraryControllerTest.php" tests="11" assertions="45" errors="0" warnings="0" failures="0" skipped="0" time="19.212632">
        <testcase name="testIndex" class="App\Tests\Controller\LibraryControllerTest" classname="App.Tests.Controller.LibraryControllerTest" file="/mnt/c/cygwin64/home/oleg0001/dbwebb-kurser/mvc/me/report/tests/Controller/LibraryControllerTest.php" line="50" assertions="3" time="2.404116"/>
        <testcase name="testHandleBookFormGet" class="App\Tests\Controller\LibraryControllerTest" classname="App.Tests.Controller.LibraryControllerTest" file="/mnt/c/cygwin64/home/oleg0001/dbwebb-kurser/mvc/me/report/tests/Controller/LibraryControllerTest.php" line="64" assertions="4" time="1.194157"/>
        <testcase name="testCreateBookPost" class="App\Tests\Controller\LibraryControllerTest" classname="App.Tests.Controller.LibraryControllerTest" file="/mnt/c/cygwin64/home/oleg0001/dbwebb-kurser/mvc/me/report/tests/Controller/LibraryControllerTest.php" line="75" assertions="5" time="3.957838"/>
        <testcase name="testReadChosenBook" class="App\Tests\Controller\LibraryControllerTest" classname="App.Tests.Controller.LibraryControllerTest" file="/mnt/c/cygwin64/home/oleg0001/dbwebb-kurser/mvc/me/report/tests/Controller/LibraryControllerTest.php" line="105" assertions="5" time="2.041358"/>
        <testcase name="testReadChosenBookNotFound" class="App\Tests\Controller\LibraryControllerTest" classname="App.Tests.Controller.LibraryControllerTest" file="/mnt/c/cygwin64/home/oleg0001/dbwebb-kurser/mvc/me/report/tests/Controller/LibraryControllerTest.php" line="130" assertions="3" time="2.446643"/>
        <testcase name="testReadOneBook" class="App\Tests\Controller\LibraryControllerTest" classname="App.Tests.Controller.LibraryControllerTest" file="/mnt/c/cygwin64/home/oleg0001/dbwebb-kurser/mvc/me/report/tests/Controller/LibraryControllerTest.php" line="164" assertions="5" time="2.063393"/>
        <testcase name="testSeeLibrary" class="App\Tests\Controller\LibraryControllerTest" classname="App.Tests.Controller.LibraryControllerTest" file="/mnt/c/cygwin64/home/oleg0001/dbwebb-kurser/mvc/me/report/tests/Controller/LibraryControllerTest.php" line="189" assertions="3" time="0.784122"/>
        <testcase name="testUpdateBook" class="App\Tests\Controller\LibraryControllerTest" classname="App.Tests.Controller.LibraryControllerTest" file="/mnt/c/cygwin64/home/oleg0001/dbwebb-kurser/mvc/me/report/tests/Controller/LibraryControllerTest.php" line="206" assertions="5" time="0.627043"/>
        <testcase name="testUpdateBookNotFound" class="App\Tests\Controller\LibraryControllerTest" classname="App.Tests.Controller.LibraryControllerTest" file="/mnt/c/cygwin64/home/oleg0001/dbwebb-kurser/mvc/me/report/tests/Controller/LibraryControllerTest.php" line="229" assertions="5" time="0.575604"/>
        <testcase name="testDeleteBookGet" class="App\Tests\Controller\LibraryControllerTest" classname="App.Tests.Controller.LibraryControllerTest" file="/mnt/c/cygwin64/home/oleg0001/dbwebb-kurser/mvc/me/report/tests/Controller/LibraryControllerTest.php" line="306" assertions="4" time="0.704052"/>
        <testcase name="testDeleteBookBookNotExist" class="App\Tests\Controller\LibraryControllerTest" classname="App.Tests.Controller.LibraryControllerTest" file="/mnt/c/cygwin64/home/oleg0001/dbwebb-kurser/mvc/me/report/tests/Controller/LibraryControllerTest.php" line="324" assertions="3" time="2.414305"/>
      </testsuite>
      <testsuite name="App\Tests\Controller\LuckyControllerTest" file="/mnt/c/cygwin64/home/oleg0001/dbwebb-kurser/mvc/me/report/tests/Controller/LuckyControllerTest.php" tests="5" assertions="15" errors="0" warnings="0" failures="0" skipped="0" time="6.148021">
        <testcase name="testMeController" class="App\Tests\Controller\LuckyControllerTest" classname="App.Tests.Controller.LuckyControllerTest" file="/mnt/c/cygwin64/home/oleg0001/dbwebb-kurser/mvc/me/report/tests/Controller/LuckyControllerTest.php" line="15" assertions="3" time="3.058218"/>
        <testcase name="testAboutController" class="App\Tests\Controller\LuckyControllerTest" classname="App.Tests.Controller.LuckyControllerTest" file="/mnt/c/cygwin64/home/oleg0001/dbwebb-kurser/mvc/me/report/tests/Controller/LuckyControllerTest.php" line="27" assertions="3" time="0.743130"/>
        <testcase name="testReportController" class="App\Tests\Controller\LuckyControllerTest" classname="App.Tests.Controller.LuckyControllerTest" file="/mnt/c/cygwin64/home/oleg0001/dbwebb-kurser/mvc/me/report/tests/Controller/LuckyControllerTest.php" line="39" assertions="3" time="0.740777"/>
        <testcase name="testLuckyController" class="App\Tests\Controller\LuckyControllerTest" classname="App.Tests.Controller.LuckyControllerTest" file="/mnt/c/cygwin64/home/oleg0001/dbwebb-kurser/mvc/me/report/tests/Controller/LuckyControllerTest.php" line="51" assertions="3" time="0.748932"/>
        <testcase name="testMetricsController" class="App\Tests\Controller\LuckyControllerTest" classname="App.Tests.Controller.LuckyControllerTest" file="/mnt/c/cygwin64/home/oleg0001/dbwebb-kurser/mvc/me/report/tests/Controller/LuckyControllerTest.php" line="62" assertions="3" time="0.856965"/>
      </testsuite>
      <testsuite name="App\Tests\Controller\MyJsonCardControllerTest" file="/mnt/c/cygwin64/home/oleg0001/dbwebb-kurser/mvc/me/report/tests/Controller/MyJsonCardControllerTest.php" tests="5" assertions="21" errors="0" warnings="0" failures="0" skipped="0" time="5.261174">
        <testcase name="testApiDesk" class="App\Tests\Controller\MyJsonCardControllerTest" classname="App.Tests.Controller.MyJsonCardControllerTest" file="/mnt/c/cygwin64/home/oleg0001/dbwebb-kurser/mvc/me/report/tests/Controller/MyJsonCardControllerTest.php" line="16" assertions="6" time="0.303938"/>
        <testcase name="testApiDeskShuffle" class="App\Tests\Controller\MyJsonCardControllerTest" classname="App.Tests.Controller.MyJsonCardControllerTest" file="/mnt/c/cygwin64/home/oleg0001/dbwebb-kurser/mvc/me/report/tests/Controller/MyJsonCardControllerTest.php" line="42" assertions="5" time="1.418784"/>
        <testcase name="testApiDrawDesk" class="App\Tests\Controller\MyJsonCardControllerTest" classname="App.Tests.Controller.MyJsonCardControllerTest" file="/mnt/c/cygwin64/home/oleg0001/dbwebb-kurser/mvc/me/report/tests/Controller/MyJsonCardControllerTest.php" line="68" assertions="6" time="0.222028"/>
        <testcase name="testApiDrawFlerDesk" class="App\Tests\Controller\MyJsonCardControllerTest" classname="App.Tests.Controller.MyJsonCardControllerTest" file="/mnt/c/cygwin64/home/oleg0001/dbwebb-kurser/mvc/me/report/tests/Controller/MyJsonCardControllerTest.php" line="109" assertions="2" time="1.573434">
          <system-out>Request URL: /api/deck/draw/3
Response: {"drown":[],"number":52}
</system-out>
        </testcase>
        <testcase name="testApiDealCard" class="App\Tests\Controller\MyJsonCardControllerTest" classname="App.Tests.Controller.MyJsonCardControllerTest" file="/mnt/c/cygwin64/home/oleg0001/dbwebb-kurser/mvc/me/report/tests/Controller/MyJsonCardControllerTest.php" line="146" assertions="2" time="1.742991"/>
      </testsuite>
      <testsuite name="App\Controller\MyJsonControllerTest" file="/mnt/c/cygwin64/home/oleg0001/dbwebb-kurser/mvc/me/report/tests/Controller/MyJsonControllerTest.php" tests="3" assertions="9" errors="0" warnings="0" failures="0" skipped="0" time="1.434886">
        <testcase name="testApiLanding" class="App\Controller\MyJsonControllerTest" classname="App.Controller.MyJsonControllerTest" file="/mnt/c/cygwin64/home/oleg0001/dbwebb-kurser/mvc/me/report/tests/Controller/MyJsonControllerTest.php" line="9" assertions="3" time="0.904177"/>
        <testcase name="testApiIndex" class="App\Controller\MyJsonControllerTest" classname="App.Controller.MyJsonControllerTest" file="/mnt/c/cygwin64/home/oleg0001/dbwebb-kurser/mvc/me/report/tests/Controller/MyJsonControllerTest.php" line="25" assertions="3" time="0.324495"/>
        <testcase name="testGeQuote" class="App\Controller\MyJsonControllerTest" classname="App.Controller.MyJsonControllerTest" file="/mnt/c/cygwin64/home/oleg0001/dbwebb-kurser/mvc/me/report/tests/Controller/MyJsonControllerTest.php" line="40" assertions="3" time="0.206213"/>
      </testsuite>
      <testsuite name="App\Controller\MyJsonNewControllerTest" file="/mnt/c/cygwin64/home/oleg0001/dbwebb-kurser/mvc/me/report/tests/Controller/MyJsonNewControllerTest.php" tests="4" assertions="20" errors="0" warnings="0" failures="0" skipped="0" time="4.393974">
        <testcase name="testApiGame" class="App\Controller\MyJsonNewControllerTest" classname="App.Controller.MyJsonNewControllerTest" file="/mnt/c/cygwin64/home/oleg0001/dbwebb-kurser/mvc/me/report/tests/Controller/MyJsonNewControllerTest.php" line="16" assertions="5" time="0.105302"/>
        <testcase name="testJsonLibrary" class="App\Controller\MyJsonNewControllerTest" classname="App.Controller.MyJsonNewControllerTest" file="/mnt/c/cygwin64/home/oleg0001/dbwebb-kurser/mvc/me/report/tests/Controller/MyJsonNewControllerTest.php" line="55" assertions="4" time="0.167601"/>
        <testcase name="testJsonBookByIsbnBokNotFound" class="App\Controller\MyJsonNewControllerTest" classname="App.Controller.MyJsonNewControllerTest" file="/mnt/c/cygwin64/home/oleg0001/dbwebb-kurser/mvc/me/report/tests/Controller/MyJsonNewControllerTest.php" line="86" assertions="4" time="2.115942"/>
        <testcase name="testJsonBookByIsbnBokFound" class="App\Controller\MyJsonNewControllerTest" classname="App.Controller.MyJsonNewControllerTest" file="/mnt/c/cygwin64/home/oleg0001/dbwebb-kurser/mvc/me/report/tests/Controller/MyJsonNewControllerTest.php" line="98" assertions="7" time="2.005130"/>
      </testsuite>
      <testsuite name="App\Tests\Controller\ProductControllerTest" file="/mnt/c/cygwin64/home/oleg0001/dbwebb-kurser/mvc/me/report/tests/Controller/ProductControllerTest.php" tests="7" assertions="23" errors="0" warnings="0" failures="0" skipped="0" time="4.625313">
        <testcase name="testProduct" class="App\Tests\Controller\ProductControllerTest" classname="App.Tests.Controller.ProductControllerTest" file="/mnt/c/cygwin64/home/oleg0001/dbwebb-kurser/mvc/me/report/tests/Controller/ProductControllerTest.php" line="20" assertions="3" time="0.782364"/>
        <testcase name="testCreateProduct" class="App\Tests\Controller\ProductControllerTest" classname="App.Tests.Controller.ProductControllerTest" file="/mnt/c/cygwin64/home/oleg0001/dbwebb-kurser/mvc/me/report/tests/Controller/ProductControllerTest.php" line="35" assertions="8" time="0.332109"/>
        <testcase name="testShowAllProduct" class="App\Tests\Controller\ProductControllerTest" classname="App.Tests.Controller.ProductControllerTest" file="/mnt/c/cygwin64/home/oleg0001/dbwebb-kurser/mvc/me/report/tests/Controller/ProductControllerTest.php" line="61" assertions="2" time="0.116788"/>
        <testcase name="testShowProductByID" class="App\Tests\Controller\ProductControllerTest" classname="App.Tests.Controller.ProductControllerTest" file="/mnt/c/cygwin64/home/oleg0001/dbwebb-kurser/mvc/me/report/tests/Controller/ProductControllerTest.php" line="75" assertions="3" time="0.098800"/>
        <testcase name="testDeleteProductByIDProductNotExist" class="App\Tests\Controller\ProductControllerTest" classname="App.Tests.Controller.ProductControllerTest" file="/mnt/c/cygwin64/home/oleg0001/dbwebb-kurser/mvc/me/report/tests/Controller/ProductControllerTest.php" line="91" assertions="2" time="1.191639"/>
        <testcase name="testupdateProductByIDProductNotExist" class="App\Tests\Controller\ProductControllerTest" classname="App.Tests.Controller.ProductControllerTest" file="/mnt/c/cygwin64/home/oleg0001/dbwebb-kurser/mvc/me/report/tests/Controller/ProductControllerTest.php" line="106" assertions="2" time="1.456598"/>
        <testcase name="testViewAllProduct" class="App\Tests\Controller\ProductControllerTest" classname="App.Tests.Controller.ProductControllerTest" file="/mnt/c/cygwin64/home/oleg0001/dbwebb-kurser/mvc/me/report/tests/Controller/ProductControllerTest.php" line="123" assertions="3" time="0.647015"/>
      </testsuite>
      <testsuite name="App\Tests\ProjectControllerTest" file="/mnt/c/cygwin64/home/oleg0001/dbwebb-kurser/mvc/me/report/tests/Controller/ProjectControllerTest.php" tests="5" assertions="19" errors="0" warnings="0" failures="0" skipped="0" time="7.352718">
        <testcase name="testProject" class="App\Tests\ProjectControllerTest" classname="App.Tests.ProjectControllerTest" file="/mnt/c/cygwin64/home/oleg0001/dbwebb-kurser/mvc/me/report/tests/Controller/ProjectControllerTest.php" line="19" assertions="3" time="0.824261"/>
        <testcase name="testAboutProject" class="App\Tests\ProjectControllerTest" classname="App.Tests.ProjectControllerTest" file="/mnt/c/cygwin64/home/oleg0001/dbwebb-kurser/mvc/me/report/tests/Controller/ProjectControllerTest.php" line="32" assertions="3" time="0.681192"/>
        <testcase name="testGetOneCard" class="App\Tests\ProjectControllerTest" classname="App.Tests.ProjectControllerTest" file="/mnt/c/cygwin64/home/oleg0001/dbwebb-kurser/mvc/me/report/tests/Controller/ProjectControllerTest.php" line="45" assertions="3" time="0.710473"/>
        <testcase name="testInitiatePlay" class="App\Tests\ProjectControllerTest" classname="App.Tests.ProjectControllerTest" file="/mnt/c/cygwin64/home/oleg0001/dbwebb-kurser/mvc/me/report/tests/Controller/ProjectControllerTest.php" line="58" assertions="5" time="0.858456"/>
        <testcase name="testGetPlayers" class="App\Tests\ProjectControllerTest" classname="App.Tests.ProjectControllerTest" file="/mnt/c/cygwin64/home/oleg0001/dbwebb-kurser/mvc/me/report/tests/Controller/ProjectControllerTest.php" line="78" assertions="5" time="4.278337"/>
      </testsuite>
      <testsuite name="App\Dice\DiceTest" file="/mnt/c/cygwin64/home/oleg0001/dbwebb-kurser/mvc/me/report/tests/Dice/DiceTest.php" tests="1" assertions="4" errors="0" warnings="0" failures="0" skipped="0" time="0.000772">
        <testcase name="testCreateDice" class="App\Dice\DiceTest" classname="App.Dice.DiceTest" file="/mnt/c/cygwin64/home/oleg0001/dbwebb-kurser/mvc/me/report/tests/Dice/DiceTest.php" line="16" assertions="4" time="0.000772"/>
      </testsuite>
      <testsuite name="App\Dice\GraphicDiceTest" file="/mnt/c/cygwin64/home/oleg0001/dbwebb-kurser/mvc/me/report/tests/Dice/GraphicDiceTest.php" tests="2" assertions="2" errors="0" warnings="0" failures="0" skipped="0" time="0.021222">
        <testcase name="testCreateDice" class="App\Dice\GraphicDiceTest" classname="App.Dice.GraphicDiceTest" file="/mnt/c/cygwin64/home/oleg0001/dbwebb-kurser/mvc/me/report/tests/Dice/GraphicDiceTest.php" line="16" assertions="1" time="0.000620"/>
        <testcase name="testGetAsStringReturnsCorrectRepresentation" class="App\Dice\GraphicDiceTest" classname="App.Dice.GraphicDiceTest" file="/mnt/c/cygwin64/home/oleg0001/dbwebb-kurser/mvc/me/report/tests/Dice/GraphicDiceTest.php" line="27" assertions="1" time="0.020602"/>
      </testsuite>
      <testsuite name="App\Dice\HandDiceTest" file="/mnt/c/cygwin64/home/oleg0001/dbwebb-kurser/mvc/me/report/tests/Dice/HandDiceTest.php" tests="3" assertions="12" errors="0" warnings="0" failures="0" skipped="0" time="0.002542">
        <testcase name="testCreateHandDice" class="App\Dice\HandDiceTest" classname="App.Dice.HandDiceTest" file="/mnt/c/cygwin64/home/oleg0001/dbwebb-kurser/mvc/me/report/tests/Dice/HandDiceTest.php" line="16" assertions="4" time="0.000571"/>
        <testcase name="testAddRollandGetNumber" class="App\Dice\HandDiceTest" classname="App.Dice.HandDiceTest" file="/mnt/c/cygwin64/home/oleg0001/dbwebb-kurser/mvc/me/report/tests/Dice/HandDiceTest.php" line="35" assertions="4" time="0.000981"/>
        <testcase name="testgetValues" class="App\Dice\HandDiceTest" classname="App.Dice.HandDiceTest" file="/mnt/c/cygwin64/home/oleg0001/dbwebb-kurser/mvc/me/report/tests/Dice/HandDiceTest.php" line="57" assertions="4" time="0.000990"/>
      </testsuite>
      <testsuite name="App\Game21\BankTest" file="/mnt/c/cygwin64/home/oleg0001/dbwebb-kurser/mvc/me/report/tests/Game21/BankTest.php" tests="6" assertions="9" errors="0" warnings="0" failures="0" skipped="0" time="0.007822">
        <testcase name="testCreateObject" class="App\Game21\BankTest" classname="App.Game21.BankTest" file="/mnt/c/cygwin64/home/oleg0001/dbwebb-kurser/mvc/me/report/tests/Game21/BankTest.php" line="17" assertions="4" time="0.000645"/>
        <testcase name="testGetCard" class="App\Game21\BankTest" classname="App.Game21.BankTest" file="/mnt/c/cygwin64/home/oleg0001/dbwebb-kurser/mvc/me/report/tests/Game21/BankTest.php" line="34" assertions="1" time="0.001821"/>
        <testcase name="testDoBet" class="App\Game21\BankTest" classname="App.Game21.BankTest" file="/mnt/c/cygwin64/home/oleg0001/dbwebb-kurser/mvc/me/report/tests/Game21/BankTest.php" line="53" assertions="1" time="0.000521"/>
        <testcase name="testToArray" class="App\Game21\BankTest" classname="App.Game21.BankTest" file="/mnt/c/cygwin64/home/oleg0001/dbwebb-kurser/mvc/me/report/tests/Game21/BankTest.php" line="65" assertions="1" time="0.000549"/>
        <testcase name="testTakeCard" class="App\Game21\BankTest" classname="App.Game21.BankTest" file="/mnt/c/cygwin64/home/oleg0001/dbwebb-kurser/mvc/me/report/tests/Game21/BankTest.php" line="86" assertions="1" time="0.003225"/>
        <testcase name="testDealCards" class="App\Game21\BankTest" classname="App.Game21.BankTest" file="/mnt/c/cygwin64/home/oleg0001/dbwebb-kurser/mvc/me/report/tests/Game21/BankTest.php" line="111" assertions="1" time="0.001061"/>
      </testsuite>
      <testsuite name="App\Game21\CardGraphicsTest" file="/mnt/c/cygwin64/home/oleg0001/dbwebb-kurser/mvc/me/report/tests/Game21/CardGraphicsTest.php" tests="3" assertions="6" errors="0" warnings="0" failures="0" skipped="0" time="0.001903">
        <testcase name="testCreateObject" class="App\Game21\CardGraphicsTest" classname="App.Game21.CardGraphicsTest" file="/mnt/c/cygwin64/home/oleg0001/dbwebb-kurser/mvc/me/report/tests/Game21/CardGraphicsTest.php" line="15" assertions="2" time="0.000590"/>
        <testcase name="testOverridenToString" class="App\Game21\CardGraphicsTest" classname="App.Game21.CardGraphicsTest" file="/mnt/c/cygwin64/home/oleg0001/dbwebb-kurser/mvc/me/report/tests/Game21/CardGraphicsTest.php" line="29" assertions="2" time="0.000663"/>
        <testcase name="testGetCollor" class="App\Game21\CardGraphicsTest" classname="App.Game21.CardGraphicsTest" file="/mnt/c/cygwin64/home/oleg0001/dbwebb-kurser/mvc/me/report/tests/Game21/CardGraphicsTest.php" line="44" assertions="2" time="0.000650"/>
      </testsuite>
      <testsuite name="App\Game21\CardTest" file="/mnt/c/cygwin64/home/oleg0001/dbwebb-kurser/mvc/me/report/tests/Game21/CardTest.php" tests="5" assertions="17" errors="0" warnings="0" failures="0" skipped="0" time="0.003387">
        <testcase name="testCreateObject" class="App\Game21\CardTest" classname="App.Game21.CardTest" file="/mnt/c/cygwin64/home/oleg0001/dbwebb-kurser/mvc/me/report/tests/Game21/CardTest.php" line="16" assertions="2" time="0.000745"/>
        <testcase name="testSetAndToArray" class="App\Game21\CardTest" classname="App.Game21.CardTest" file="/mnt/c/cygwin64/home/oleg0001/dbwebb-kurser/mvc/me/report/tests/Game21/CardTest.php" line="31" assertions="3" time="0.000729"/>
        <testcase name="testChoseAndToArray" class="App\Game21\CardTest" classname="App.Game21.CardTest" file="/mnt/c/cygwin64/home/oleg0001/dbwebb-kurser/mvc/me/report/tests/Game21/CardTest.php" line="48" assertions="9" time="0.000826"/>
        <testcase name="testGetValue" class="App\Game21\CardTest" classname="App.Game21.CardTest" file="/mnt/c/cygwin64/home/oleg0001/dbwebb-kurser/mvc/me/report/tests/Game21/CardTest.php" line="65" assertions="2" time="0.000542"/>
        <testcase name="testGetAsString" class="App\Game21\CardTest" classname="App.Game21.CardTest" file="/mnt/c/cygwin64/home/oleg0001/dbwebb-kurser/mvc/me/report/tests/Game21/CardTest.php" line="79" assertions="1" time="0.000545"/>
      </testsuite>
      <testsuite name="App\Game21\DeskTest" file="/mnt/c/cygwin64/home/oleg0001/dbwebb-kurser/mvc/me/report/tests/Game21/DeskTest.php" tests="6" assertions="18" errors="0" warnings="0" failures="0" skipped="0" time="0.023748">
        <testcase name="testCreateObject" class="App\Game21\DeskTest" classname="App.Game21.DeskTest" file="/mnt/c/cygwin64/home/oleg0001/dbwebb-kurser/mvc/me/report/tests/Game21/DeskTest.php" line="16" assertions="2" time="0.001032"/>
        <testcase name="testFreshDesk" class="App\Game21\DeskTest" classname="App.Game21.DeskTest" file="/mnt/c/cygwin64/home/oleg0001/dbwebb-kurser/mvc/me/report/tests/Game21/DeskTest.php" line="31" assertions="3" time="0.002152"/>
        <testcase name="testToArray" class="App\Game21\DeskTest" classname="App.Game21.DeskTest" file="/mnt/c/cygwin64/home/oleg0001/dbwebb-kurser/mvc/me/report/tests/Game21/DeskTest.php" line="45" assertions="3" time="0.003224"/>
        <testcase name="testGetDesk" class="App\Game21\DeskTest" classname="App.Game21.DeskTest" file="/mnt/c/cygwin64/home/oleg0001/dbwebb-kurser/mvc/me/report/tests/Game21/DeskTest.php" line="60" assertions="4" time="0.013086"/>
        <testcase name="testShuffleDesk" class="App\Game21\DeskTest" classname="App.Game21.DeskTest" file="/mnt/c/cygwin64/home/oleg0001/dbwebb-kurser/mvc/me/report/tests/Game21/DeskTest.php" line="76" assertions="3" time="0.002811"/>
        <testcase name="testSet" class="App\Game21\DeskTest" classname="App.Game21.DeskTest" file="/mnt/c/cygwin64/home/oleg0001/dbwebb-kurser/mvc/me/report/tests/Game21/DeskTest.php" line="92" assertions="3" time="0.001444"/>
      </testsuite>
      <testsuite name="App\Game21\Game21Test" file="/mnt/c/cygwin64/home/oleg0001/dbwebb-kurser/mvc/me/report/tests/Game21/Game21Test.php" tests="7" assertions="26" errors="0" warnings="0" failures="0" skipped="0" time="0.101139">
        <testcase name="testCreateObject" class="App\Game21\Game21Test" classname="App.Game21.Game21Test" file="/mnt/c/cygwin64/home/oleg0001/dbwebb-kurser/mvc/me/report/tests/Game21/Game21Test.php" line="18" assertions="1" time="0.002253"/>
        <testcase name="testToSession" class="App\Game21\Game21Test" classname="App.Game21.Game21Test" file="/mnt/c/cygwin64/home/oleg0001/dbwebb-kurser/mvc/me/report/tests/Game21/Game21Test.php" line="25" assertions="1" time="0.050981"/>
        <testcase name="testSet" class="App\Game21\Game21Test" classname="App.Game21.Game21Test" file="/mnt/c/cygwin64/home/oleg0001/dbwebb-kurser/mvc/me/report/tests/Game21/Game21Test.php" line="85" assertions="4" time="0.030111"/>
        <testcase name="testFirstState" class="App\Game21\Game21Test" classname="App.Game21.Game21Test" file="/mnt/c/cygwin64/home/oleg0001/dbwebb-kurser/mvc/me/report/tests/Game21/Game21Test.php" line="157" assertions="5" time="0.003678"/>
        <testcase name="testSecondState" class="App\Game21\Game21Test" classname="App.Game21.Game21Test" file="/mnt/c/cygwin64/home/oleg0001/dbwebb-kurser/mvc/me/report/tests/Game21/Game21Test.php" line="232" assertions="5" time="0.007129"/>
        <testcase name="testThirdState" class="App\Game21\Game21Test" classname="App.Game21.Game21Test" file="/mnt/c/cygwin64/home/oleg0001/dbwebb-kurser/mvc/me/report/tests/Game21/Game21Test.php" line="307" assertions="5" time="0.003904"/>
        <testcase name="testPlayerNewCard" class="App\Game21\Game21Test" classname="App.Game21.Game21Test" file="/mnt/c/cygwin64/home/oleg0001/dbwebb-kurser/mvc/me/report/tests/Game21/Game21Test.php" line="382" assertions="5" time="0.003082"/>
      </testsuite>
      <testsuite name="App\Game21\HandTest" file="/mnt/c/cygwin64/home/oleg0001/dbwebb-kurser/mvc/me/report/tests/Game21/HandTest.php" tests="6" assertions="17" errors="0" warnings="0" failures="0" skipped="0" time="0.017810">
        <testcase name="testCreateObject" class="App\Game21\HandTest" classname="App.Game21.HandTest" file="/mnt/c/cygwin64/home/oleg0001/dbwebb-kurser/mvc/me/report/tests/Game21/HandTest.php" line="17" assertions="2" time="0.001118"/>
        <testcase name="testGetPoints" class="App\Game21\HandTest" classname="App.Game21.HandTest" file="/mnt/c/cygwin64/home/oleg0001/dbwebb-kurser/mvc/me/report/tests/Game21/HandTest.php" line="32" assertions="1" time="0.001757"/>
        <testcase name="testToString" class="App\Game21\HandTest" classname="App.Game21.HandTest" file="/mnt/c/cygwin64/home/oleg0001/dbwebb-kurser/mvc/me/report/tests/Game21/HandTest.php" line="49" assertions="3" time="0.006706"/>
        <testcase name="testToArray" class="App\Game21\HandTest" classname="App.Game21.HandTest" file="/mnt/c/cygwin64/home/oleg0001/dbwebb-kurser/mvc/me/report/tests/Game21/HandTest.php" line="70" assertions="3" time="0.002994"/>
        <testcase name="testGetHand" class="App\Game21\HandTest" classname="App.Game21.HandTest" file="/mnt/c/cygwin64/home/oleg0001/dbwebb-kurser/mvc/me/report/tests/Game21/HandTest.php" line="97" assertions="3" time="0.003671"/>
        <testcase name="testSetMethod" class="App\Game21\HandTest" classname="App.Game21.HandTest" file="/mnt/c/cygwin64/home/oleg0001/dbwebb-kurser/mvc/me/report/tests/Game21/HandTest.php" line="128" assertions="5" time="0.001563"/>
      </testsuite>
      <testsuite name="App\Game21\PlayerTest" file="/mnt/c/cygwin64/home/oleg0001/dbwebb-kurser/mvc/me/report/tests/Game21/PlayerTest.php" tests="4" assertions="7" errors="0" warnings="0" failures="0" skipped="0" time="0.005367">
        <testcase name="testCreateObject" class="App\Game21\PlayerTest" classname="App.Game21.PlayerTest" file="/mnt/c/cygwin64/home/oleg0001/dbwebb-kurser/mvc/me/report/tests/Game21/PlayerTest.php" line="17" assertions="4" time="0.001070"/>
        <testcase name="testGetCard" class="App\Game21\PlayerTest" classname="App.Game21.PlayerTest" file="/mnt/c/cygwin64/home/oleg0001/dbwebb-kurser/mvc/me/report/tests/Game21/PlayerTest.php" line="34" assertions="1" time="0.001874"/>
        <testcase name="testDoBet" class="App\Game21\PlayerTest" classname="App.Game21.PlayerTest" file="/mnt/c/cygwin64/home/oleg0001/dbwebb-kurser/mvc/me/report/tests/Game21/PlayerTest.php" line="52" assertions="1" time="0.001259"/>
        <testcase name="testToArray" class="App\Game21\PlayerTest" classname="App.Game21.PlayerTest" file="/mnt/c/cygwin64/home/oleg0001/dbwebb-kurser/mvc/me/report/tests/Game21/PlayerTest.php" line="64" assertions="1" time="0.001164"/>
      </testsuite>
      <testsuite name="App\Tests\Repository\BookRepositoryTest" file="/mnt/c/cygwin64/home/oleg0001/dbwebb-kurser/mvc/me/report/tests/Repository/BookRepositoryTest.php" tests="2" assertions="125" errors="0" warnings="0" failures="0" skipped="0" time="1.450814">
        <testcase name="testConstruct" class="App\Tests\Repository\BookRepositoryTest" classname="App.Tests.Repository.BookRepositoryTest" file="/mnt/c/cygwin64/home/oleg0001/dbwebb-kurser/mvc/me/report/tests/Repository/BookRepositoryTest.php" line="44" assertions="1" time="1.420477"/>
        <testcase name="testFindByIsbn" class="App\Tests\Repository\BookRepositoryTest" classname="App.Tests.Repository.BookRepositoryTest" file="/mnt/c/cygwin64/home/oleg0001/dbwebb-kurser/mvc/me/report/tests/Repository/BookRepositoryTest.php" line="53" assertions="124" time="0.030337"/>
      </testsuite>
      <testsuite name="ProductRepositoryTest" file="/mnt/c/cygwin64/home/oleg0001/dbwebb-kurser/mvc/me/report/tests/Repository/ProductRepositoryTest.php" tests="3" assertions="293" errors="0" warnings="0" failures="0" skipped="0" time="0.135283">
        <testcase name="testConstruct" class="ProductRepositoryTest" classname="ProductRepositoryTest" file="/mnt/c/cygwin64/home/oleg0001/dbwebb-kurser/mvc/me/report/tests/Repository/ProductRepositoryTest.php" line="42" assertions="1" time="0.024146"/>
        <testcase name="testFindByMinimumValue" class="ProductRepositoryTest" classname="ProductRepositoryTest" file="/mnt/c/cygwin64/home/oleg0001/dbwebb-kurser/mvc/me/report/tests/Repository/ProductRepositoryTest.php" line="51" assertions="178" time="0.040342"/>
        <testcase name="testFindByMinimumValue2" class="ProductRepositoryTest" classname="ProductRepositoryTest" file="/mnt/c/cygwin64/home/oleg0001/dbwebb-kurser/mvc/me/report/tests/Repository/ProductRepositoryTest.php" line="67" assertions="114" time="0.070795"/>
      </testsuite>
    </testsuite>
  </testsuite>
</testsuites>
