<?xml version="1.0" encoding="UTF-8"?>
<testsuites>
  <testsuite name="" tests="212" assertions="1088" errors="0" warnings="0" failures="0" skipped="0" time="88.474255">
    <testsuite name="Project Test Suite" tests="212" assertions="1088" errors="0" warnings="0" failures="0" skipped="0" time="88.474255">
      <testsuite name="App\BlackJack\BankTest" file="/mnt/c/cygwin64/home/oleg0001/dbwebb-kurser/mvc/me/report/tests/BlackJack/BankTest.php" tests="9" assertions="43" errors="0" warnings="0" failures="0" skipped="0" time="0.508370">
        <testcase name="testCreateObject" class="App\BlackJack\BankTest" classname="App.BlackJack.BankTest" file="/mnt/c/cygwin64/home/oleg0001/dbwebb-kurser/mvc/me/report/tests/BlackJack/BankTest.php" line="17" assertions="4" time="0.145230"/>
        <testcase name="testGetCard" class="App\BlackJack\BankTest" classname="App.BlackJack.BankTest" file="/mnt/c/cygwin64/home/oleg0001/dbwebb-kurser/mvc/me/report/tests/BlackJack/BankTest.php" line="43" assertions="1" time="0.317598"/>
        <testcase name="testDoBet" class="App\BlackJack\BankTest" classname="App.BlackJack.BankTest" file="/mnt/c/cygwin64/home/oleg0001/dbwebb-kurser/mvc/me/report/tests/BlackJack/BankTest.php" line="63" assertions="1" time="0.000479"/>
        <testcase name="testTakeCardIfFat" class="App\BlackJack\BankTest" classname="App.BlackJack.BankTest" file="/mnt/c/cygwin64/home/oleg0001/dbwebb-kurser/mvc/me/report/tests/BlackJack/BankTest.php" line="75" assertions="7" time="0.020368"/>
        <testcase name="testTakeCardWin" class="App\BlackJack\BankTest" classname="App.BlackJack.BankTest" file="/mnt/c/cygwin64/home/oleg0001/dbwebb-kurser/mvc/me/report/tests/BlackJack/BankTest.php" line="106" assertions="12" time="0.001324"/>
        <testcase name="testTakeCardIfBlackJack" class="App\BlackJack\BankTest" classname="App.BlackJack.BankTest" file="/mnt/c/cygwin64/home/oleg0001/dbwebb-kurser/mvc/me/report/tests/BlackJack/BankTest.php" line="153" assertions="6" time="0.011195"/>
        <testcase name="testTakeCard2" class="App\BlackJack\BankTest" classname="App.BlackJack.BankTest" file="/mnt/c/cygwin64/home/oleg0001/dbwebb-kurser/mvc/me/report/tests/BlackJack/BankTest.php" line="198" assertions="1" time="0.009721"/>
        <testcase name="testDealCards" class="App\BlackJack\BankTest" classname="App.BlackJack.BankTest" file="/mnt/c/cygwin64/home/oleg0001/dbwebb-kurser/mvc/me/report/tests/BlackJack/BankTest.php" line="223" assertions="7" time="0.001371"/>
        <testcase name="testDealCardsPlayer21" class="App\BlackJack\BankTest" classname="App.BlackJack.BankTest" file="/mnt/c/cygwin64/home/oleg0001/dbwebb-kurser/mvc/me/report/tests/BlackJack/BankTest.php" line="281" assertions="4" time="0.001084"/>
      </testsuite>
      <testsuite name="App\BlackJack\CardGraphicsTest" file="/mnt/c/cygwin64/home/oleg0001/dbwebb-kurser/mvc/me/report/tests/BlackJack/CardGraphicsTest.php" tests="5" assertions="10" errors="0" warnings="0" failures="0" skipped="0" time="0.012253">
        <testcase name="testCreateObject" class="App\BlackJack\CardGraphicsTest" classname="App.BlackJack.CardGraphicsTest" file="/mnt/c/cygwin64/home/oleg0001/dbwebb-kurser/mvc/me/report/tests/BlackJack/CardGraphicsTest.php" line="16" assertions="2" time="0.000399"/>
        <testcase name="testToString" class="App\BlackJack\CardGraphicsTest" classname="App.BlackJack.CardGraphicsTest" file="/mnt/c/cygwin64/home/oleg0001/dbwebb-kurser/mvc/me/report/tests/BlackJack/CardGraphicsTest.php" line="31" assertions="2" time="0.010596"/>
        <testcase name="testGetUrl" class="App\BlackJack\CardGraphicsTest" classname="App.BlackJack.CardGraphicsTest" file="/mnt/c/cygwin64/home/oleg0001/dbwebb-kurser/mvc/me/report/tests/BlackJack/CardGraphicsTest.php" line="46" assertions="2" time="0.000445"/>
        <testcase name="testGetValue" class="App\BlackJack\CardGraphicsTest" classname="App.BlackJack.CardGraphicsTest" file="/mnt/c/cygwin64/home/oleg0001/dbwebb-kurser/mvc/me/report/tests/BlackJack/CardGraphicsTest.php" line="63" assertions="2" time="0.000390"/>
        <testcase name="testGetFace" class="App\BlackJack\CardGraphicsTest" classname="App.BlackJack.CardGraphicsTest" file="/mnt/c/cygwin64/home/oleg0001/dbwebb-kurser/mvc/me/report/tests/BlackJack/CardGraphicsTest.php" line="77" assertions="2" time="0.000422"/>
      </testsuite>
      <testsuite name="App\BlackJack\CardTest" file="/mnt/c/cygwin64/home/oleg0001/dbwebb-kurser/mvc/me/report/tests/BlackJack/CardTest.php" tests="4" assertions="22" errors="0" warnings="0" failures="0" skipped="0" time="0.057171">
        <testcase name="testCreateObject" class="App\BlackJack\CardTest" classname="App.BlackJack.CardTest" file="/mnt/c/cygwin64/home/oleg0001/dbwebb-kurser/mvc/me/report/tests/BlackJack/CardTest.php" line="16" assertions="2" time="0.000478"/>
        <testcase name="testSetAndToArray" class="App\BlackJack\CardTest" classname="App.BlackJack.CardTest" file="/mnt/c/cygwin64/home/oleg0001/dbwebb-kurser/mvc/me/report/tests/BlackJack/CardTest.php" line="32" assertions="3" time="0.000415"/>
        <testcase name="testGetRandom" class="App\BlackJack\CardTest" classname="App.BlackJack.CardTest" file="/mnt/c/cygwin64/home/oleg0001/dbwebb-kurser/mvc/me/report/tests/BlackJack/CardTest.php" line="50" assertions="8" time="0.055591"/>
        <testcase name="testChoseAndToArray" class="App\BlackJack\CardTest" classname="App.BlackJack.CardTest" file="/mnt/c/cygwin64/home/oleg0001/dbwebb-kurser/mvc/me/report/tests/BlackJack/CardTest.php" line="67" assertions="9" time="0.000687"/>
      </testsuite>
      <testsuite name="App\BlackJack\DeskTest" file="/mnt/c/cygwin64/home/oleg0001/dbwebb-kurser/mvc/me/report/tests/BlackJack/DeskTest.php" tests="6" assertions="19" errors="0" warnings="0" failures="0" skipped="0" time="0.041334">
        <testcase name="testCreateObject" class="App\BlackJack\DeskTest" classname="App.BlackJack.DeskTest" file="/mnt/c/cygwin64/home/oleg0001/dbwebb-kurser/mvc/me/report/tests/BlackJack/DeskTest.php" line="17" assertions="2" time="0.000428"/>
        <testcase name="testFreshDesk" class="App\BlackJack\DeskTest" classname="App.BlackJack.DeskTest" file="/mnt/c/cygwin64/home/oleg0001/dbwebb-kurser/mvc/me/report/tests/BlackJack/DeskTest.php" line="33" assertions="3" time="0.026340"/>
        <testcase name="testToArray" class="App\BlackJack\DeskTest" classname="App.BlackJack.DeskTest" file="/mnt/c/cygwin64/home/oleg0001/dbwebb-kurser/mvc/me/report/tests/BlackJack/DeskTest.php" line="48" assertions="3" time="0.000879"/>
        <testcase name="testGetDesk" class="App\BlackJack\DeskTest" classname="App.BlackJack.DeskTest" file="/mnt/c/cygwin64/home/oleg0001/dbwebb-kurser/mvc/me/report/tests/BlackJack/DeskTest.php" line="64" assertions="4" time="0.000994"/>
        <testcase name="testShuffleDesk" class="App\BlackJack\DeskTest" classname="App.BlackJack.DeskTest" file="/mnt/c/cygwin64/home/oleg0001/dbwebb-kurser/mvc/me/report/tests/BlackJack/DeskTest.php" line="81" assertions="3" time="0.011629"/>
        <testcase name="testTakeCard" class="App\BlackJack\DeskTest" classname="App.BlackJack.DeskTest" file="/mnt/c/cygwin64/home/oleg0001/dbwebb-kurser/mvc/me/report/tests/BlackJack/DeskTest.php" line="116" assertions="4" time="0.001064"/>
      </testsuite>
      <testsuite name="App\BlackJack\GameInterfaceTest" file="/mnt/c/cygwin64/home/oleg0001/dbwebb-kurser/mvc/me/report/tests/BlackJack/GameInterfaceTest.php" tests="5" assertions="20" errors="0" warnings="0" failures="0" skipped="0" time="0.070833">
        <testcase name="testCreateObject" class="App\BlackJack\GameInterfaceTest" classname="App.BlackJack.GameInterfaceTest" file="/mnt/c/cygwin64/home/oleg0001/dbwebb-kurser/mvc/me/report/tests/BlackJack/GameInterfaceTest.php" line="21" assertions="6" time="0.020501"/>
        <testcase name="testBankDeal" class="App\BlackJack\GameInterfaceTest" classname="App.BlackJack.GameInterfaceTest" file="/mnt/c/cygwin64/home/oleg0001/dbwebb-kurser/mvc/me/report/tests/BlackJack/GameInterfaceTest.php" line="44" assertions="3" time="0.035423"/>
        <testcase name="testFirstDeal" class="App\BlackJack\GameInterfaceTest" classname="App.BlackJack.GameInterfaceTest" file="/mnt/c/cygwin64/home/oleg0001/dbwebb-kurser/mvc/me/report/tests/BlackJack/GameInterfaceTest.php" line="121" assertions="3" time="0.002662"/>
        <testcase name="testFirstDealBlackJack" class="App\BlackJack\GameInterfaceTest" classname="App.BlackJack.GameInterfaceTest" file="/mnt/c/cygwin64/home/oleg0001/dbwebb-kurser/mvc/me/report/tests/BlackJack/GameInterfaceTest.php" line="139" assertions="4" time="0.010413"/>
        <testcase name="testGetGame" class="App\BlackJack\GameInterfaceTest" classname="App.BlackJack.GameInterfaceTest" file="/mnt/c/cygwin64/home/oleg0001/dbwebb-kurser/mvc/me/report/tests/BlackJack/GameInterfaceTest.php" line="164" assertions="4" time="0.001834"/>
      </testsuite>
      <testsuite name="App\BlackJack\GameTest" file="/mnt/c/cygwin64/home/oleg0001/dbwebb-kurser/mvc/me/report/tests/BlackJack/GameTest.php" tests="11" assertions="28" errors="0" warnings="0" failures="0" skipped="0" time="0.021320">
        <testcase name="testCreateObject" class="App\BlackJack\GameTest" classname="App.BlackJack.GameTest" file="/mnt/c/cygwin64/home/oleg0001/dbwebb-kurser/mvc/me/report/tests/BlackJack/GameTest.php" line="22" assertions="5" time="0.001466"/>
        <testcase name="testAddPlaying" class="App\BlackJack\GameTest" classname="App.BlackJack.GameTest" file="/mnt/c/cygwin64/home/oleg0001/dbwebb-kurser/mvc/me/report/tests/BlackJack/GameTest.php" line="47" assertions="4" time="0.001025"/>
        <testcase name="testFindPlayer" class="App\BlackJack\GameTest" classname="App.BlackJack.GameTest" file="/mnt/c/cygwin64/home/oleg0001/dbwebb-kurser/mvc/me/report/tests/BlackJack/GameTest.php" line="64" assertions="1" time="0.001104"/>
        <testcase name="testGetPlaying" class="App\BlackJack\GameTest" classname="App.BlackJack.GameTest" file="/mnt/c/cygwin64/home/oleg0001/dbwebb-kurser/mvc/me/report/tests/BlackJack/GameTest.php" line="80" assertions="2" time="0.000991"/>
        <testcase name="testShuffleDesk" class="App\BlackJack\GameTest" classname="App.BlackJack.GameTest" file="/mnt/c/cygwin64/home/oleg0001/dbwebb-kurser/mvc/me/report/tests/BlackJack/GameTest.php" line="99" assertions="1" time="0.005668"/>
        <testcase name="testBankBet" class="App\BlackJack\GameTest" classname="App.BlackJack.GameTest" file="/mnt/c/cygwin64/home/oleg0001/dbwebb-kurser/mvc/me/report/tests/BlackJack/GameTest.php" line="114" assertions="3" time="0.001861"/>
        <testcase name="testBankDeal" class="App\BlackJack\GameTest" classname="App.BlackJack.GameTest" file="/mnt/c/cygwin64/home/oleg0001/dbwebb-kurser/mvc/me/report/tests/BlackJack/GameTest.php" line="127" assertions="4" time="0.003042"/>
        <testcase name="testGetBank" class="App\BlackJack\GameTest" classname="App.BlackJack.GameTest" file="/mnt/c/cygwin64/home/oleg0001/dbwebb-kurser/mvc/me/report/tests/BlackJack/GameTest.php" line="148" assertions="2" time="0.001464"/>
        <testcase name="testSetBank" class="App\BlackJack\GameTest" classname="App.BlackJack.GameTest" file="/mnt/c/cygwin64/home/oleg0001/dbwebb-kurser/mvc/me/report/tests/BlackJack/GameTest.php" line="161" assertions="3" time="0.001705"/>
        <testcase name="testGameStatus" class="App\BlackJack\GameTest" classname="App.BlackJack.GameTest" file="/mnt/c/cygwin64/home/oleg0001/dbwebb-kurser/mvc/me/report/tests/BlackJack/GameTest.php" line="180" assertions="1" time="0.001449"/>
        <testcase name="testGameStatusNoPlaying" class="App\BlackJack\GameTest" classname="App.BlackJack.GameTest" file="/mnt/c/cygwin64/home/oleg0001/dbwebb-kurser/mvc/me/report/tests/BlackJack/GameTest.php" line="214" assertions="2" time="0.001543"/>
      </testsuite>
      <testsuite name="App\BlackJack\HandTest" file="/mnt/c/cygwin64/home/oleg0001/dbwebb-kurser/mvc/me/report/tests/BlackJack/HandTest.php" tests="10" assertions="34" errors="0" warnings="0" failures="0" skipped="0" time="0.012916">
        <testcase name="testCreateObject" class="App\BlackJack\HandTest" classname="App.BlackJack.HandTest" file="/mnt/c/cygwin64/home/oleg0001/dbwebb-kurser/mvc/me/report/tests/BlackJack/HandTest.php" line="18" assertions="2" time="0.000591"/>
        <testcase name="testGetPoints" class="App\BlackJack\HandTest" classname="App.BlackJack.HandTest" file="/mnt/c/cygwin64/home/oleg0001/dbwebb-kurser/mvc/me/report/tests/BlackJack/HandTest.php" line="33" assertions="5" time="0.000635"/>
        <testcase name="testGetBlackJack" class="App\BlackJack\HandTest" classname="App.BlackJack.HandTest" file="/mnt/c/cygwin64/home/oleg0001/dbwebb-kurser/mvc/me/report/tests/BlackJack/HandTest.php" line="72" assertions="3" time="0.000790"/>
        <testcase name="testGetCardFaces" class="App\BlackJack\HandTest" classname="App.BlackJack.HandTest" file="/mnt/c/cygwin64/home/oleg0001/dbwebb-kurser/mvc/me/report/tests/BlackJack/HandTest.php" line="90" assertions="3" time="0.001017"/>
        <testcase name="testToArray" class="App\BlackJack\HandTest" classname="App.BlackJack.HandTest" file="/mnt/c/cygwin64/home/oleg0001/dbwebb-kurser/mvc/me/report/tests/BlackJack/HandTest.php" line="109" assertions="4" time="0.001785"/>
        <testcase name="testGetHand" class="App\BlackJack\HandTest" classname="App.BlackJack.HandTest" file="/mnt/c/cygwin64/home/oleg0001/dbwebb-kurser/mvc/me/report/tests/BlackJack/HandTest.php" line="138" assertions="3" time="0.001046"/>
        <testcase name="testSoft" class="App\BlackJack\HandTest" classname="App.BlackJack.HandTest" file="/mnt/c/cygwin64/home/oleg0001/dbwebb-kurser/mvc/me/report/tests/BlackJack/HandTest.php" line="200" assertions="3" time="0.001366"/>
        <testcase name="testBlackJackFalse" class="App\BlackJack\HandTest" classname="App.BlackJack.HandTest" file="/mnt/c/cygwin64/home/oleg0001/dbwebb-kurser/mvc/me/report/tests/BlackJack/HandTest.php" line="227" assertions="4" time="0.002499"/>
        <testcase name="testBlackJackTrue" class="App\BlackJack\HandTest" classname="App.BlackJack.HandTest" file="/mnt/c/cygwin64/home/oleg0001/dbwebb-kurser/mvc/me/report/tests/BlackJack/HandTest.php" line="256" assertions="4" time="0.002300"/>
        <testcase name="testSplitHand" class="App\BlackJack\HandTest" classname="App.BlackJack.HandTest" file="/mnt/c/cygwin64/home/oleg0001/dbwebb-kurser/mvc/me/report/tests/BlackJack/HandTest.php" line="285" assertions="3" time="0.000888"/>
      </testsuite>
      <testsuite name="App\BlackJack\PersonTest" file="/mnt/c/cygwin64/home/oleg0001/dbwebb-kurser/mvc/me/report/tests/BlackJack/PersonTest.php" tests="8" assertions="21" errors="0" warnings="0" failures="0" skipped="0" time="0.007811">
        <testcase name="testCreateObject" class="App\BlackJack\PersonTest" classname="App.BlackJack.PersonTest" file="/mnt/c/cygwin64/home/oleg0001/dbwebb-kurser/mvc/me/report/tests/BlackJack/PersonTest.php" line="19" assertions="6" time="0.000569"/>
        <testcase name="testGetCard" class="App\BlackJack\PersonTest" classname="App.BlackJack.PersonTest" file="/mnt/c/cygwin64/home/oleg0001/dbwebb-kurser/mvc/me/report/tests/BlackJack/PersonTest.php" line="38" assertions="1" time="0.000957"/>
        <testcase name="testGetStatus" class="App\BlackJack\PersonTest" classname="App.BlackJack.PersonTest" file="/mnt/c/cygwin64/home/oleg0001/dbwebb-kurser/mvc/me/report/tests/BlackJack/PersonTest.php" line="57" assertions="4" time="0.001976"/>
        <testcase name="testSetStatus" class="App\BlackJack\PersonTest" classname="App.BlackJack.PersonTest" file="/mnt/c/cygwin64/home/oleg0001/dbwebb-kurser/mvc/me/report/tests/BlackJack/PersonTest.php" line="96" assertions="3" time="0.000602"/>
        <testcase name="testSetGetName" class="App\BlackJack\PersonTest" classname="App.BlackJack.PersonTest" file="/mnt/c/cygwin64/home/oleg0001/dbwebb-kurser/mvc/me/report/tests/BlackJack/PersonTest.php" line="116" assertions="3" time="0.000901"/>
        <testcase name="testDoBetAndGetBet" class="App\BlackJack\PersonTest" classname="App.BlackJack.PersonTest" file="/mnt/c/cygwin64/home/oleg0001/dbwebb-kurser/mvc/me/report/tests/BlackJack/PersonTest.php" line="134" assertions="2" time="0.001046"/>
        <testcase name="testPoints" class="App\BlackJack\PersonTest" classname="App.BlackJack.PersonTest" file="/mnt/c/cygwin64/home/oleg0001/dbwebb-kurser/mvc/me/report/tests/BlackJack/PersonTest.php" line="149" assertions="1" time="0.001105"/>
        <testcase name="testBlackJack" class="App\BlackJack\PersonTest" classname="App.BlackJack.PersonTest" file="/mnt/c/cygwin64/home/oleg0001/dbwebb-kurser/mvc/me/report/tests/BlackJack/PersonTest.php" line="167" assertions="1" time="0.000655"/>
      </testsuite>
      <testsuite name="App\BlackJack\PlayerTest" file="/mnt/c/cygwin64/home/oleg0001/dbwebb-kurser/mvc/me/report/tests/BlackJack/PlayerTest.php" tests="15" assertions="46" errors="0" warnings="0" failures="0" skipped="0" time="0.033206">
        <testcase name="testCreateObject" class="App\BlackJack\PlayerTest" classname="App.BlackJack.PlayerTest" file="/mnt/c/cygwin64/home/oleg0001/dbwebb-kurser/mvc/me/report/tests/BlackJack/PlayerTest.php" line="19" assertions="9" time="0.001138"/>
        <testcase name="testGetCard" class="App\BlackJack\PlayerTest" classname="App.BlackJack.PlayerTest" file="/mnt/c/cygwin64/home/oleg0001/dbwebb-kurser/mvc/me/report/tests/BlackJack/PlayerTest.php" line="54" assertions="1" time="0.001601"/>
        <testcase name="testGetStatus" class="App\BlackJack\PlayerTest" classname="App.BlackJack.PlayerTest" file="/mnt/c/cygwin64/home/oleg0001/dbwebb-kurser/mvc/me/report/tests/BlackJack/PlayerTest.php" line="73" assertions="3" time="0.002044"/>
        <testcase name="testSetStatus" class="App\BlackJack\PlayerTest" classname="App.BlackJack.PlayerTest" file="/mnt/c/cygwin64/home/oleg0001/dbwebb-kurser/mvc/me/report/tests/BlackJack/PlayerTest.php" line="115" assertions="2" time="0.001018"/>
        <testcase name="testSetGetName" class="App\BlackJack\PlayerTest" classname="App.BlackJack.PlayerTest" file="/mnt/c/cygwin64/home/oleg0001/dbwebb-kurser/mvc/me/report/tests/BlackJack/PlayerTest.php" line="133" assertions="2" time="0.000711"/>
        <testcase name="testDoBetAndGetBet" class="App\BlackJack\PlayerTest" classname="App.BlackJack.PlayerTest" file="/mnt/c/cygwin64/home/oleg0001/dbwebb-kurser/mvc/me/report/tests/BlackJack/PlayerTest.php" line="149" assertions="2" time="0.001122"/>
        <testcase name="testPoints" class="App\BlackJack\PlayerTest" classname="App.BlackJack.PlayerTest" file="/mnt/c/cygwin64/home/oleg0001/dbwebb-kurser/mvc/me/report/tests/BlackJack/PlayerTest.php" line="164" assertions="1" time="0.000848"/>
        <testcase name="testGetHand" class="App\BlackJack\PlayerTest" classname="App.BlackJack.PlayerTest" file="/mnt/c/cygwin64/home/oleg0001/dbwebb-kurser/mvc/me/report/tests/BlackJack/PlayerTest.php" line="182" assertions="3" time="0.019466"/>
        <testcase name="testBlackJack" class="App\BlackJack\PlayerTest" classname="App.BlackJack.PlayerTest" file="/mnt/c/cygwin64/home/oleg0001/dbwebb-kurser/mvc/me/report/tests/BlackJack/PlayerTest.php" line="204" assertions="1" time="0.000547"/>
        <testcase name="testInsurance" class="App\BlackJack\PlayerTest" classname="App.BlackJack.PlayerTest" file="/mnt/c/cygwin64/home/oleg0001/dbwebb-kurser/mvc/me/report/tests/BlackJack/PlayerTest.php" line="220" assertions="2" time="0.000420"/>
        <testcase name="testSpli" class="App\BlackJack\PlayerTest" classname="App.BlackJack.PlayerTest" file="/mnt/c/cygwin64/home/oleg0001/dbwebb-kurser/mvc/me/report/tests/BlackJack/PlayerTest.php" line="233" assertions="3" time="0.001139"/>
        <testcase name="testWinGame" class="App\BlackJack\PlayerTest" classname="App.BlackJack.PlayerTest" file="/mnt/c/cygwin64/home/oleg0001/dbwebb-kurser/mvc/me/report/tests/BlackJack/PlayerTest.php" line="256" assertions="3" time="0.001371"/>
        <testcase name="testLoosGame" class="App\BlackJack\PlayerTest" classname="App.BlackJack.PlayerTest" file="/mnt/c/cygwin64/home/oleg0001/dbwebb-kurser/mvc/me/report/tests/BlackJack/PlayerTest.php" line="271" assertions="3" time="0.000549"/>
        <testcase name="testSplitHandCanSplit" class="App\BlackJack\PlayerTest" classname="App.BlackJack.PlayerTest" file="/mnt/c/cygwin64/home/oleg0001/dbwebb-kurser/mvc/me/report/tests/BlackJack/PlayerTest.php" line="286" assertions="6" time="0.000638"/>
        <testcase name="testSplitHandCanNot" class="App\BlackJack\PlayerTest" classname="App.BlackJack.PlayerTest" file="/mnt/c/cygwin64/home/oleg0001/dbwebb-kurser/mvc/me/report/tests/BlackJack/PlayerTest.php" line="312" assertions="5" time="0.000596"/>
      </testsuite>
      <testsuite name="App\BlackJack\WinstCounterTest" file="/mnt/c/cygwin64/home/oleg0001/dbwebb-kurser/mvc/me/report/tests/BlackJack/WinstCounterTest.php" tests="10" assertions="66" errors="0" warnings="0" failures="0" skipped="0" time="0.036096">
        <testcase name="testCreateObject" class="App\BlackJack\WinstCounterTest" classname="App.BlackJack.WinstCounterTest" file="/mnt/c/cygwin64/home/oleg0001/dbwebb-kurser/mvc/me/report/tests/BlackJack/WinstCounterTest.php" line="21" assertions="6" time="0.008901"/>
        <testcase name="testBankDeal" class="App\BlackJack\WinstCounterTest" classname="App.BlackJack.WinstCounterTest" file="/mnt/c/cygwin64/home/oleg0001/dbwebb-kurser/mvc/me/report/tests/BlackJack/WinstCounterTest.php" line="44" assertions="3" time="0.001563"/>
        <testcase name="testFirstDeal" class="App\BlackJack\WinstCounterTest" classname="App.BlackJack.WinstCounterTest" file="/mnt/c/cygwin64/home/oleg0001/dbwebb-kurser/mvc/me/report/tests/BlackJack/WinstCounterTest.php" line="121" assertions="3" time="0.001155"/>
        <testcase name="testFirstDealBlackJack" class="App\BlackJack\WinstCounterTest" classname="App.BlackJack.WinstCounterTest" file="/mnt/c/cygwin64/home/oleg0001/dbwebb-kurser/mvc/me/report/tests/BlackJack/WinstCounterTest.php" line="139" assertions="4" time="0.001842"/>
        <testcase name="testGetGame" class="App\BlackJack\WinstCounterTest" classname="App.BlackJack.WinstCounterTest" file="/mnt/c/cygwin64/home/oleg0001/dbwebb-kurser/mvc/me/report/tests/BlackJack/WinstCounterTest.php" line="164" assertions="4" time="0.001351"/>
        <testcase name="testFinish" class="App\BlackJack\WinstCounterTest" classname="App.BlackJack.WinstCounterTest" file="/mnt/c/cygwin64/home/oleg0001/dbwebb-kurser/mvc/me/report/tests/BlackJack/WinstCounterTest.php" line="186" assertions="12" time="0.014417"/>
        <testcase name="testCountWinstBankBJ" class="App\BlackJack\WinstCounterTest" classname="App.BlackJack.WinstCounterTest" file="/mnt/c/cygwin64/home/oleg0001/dbwebb-kurser/mvc/me/report/tests/BlackJack/WinstCounterTest.php" line="284" assertions="7" time="0.001891"/>
        <testcase name="testCountWinstBAnkWin" class="App\BlackJack\WinstCounterTest" classname="App.BlackJack.WinstCounterTest" file="/mnt/c/cygwin64/home/oleg0001/dbwebb-kurser/mvc/me/report/tests/BlackJack/WinstCounterTest.php" line="380" assertions="7" time="0.001565"/>
        <testcase name="testCountWinstBankPlaying" class="App\BlackJack\WinstCounterTest" classname="App.BlackJack.WinstCounterTest" file="/mnt/c/cygwin64/home/oleg0001/dbwebb-kurser/mvc/me/report/tests/BlackJack/WinstCounterTest.php" line="478" assertions="9" time="0.001742"/>
        <testcase name="testCountWinstBankFat" class="App\BlackJack\WinstCounterTest" classname="App.BlackJack.WinstCounterTest" file="/mnt/c/cygwin64/home/oleg0001/dbwebb-kurser/mvc/me/report/tests/BlackJack/WinstCounterTest.php" line="598" assertions="11" time="0.001668"/>
      </testsuite>
      <testsuite name="App\Card\CardGraphicsTest" file="/mnt/c/cygwin64/home/oleg0001/dbwebb-kurser/mvc/me/report/tests/Card/CardGraphicsTest.php" tests="3" assertions="4" errors="0" warnings="0" failures="0" skipped="0" time="0.018409">
        <testcase name="testCreateObject" class="App\Card\CardGraphicsTest" classname="App.Card.CardGraphicsTest" file="/mnt/c/cygwin64/home/oleg0001/dbwebb-kurser/mvc/me/report/tests/Card/CardGraphicsTest.php" line="15" assertions="2" time="0.017496"/>
        <testcase name="testGetAsString" class="App\Card\CardGraphicsTest" classname="App.Card.CardGraphicsTest" file="/mnt/c/cygwin64/home/oleg0001/dbwebb-kurser/mvc/me/report/tests/Card/CardGraphicsTest.php" line="29" assertions="1" time="0.000495"/>
        <testcase name="testGetCollor" class="App\Card\CardGraphicsTest" classname="App.Card.CardGraphicsTest" file="/mnt/c/cygwin64/home/oleg0001/dbwebb-kurser/mvc/me/report/tests/Card/CardGraphicsTest.php" line="44" assertions="1" time="0.000417"/>
      </testsuite>
      <testsuite name="App\Card\CardTest" file="/mnt/c/cygwin64/home/oleg0001/dbwebb-kurser/mvc/me/report/tests/Card/CardTest.php" tests="5" assertions="16" errors="0" warnings="0" failures="0" skipped="0" time="0.002366">
        <testcase name="testCreateObject" class="App\Card\CardTest" classname="App.Card.CardTest" file="/mnt/c/cygwin64/home/oleg0001/dbwebb-kurser/mvc/me/report/tests/Card/CardTest.php" line="15" assertions="2" time="0.000433"/>
        <testcase name="testSetAndGetCard" class="App\Card\CardTest" classname="App.Card.CardTest" file="/mnt/c/cygwin64/home/oleg0001/dbwebb-kurser/mvc/me/report/tests/Card/CardTest.php" line="29" assertions="3" time="0.000448"/>
        <testcase name="testChoseAndToArray" class="App\Card\CardTest" classname="App.Card.CardTest" file="/mnt/c/cygwin64/home/oleg0001/dbwebb-kurser/mvc/me/report/tests/Card/CardTest.php" line="46" assertions="9" time="0.000676"/>
        <testcase name="testGetCard" class="App\Card\CardTest" classname="App.Card.CardTest" file="/mnt/c/cygwin64/home/oleg0001/dbwebb-kurser/mvc/me/report/tests/Card/CardTest.php" line="64" assertions="1" time="0.000396"/>
        <testcase name="testGetAsString" class="App\Card\CardTest" classname="App.Card.CardTest" file="/mnt/c/cygwin64/home/oleg0001/dbwebb-kurser/mvc/me/report/tests/Card/CardTest.php" line="76" assertions="1" time="0.000412"/>
      </testsuite>
      <testsuite name="App\Card\DeskTest" file="/mnt/c/cygwin64/home/oleg0001/dbwebb-kurser/mvc/me/report/tests/Card/DeskTest.php" tests="6" assertions="9" errors="0" warnings="0" failures="0" skipped="0" time="0.014767">
        <testcase name="testCreateObject" class="App\Card\DeskTest" classname="App.Card.DeskTest" file="/mnt/c/cygwin64/home/oleg0001/dbwebb-kurser/mvc/me/report/tests/Card/DeskTest.php" line="15" assertions="3" time="0.010391"/>
        <testcase name="testGetDesk" class="App\Card\DeskTest" classname="App.Card.DeskTest" file="/mnt/c/cygwin64/home/oleg0001/dbwebb-kurser/mvc/me/report/tests/Card/DeskTest.php" line="30" assertions="1" time="0.000943"/>
        <testcase name="testToArray" class="App\Card\DeskTest" classname="App.Card.DeskTest" file="/mnt/c/cygwin64/home/oleg0001/dbwebb-kurser/mvc/me/report/tests/Card/DeskTest.php" line="43" assertions="1" time="0.000866"/>
        <testcase name="testShuffleDesk" class="App\Card\DeskTest" classname="App.Card.DeskTest" file="/mnt/c/cygwin64/home/oleg0001/dbwebb-kurser/mvc/me/report/tests/Card/DeskTest.php" line="55" assertions="2" time="0.000985"/>
        <testcase name="testRandCard" class="App\Card\DeskTest" classname="App.Card.DeskTest" file="/mnt/c/cygwin64/home/oleg0001/dbwebb-kurser/mvc/me/report/tests/Card/DeskTest.php" line="69" assertions="1" time="0.000733"/>
        <testcase name="testCountDesk" class="App\Card\DeskTest" classname="App.Card.DeskTest" file="/mnt/c/cygwin64/home/oleg0001/dbwebb-kurser/mvc/me/report/tests/Card/DeskTest.php" line="81" assertions="1" time="0.000849"/>
      </testsuite>
      <testsuite name="App\Tests\Controller\CardPlayControllerTest" file="/mnt/c/cygwin64/home/oleg0001/dbwebb-kurser/mvc/me/report/tests/Controller/CardPlayControllerTest.php" tests="8" assertions="23" errors="0" warnings="0" failures="0" skipped="0" time="18.173378">
        <testcase name="testSession" class="App\Tests\Controller\CardPlayControllerTest" classname="App.Tests.Controller.CardPlayControllerTest" file="/mnt/c/cygwin64/home/oleg0001/dbwebb-kurser/mvc/me/report/tests/Controller/CardPlayControllerTest.php" line="15" assertions="3" time="8.265028"/>
        <testcase name="testDelate" class="App\Tests\Controller\CardPlayControllerTest" classname="App.Tests.Controller.CardPlayControllerTest" file="/mnt/c/cygwin64/home/oleg0001/dbwebb-kurser/mvc/me/report/tests/Controller/CardPlayControllerTest.php" line="27" assertions="2" time="2.079546"/>
        <testcase name="testCardPlay" class="App\Tests\Controller\CardPlayControllerTest" classname="App.Tests.Controller.CardPlayControllerTest" file="/mnt/c/cygwin64/home/oleg0001/dbwebb-kurser/mvc/me/report/tests/Controller/CardPlayControllerTest.php" line="43" assertions="5" time="0.679278"/>
        <testcase name="testOneCard" class="App\Tests\Controller\CardPlayControllerTest" classname="App.Tests.Controller.CardPlayControllerTest" file="/mnt/c/cygwin64/home/oleg0001/dbwebb-kurser/mvc/me/report/tests/Controller/CardPlayControllerTest.php" line="60" assertions="3" time="1.839317"/>
        <testcase name="testDeskCard" class="App\Tests\Controller\CardPlayControllerTest" classname="App.Tests.Controller.CardPlayControllerTest" file="/mnt/c/cygwin64/home/oleg0001/dbwebb-kurser/mvc/me/report/tests/Controller/CardPlayControllerTest.php" line="72" assertions="3" time="0.679566"/>
        <testcase name="testShuffleCard" class="App\Tests\Controller\CardPlayControllerTest" classname="App.Tests.Controller.CardPlayControllerTest" file="/mnt/c/cygwin64/home/oleg0001/dbwebb-kurser/mvc/me/report/tests/Controller/CardPlayControllerTest.php" line="84" assertions="1" time="0.616292"/>
        <testcase name="testDrawCard" class="App\Tests\Controller\CardPlayControllerTest" classname="App.Tests.Controller.CardPlayControllerTest" file="/mnt/c/cygwin64/home/oleg0001/dbwebb-kurser/mvc/me/report/tests/Controller/CardPlayControllerTest.php" line="95" assertions="3" time="2.141849"/>
        <testcase name="testDealCard" class="App\Tests\Controller\CardPlayControllerTest" classname="App.Tests.Controller.CardPlayControllerTest" file="/mnt/c/cygwin64/home/oleg0001/dbwebb-kurser/mvc/me/report/tests/Controller/CardPlayControllerTest.php" line="127" assertions="3" time="1.872501"/>
      </testsuite>
      <testsuite name="App\Tests\Controller\DiceGameControllerTest" file="/mnt/c/cygwin64/home/oleg0001/dbwebb-kurser/mvc/me/report/tests/Controller/DiceGameControllerTest.php" tests="11" assertions="31" errors="0" warnings="0" failures="0" skipped="0" time="11.639217">
        <testcase name="testRollDices" class="App\Tests\Controller\DiceGameControllerTest" classname="App.Tests.Controller.DiceGameControllerTest" file="/mnt/c/cygwin64/home/oleg0001/dbwebb-kurser/mvc/me/report/tests/Controller/DiceGameControllerTest.php" line="16" assertions="5" time="0.054273"/>
        <testcase name="testRollHandDice" class="App\Tests\Controller\DiceGameControllerTest" classname="App.Tests.Controller.DiceGameControllerTest" file="/mnt/c/cygwin64/home/oleg0001/dbwebb-kurser/mvc/me/report/tests/Controller/DiceGameControllerTest.php" line="49" assertions="2" time="0.011126"/>
        <testcase name="testHome" class="App\Tests\Controller\DiceGameControllerTest" classname="App.Tests.Controller.DiceGameControllerTest" file="/mnt/c/cygwin64/home/oleg0001/dbwebb-kurser/mvc/me/report/tests/Controller/DiceGameControllerTest.php" line="77" assertions="3" time="0.652379"/>
        <testcase name="testRoleDice" class="App\Tests\Controller\DiceGameControllerTest" classname="App.Tests.Controller.DiceGameControllerTest" file="/mnt/c/cygwin64/home/oleg0001/dbwebb-kurser/mvc/me/report/tests/Controller/DiceGameControllerTest.php" line="89" assertions="3" time="0.687550"/>
        <testcase name="testRoleDices" class="App\Tests\Controller\DiceGameControllerTest" classname="App.Tests.Controller.DiceGameControllerTest" file="/mnt/c/cygwin64/home/oleg0001/dbwebb-kurser/mvc/me/report/tests/Controller/DiceGameControllerTest.php" line="101" assertions="3" time="0.596875"/>
        <testcase name="testRoleDiceHand" class="App\Tests\Controller\DiceGameControllerTest" classname="App.Tests.Controller.DiceGameControllerTest" file="/mnt/c/cygwin64/home/oleg0001/dbwebb-kurser/mvc/me/report/tests/Controller/DiceGameControllerTest.php" line="118" assertions="3" time="0.568843"/>
        <testcase name="testInit" class="App\Tests\Controller\DiceGameControllerTest" classname="App.Tests.Controller.DiceGameControllerTest" file="/mnt/c/cygwin64/home/oleg0001/dbwebb-kurser/mvc/me/report/tests/Controller/DiceGameControllerTest.php" line="130" assertions="3" time="0.601938"/>
        <testcase name="testInitPost" class="App\Tests\Controller\DiceGameControllerTest" classname="App.Tests.Controller.DiceGameControllerTest" file="/mnt/c/cygwin64/home/oleg0001/dbwebb-kurser/mvc/me/report/tests/Controller/DiceGameControllerTest.php" line="142" assertions="4" time="2.126851"/>
        <testcase name="testPlayGet" class="App\Tests\Controller\DiceGameControllerTest" classname="App.Tests.Controller.DiceGameControllerTest" file="/mnt/c/cygwin64/home/oleg0001/dbwebb-kurser/mvc/me/report/tests/Controller/DiceGameControllerTest.php" line="162" assertions="3" time="2.697612"/>
        <testcase name="testRollRoutePost" class="App\Tests\Controller\DiceGameControllerTest" classname="App.Tests.Controller.DiceGameControllerTest" file="/mnt/c/cygwin64/home/oleg0001/dbwebb-kurser/mvc/me/report/tests/Controller/DiceGameControllerTest.php" line="208" assertions="1" time="1.070688"/>
        <testcase name="testSave" class="App\Tests\Controller\DiceGameControllerTest" classname="App.Tests.Controller.DiceGameControllerTest" file="/mnt/c/cygwin64/home/oleg0001/dbwebb-kurser/mvc/me/report/tests/Controller/DiceGameControllerTest.php" line="256" assertions="1" time="2.571081"/>
      </testsuite>
      <testsuite name="App\Tests\Controller\Game21PDFControllerTest" file="/mnt/c/cygwin64/home/oleg0001/dbwebb-kurser/mvc/me/report/tests/Controller/Game21PDFControllerTest.php" tests="7" assertions="15" errors="0" warnings="0" failures="0" skipped="0" time="12.519121">
        <testcase name="testViewDoc" class="App\Tests\Controller\Game21PDFControllerTest" classname="App.Tests.Controller.Game21PDFControllerTest" file="/mnt/c/cygwin64/home/oleg0001/dbwebb-kurser/mvc/me/report/tests/Controller/Game21PDFControllerTest.php" line="16" assertions="3" time="1.777992"/>
        <testcase name="testViewPdfFileExists" class="App\Tests\Controller\Game21PDFControllerTest" classname="App.Tests.Controller.Game21PDFControllerTest" file="/mnt/c/cygwin64/home/oleg0001/dbwebb-kurser/mvc/me/report/tests/Controller/Game21PDFControllerTest.php" line="30" assertions="3" time="0.196098"/>
        <testcase name="testViewPdfFileNotExists" class="App\Tests\Controller\Game21PDFControllerTest" classname="App.Tests.Controller.Game21PDFControllerTest" file="/mnt/c/cygwin64/home/oleg0001/dbwebb-kurser/mvc/me/report/tests/Controller/Game21PDFControllerTest.php" line="64" assertions="1" time="2.579458"/>
        <testcase name="testViewClasses" class="App\Tests\Controller\Game21PDFControllerTest" classname="App.Tests.Controller.Game21PDFControllerTest" file="/mnt/c/cygwin64/home/oleg0001/dbwebb-kurser/mvc/me/report/tests/Controller/Game21PDFControllerTest.php" line="95" assertions="3" time="0.144952"/>
        <testcase name="testViewClassesNotFound" class="App\Tests\Controller\Game21PDFControllerTest" classname="App.Tests.Controller.Game21PDFControllerTest" file="/mnt/c/cygwin64/home/oleg0001/dbwebb-kurser/mvc/me/report/tests/Controller/Game21PDFControllerTest.php" line="122" assertions="1" time="2.621664"/>
        <testcase name="testViewPseudocodeExist" class="App\Tests\Controller\Game21PDFControllerTest" classname="App.Tests.Controller.Game21PDFControllerTest" file="/mnt/c/cygwin64/home/oleg0001/dbwebb-kurser/mvc/me/report/tests/Controller/Game21PDFControllerTest.php" line="146" assertions="3" time="1.212533"/>
        <testcase name="testViewPsseudocodeNotFound" class="App\Tests\Controller\Game21PDFControllerTest" classname="App.Tests.Controller.Game21PDFControllerTest" file="/mnt/c/cygwin64/home/oleg0001/dbwebb-kurser/mvc/me/report/tests/Controller/Game21PDFControllerTest.php" line="173" assertions="1" time="3.986426"/>
      </testsuite>
      <testsuite name="App\Tests\Controller\Game21gameControllerTest" file="/mnt/c/cygwin64/home/oleg0001/dbwebb-kurser/mvc/me/report/tests/Controller/Game21gameControllerTest.php" tests="1" assertions="3" errors="0" warnings="0" failures="0" skipped="0" time="2.045696">
        <testcase name="testGameInit" class="App\Tests\Controller\Game21gameControllerTest" classname="App.Tests.Controller.Game21gameControllerTest" file="/mnt/c/cygwin64/home/oleg0001/dbwebb-kurser/mvc/me/report/tests/Controller/Game21gameControllerTest.php" line="9" assertions="3" time="2.045696"/>
      </testsuite>
      <testsuite name="App\Tests\Controller\LibraryControllerTest" file="/mnt/c/cygwin64/home/oleg0001/dbwebb-kurser/mvc/me/report/tests/Controller/LibraryControllerTest.php" tests="11" assertions="45" errors="0" warnings="0" failures="0" skipped="0" time="16.484611">
        <testcase name="testIndex" class="App\Tests\Controller\LibraryControllerTest" classname="App.Tests.Controller.LibraryControllerTest" file="/mnt/c/cygwin64/home/oleg0001/dbwebb-kurser/mvc/me/report/tests/Controller/LibraryControllerTest.php" line="50" assertions="3" time="2.107667"/>
        <testcase name="testHandleBookFormGet" class="App\Tests\Controller\LibraryControllerTest" classname="App.Tests.Controller.LibraryControllerTest" file="/mnt/c/cygwin64/home/oleg0001/dbwebb-kurser/mvc/me/report/tests/Controller/LibraryControllerTest.php" line="64" assertions="4" time="0.607700"/>
        <testcase name="testCreateBookPost" class="App\Tests\Controller\LibraryControllerTest" classname="App.Tests.Controller.LibraryControllerTest" file="/mnt/c/cygwin64/home/oleg0001/dbwebb-kurser/mvc/me/report/tests/Controller/LibraryControllerTest.php" line="75" assertions="5" time="3.420699"/>
        <testcase name="testReadChosenBook" class="App\Tests\Controller\LibraryControllerTest" classname="App.Tests.Controller.LibraryControllerTest" file="/mnt/c/cygwin64/home/oleg0001/dbwebb-kurser/mvc/me/report/tests/Controller/LibraryControllerTest.php" line="105" assertions="5" time="1.944490"/>
        <testcase name="testReadChosenBookNotFound" class="App\Tests\Controller\LibraryControllerTest" classname="App.Tests.Controller.LibraryControllerTest" file="/mnt/c/cygwin64/home/oleg0001/dbwebb-kurser/mvc/me/report/tests/Controller/LibraryControllerTest.php" line="130" assertions="3" time="1.926332"/>
        <testcase name="testReadOneBook" class="App\Tests\Controller\LibraryControllerTest" classname="App.Tests.Controller.LibraryControllerTest" file="/mnt/c/cygwin64/home/oleg0001/dbwebb-kurser/mvc/me/report/tests/Controller/LibraryControllerTest.php" line="164" assertions="5" time="1.820198"/>
        <testcase name="testSeeLibrary" class="App\Tests\Controller\LibraryControllerTest" classname="App.Tests.Controller.LibraryControllerTest" file="/mnt/c/cygwin64/home/oleg0001/dbwebb-kurser/mvc/me/report/tests/Controller/LibraryControllerTest.php" line="189" assertions="3" time="0.726719"/>
        <testcase name="testUpdateBook" class="App\Tests\Controller\LibraryControllerTest" classname="App.Tests.Controller.LibraryControllerTest" file="/mnt/c/cygwin64/home/oleg0001/dbwebb-kurser/mvc/me/report/tests/Controller/LibraryControllerTest.php" line="206" assertions="5" time="0.632369"/>
        <testcase name="testUpdateBookNotFound" class="App\Tests\Controller\LibraryControllerTest" classname="App.Tests.Controller.LibraryControllerTest" file="/mnt/c/cygwin64/home/oleg0001/dbwebb-kurser/mvc/me/report/tests/Controller/LibraryControllerTest.php" line="229" assertions="5" time="0.570789"/>
        <testcase name="testDeleteBookGet" class="App\Tests\Controller\LibraryControllerTest" classname="App.Tests.Controller.LibraryControllerTest" file="/mnt/c/cygwin64/home/oleg0001/dbwebb-kurser/mvc/me/report/tests/Controller/LibraryControllerTest.php" line="306" assertions="4" time="0.742347"/>
        <testcase name="testDeleteBookBookNotExist" class="App\Tests\Controller\LibraryControllerTest" classname="App.Tests.Controller.LibraryControllerTest" file="/mnt/c/cygwin64/home/oleg0001/dbwebb-kurser/mvc/me/report/tests/Controller/LibraryControllerTest.php" line="324" assertions="3" time="1.985301"/>
      </testsuite>
      <testsuite name="App\Tests\Controller\LuckyControllerTest" file="/mnt/c/cygwin64/home/oleg0001/dbwebb-kurser/mvc/me/report/tests/Controller/LuckyControllerTest.php" tests="5" assertions="15" errors="0" warnings="0" failures="0" skipped="0" time="4.588412">
        <testcase name="testMeController" class="App\Tests\Controller\LuckyControllerTest" classname="App.Tests.Controller.LuckyControllerTest" file="/mnt/c/cygwin64/home/oleg0001/dbwebb-kurser/mvc/me/report/tests/Controller/LuckyControllerTest.php" line="15" assertions="3" time="2.077485"/>
        <testcase name="testAboutController" class="App\Tests\Controller\LuckyControllerTest" classname="App.Tests.Controller.LuckyControllerTest" file="/mnt/c/cygwin64/home/oleg0001/dbwebb-kurser/mvc/me/report/tests/Controller/LuckyControllerTest.php" line="27" assertions="3" time="0.642622"/>
        <testcase name="testReportController" class="App\Tests\Controller\LuckyControllerTest" classname="App.Tests.Controller.LuckyControllerTest" file="/mnt/c/cygwin64/home/oleg0001/dbwebb-kurser/mvc/me/report/tests/Controller/LuckyControllerTest.php" line="39" assertions="3" time="0.583056"/>
        <testcase name="testLuckyController" class="App\Tests\Controller\LuckyControllerTest" classname="App.Tests.Controller.LuckyControllerTest" file="/mnt/c/cygwin64/home/oleg0001/dbwebb-kurser/mvc/me/report/tests/Controller/LuckyControllerTest.php" line="51" assertions="3" time="0.609958"/>
        <testcase name="testMetricsController" class="App\Tests\Controller\LuckyControllerTest" classname="App.Tests.Controller.LuckyControllerTest" file="/mnt/c/cygwin64/home/oleg0001/dbwebb-kurser/mvc/me/report/tests/Controller/LuckyControllerTest.php" line="62" assertions="3" time="0.675291"/>
      </testsuite>
      <testsuite name="App\Tests\Controller\MyJsonCardControllerTest" file="/mnt/c/cygwin64/home/oleg0001/dbwebb-kurser/mvc/me/report/tests/Controller/MyJsonCardControllerTest.php" tests="5" assertions="21" errors="0" warnings="0" failures="0" skipped="0" time="4.485029">
        <testcase name="testApiDesk" class="App\Tests\Controller\MyJsonCardControllerTest" classname="App.Tests.Controller.MyJsonCardControllerTest" file="/mnt/c/cygwin64/home/oleg0001/dbwebb-kurser/mvc/me/report/tests/Controller/MyJsonCardControllerTest.php" line="16" assertions="6" time="0.256936"/>
        <testcase name="testApiDeskShuffle" class="App\Tests\Controller\MyJsonCardControllerTest" classname="App.Tests.Controller.MyJsonCardControllerTest" file="/mnt/c/cygwin64/home/oleg0001/dbwebb-kurser/mvc/me/report/tests/Controller/MyJsonCardControllerTest.php" line="42" assertions="5" time="1.268242"/>
        <testcase name="testApiDrawDesk" class="App\Tests\Controller\MyJsonCardControllerTest" classname="App.Tests.Controller.MyJsonCardControllerTest" file="/mnt/c/cygwin64/home/oleg0001/dbwebb-kurser/mvc/me/report/tests/Controller/MyJsonCardControllerTest.php" line="68" assertions="6" time="0.185940"/>
        <testcase name="testApiDrawFlerDesk" class="App\Tests\Controller\MyJsonCardControllerTest" classname="App.Tests.Controller.MyJsonCardControllerTest" file="/mnt/c/cygwin64/home/oleg0001/dbwebb-kurser/mvc/me/report/tests/Controller/MyJsonCardControllerTest.php" line="109" assertions="2" time="1.459007">
          <system-out>Request URL: /api/deck/draw/3
Response: {"drown":[],"number":52}
</system-out>
        </testcase>
        <testcase name="testApiDealCard" class="App\Tests\Controller\MyJsonCardControllerTest" classname="App.Tests.Controller.MyJsonCardControllerTest" file="/mnt/c/cygwin64/home/oleg0001/dbwebb-kurser/mvc/me/report/tests/Controller/MyJsonCardControllerTest.php" line="146" assertions="2" time="1.314903"/>
      </testsuite>
      <testsuite name="App\Controller\MyJsonControllerTest" file="/mnt/c/cygwin64/home/oleg0001/dbwebb-kurser/mvc/me/report/tests/Controller/MyJsonControllerTest.php" tests="3" assertions="9" errors="0" warnings="0" failures="0" skipped="0" time="1.160052">
        <testcase name="testApiLanding" class="App\Controller\MyJsonControllerTest" classname="App.Controller.MyJsonControllerTest" file="/mnt/c/cygwin64/home/oleg0001/dbwebb-kurser/mvc/me/report/tests/Controller/MyJsonControllerTest.php" line="9" assertions="3" time="0.735456"/>
        <testcase name="testApiIndex" class="App\Controller\MyJsonControllerTest" classname="App.Controller.MyJsonControllerTest" file="/mnt/c/cygwin64/home/oleg0001/dbwebb-kurser/mvc/me/report/tests/Controller/MyJsonControllerTest.php" line="25" assertions="3" time="0.327595"/>
        <testcase name="testGeQuote" class="App\Controller\MyJsonControllerTest" classname="App.Controller.MyJsonControllerTest" file="/mnt/c/cygwin64/home/oleg0001/dbwebb-kurser/mvc/me/report/tests/Controller/MyJsonControllerTest.php" line="40" assertions="3" time="0.097001"/>
      </testsuite>
      <testsuite name="App\Controller\MyJsonNewControllerTest" file="/mnt/c/cygwin64/home/oleg0001/dbwebb-kurser/mvc/me/report/tests/Controller/MyJsonNewControllerTest.php" tests="4" assertions="20" errors="0" warnings="0" failures="0" skipped="0" time="4.175692">
        <testcase name="testApiGame" class="App\Controller\MyJsonNewControllerTest" classname="App.Controller.MyJsonNewControllerTest" file="/mnt/c/cygwin64/home/oleg0001/dbwebb-kurser/mvc/me/report/tests/Controller/MyJsonNewControllerTest.php" line="16" assertions="5" time="0.106531"/>
        <testcase name="testJsonLibrary" class="App\Controller\MyJsonNewControllerTest" classname="App.Controller.MyJsonNewControllerTest" file="/mnt/c/cygwin64/home/oleg0001/dbwebb-kurser/mvc/me/report/tests/Controller/MyJsonNewControllerTest.php" line="55" assertions="4" time="0.160721"/>
        <testcase name="testJsonBookByIsbnBokNotFound" class="App\Controller\MyJsonNewControllerTest" classname="App.Controller.MyJsonNewControllerTest" file="/mnt/c/cygwin64/home/oleg0001/dbwebb-kurser/mvc/me/report/tests/Controller/MyJsonNewControllerTest.php" line="86" assertions="4" time="2.071189"/>
        <testcase name="testJsonBookByIsbnBokFound" class="App\Controller\MyJsonNewControllerTest" classname="App.Controller.MyJsonNewControllerTest" file="/mnt/c/cygwin64/home/oleg0001/dbwebb-kurser/mvc/me/report/tests/Controller/MyJsonNewControllerTest.php" line="98" assertions="7" time="1.837251"/>
      </testsuite>
      <testsuite name="App\Tests\Controller\ProductControllerTest" file="/mnt/c/cygwin64/home/oleg0001/dbwebb-kurser/mvc/me/report/tests/Controller/ProductControllerTest.php" tests="7" assertions="23" errors="0" warnings="0" failures="0" skipped="0" time="4.420127">
        <testcase name="testProduct" class="App\Tests\Controller\ProductControllerTest" classname="App.Tests.Controller.ProductControllerTest" file="/mnt/c/cygwin64/home/oleg0001/dbwebb-kurser/mvc/me/report/tests/Controller/ProductControllerTest.php" line="20" assertions="3" time="0.928135"/>
        <testcase name="testCreateProduct" class="App\Tests\Controller\ProductControllerTest" classname="App.Tests.Controller.ProductControllerTest" file="/mnt/c/cygwin64/home/oleg0001/dbwebb-kurser/mvc/me/report/tests/Controller/ProductControllerTest.php" line="35" assertions="8" time="0.172241"/>
        <testcase name="testShowAllProduct" class="App\Tests\Controller\ProductControllerTest" classname="App.Tests.Controller.ProductControllerTest" file="/mnt/c/cygwin64/home/oleg0001/dbwebb-kurser/mvc/me/report/tests/Controller/ProductControllerTest.php" line="61" assertions="2" time="0.105947"/>
        <testcase name="testShowProductByID" class="App\Tests\Controller\ProductControllerTest" classname="App.Tests.Controller.ProductControllerTest" file="/mnt/c/cygwin64/home/oleg0001/dbwebb-kurser/mvc/me/report/tests/Controller/ProductControllerTest.php" line="75" assertions="3" time="0.088108"/>
        <testcase name="testDeleteProductByIDProductNotExist" class="App\Tests\Controller\ProductControllerTest" classname="App.Tests.Controller.ProductControllerTest" file="/mnt/c/cygwin64/home/oleg0001/dbwebb-kurser/mvc/me/report/tests/Controller/ProductControllerTest.php" line="91" assertions="2" time="1.369142"/>
        <testcase name="testupdateProductByIDProductNotExist" class="App\Tests\Controller\ProductControllerTest" classname="App.Tests.Controller.ProductControllerTest" file="/mnt/c/cygwin64/home/oleg0001/dbwebb-kurser/mvc/me/report/tests/Controller/ProductControllerTest.php" line="106" assertions="2" time="1.111778"/>
        <testcase name="testViewAllProduct" class="App\Tests\Controller\ProductControllerTest" classname="App.Tests.Controller.ProductControllerTest" file="/mnt/c/cygwin64/home/oleg0001/dbwebb-kurser/mvc/me/report/tests/Controller/ProductControllerTest.php" line="123" assertions="3" time="0.644775"/>
      </testsuite>
      <testsuite name="App\Tests\ProjectControllerTest" file="/mnt/c/cygwin64/home/oleg0001/dbwebb-kurser/mvc/me/report/tests/Controller/ProjectControllerTest.php" tests="5" assertions="19" errors="0" warnings="0" failures="0" skipped="0" time="6.506990">
        <testcase name="testProject" class="App\Tests\ProjectControllerTest" classname="App.Tests.ProjectControllerTest" file="/mnt/c/cygwin64/home/oleg0001/dbwebb-kurser/mvc/me/report/tests/Controller/ProjectControllerTest.php" line="19" assertions="3" time="1.014937"/>
        <testcase name="testAboutProject" class="App\Tests\ProjectControllerTest" classname="App.Tests.ProjectControllerTest" file="/mnt/c/cygwin64/home/oleg0001/dbwebb-kurser/mvc/me/report/tests/Controller/ProjectControllerTest.php" line="32" assertions="3" time="0.632329"/>
        <testcase name="testGetOneCard" class="App\Tests\ProjectControllerTest" classname="App.Tests.ProjectControllerTest" file="/mnt/c/cygwin64/home/oleg0001/dbwebb-kurser/mvc/me/report/tests/Controller/ProjectControllerTest.php" line="45" assertions="3" time="0.646752"/>
        <testcase name="testInitiatePlay" class="App\Tests\ProjectControllerTest" classname="App.Tests.ProjectControllerTest" file="/mnt/c/cygwin64/home/oleg0001/dbwebb-kurser/mvc/me/report/tests/Controller/ProjectControllerTest.php" line="58" assertions="5" time="0.680312"/>
        <testcase name="testGetPlayers" class="App\Tests\ProjectControllerTest" classname="App.Tests.ProjectControllerTest" file="/mnt/c/cygwin64/home/oleg0001/dbwebb-kurser/mvc/me/report/tests/Controller/ProjectControllerTest.php" line="78" assertions="5" time="3.532660"/>
      </testsuite>
      <testsuite name="App\Dice\DiceTest" file="/mnt/c/cygwin64/home/oleg0001/dbwebb-kurser/mvc/me/report/tests/Dice/DiceTest.php" tests="1" assertions="4" errors="0" warnings="0" failures="0" skipped="0" time="0.000789">
        <testcase name="testCreateDice" class="App\Dice\DiceTest" classname="App.Dice.DiceTest" file="/mnt/c/cygwin64/home/oleg0001/dbwebb-kurser/mvc/me/report/tests/Dice/DiceTest.php" line="16" assertions="4" time="0.000789"/>
      </testsuite>
      <testsuite name="App\Dice\GraphicDiceTest" file="/mnt/c/cygwin64/home/oleg0001/dbwebb-kurser/mvc/me/report/tests/Dice/GraphicDiceTest.php" tests="2" assertions="2" errors="0" warnings="0" failures="0" skipped="0" time="0.020385">
        <testcase name="testCreateDice" class="App\Dice\GraphicDiceTest" classname="App.Dice.GraphicDiceTest" file="/mnt/c/cygwin64/home/oleg0001/dbwebb-kurser/mvc/me/report/tests/Dice/GraphicDiceTest.php" line="16" assertions="1" time="0.000599"/>
        <testcase name="testGetAsStringReturnsCorrectRepresentation" class="App\Dice\GraphicDiceTest" classname="App.Dice.GraphicDiceTest" file="/mnt/c/cygwin64/home/oleg0001/dbwebb-kurser/mvc/me/report/tests/Dice/GraphicDiceTest.php" line="27" assertions="1" time="0.019786"/>
      </testsuite>
      <testsuite name="App\Dice\HandDiceTest" file="/mnt/c/cygwin64/home/oleg0001/dbwebb-kurser/mvc/me/report/tests/Dice/HandDiceTest.php" tests="3" assertions="12" errors="0" warnings="0" failures="0" skipped="0" time="0.002869">
        <testcase name="testCreateHandDice" class="App\Dice\HandDiceTest" classname="App.Dice.HandDiceTest" file="/mnt/c/cygwin64/home/oleg0001/dbwebb-kurser/mvc/me/report/tests/Dice/HandDiceTest.php" line="16" assertions="4" time="0.000599"/>
        <testcase name="testAddRollandGetNumber" class="App\Dice\HandDiceTest" classname="App.Dice.HandDiceTest" file="/mnt/c/cygwin64/home/oleg0001/dbwebb-kurser/mvc/me/report/tests/Dice/HandDiceTest.php" line="35" assertions="4" time="0.001010"/>
        <testcase name="testgetValues" class="App\Dice\HandDiceTest" classname="App.Dice.HandDiceTest" file="/mnt/c/cygwin64/home/oleg0001/dbwebb-kurser/mvc/me/report/tests/Dice/HandDiceTest.php" line="57" assertions="4" time="0.001261"/>
      </testsuite>
      <testsuite name="App\Game21\BankTest" file="/mnt/c/cygwin64/home/oleg0001/dbwebb-kurser/mvc/me/report/tests/Game21/BankTest.php" tests="6" assertions="9" errors="0" warnings="0" failures="0" skipped="0" time="0.006911">
        <testcase name="testCreateObject" class="App\Game21\BankTest" classname="App.Game21.BankTest" file="/mnt/c/cygwin64/home/oleg0001/dbwebb-kurser/mvc/me/report/tests/Game21/BankTest.php" line="17" assertions="4" time="0.000675"/>
        <testcase name="testGetCard" class="App\Game21\BankTest" classname="App.Game21.BankTest" file="/mnt/c/cygwin64/home/oleg0001/dbwebb-kurser/mvc/me/report/tests/Game21/BankTest.php" line="34" assertions="1" time="0.001703"/>
        <testcase name="testDoBet" class="App\Game21\BankTest" classname="App.Game21.BankTest" file="/mnt/c/cygwin64/home/oleg0001/dbwebb-kurser/mvc/me/report/tests/Game21/BankTest.php" line="53" assertions="1" time="0.000700"/>
        <testcase name="testToArray" class="App\Game21\BankTest" classname="App.Game21.BankTest" file="/mnt/c/cygwin64/home/oleg0001/dbwebb-kurser/mvc/me/report/tests/Game21/BankTest.php" line="65" assertions="1" time="0.000801"/>
        <testcase name="testTakeCard" class="App\Game21\BankTest" classname="App.Game21.BankTest" file="/mnt/c/cygwin64/home/oleg0001/dbwebb-kurser/mvc/me/report/tests/Game21/BankTest.php" line="86" assertions="1" time="0.002011"/>
        <testcase name="testDealCards" class="App\Game21\BankTest" classname="App.Game21.BankTest" file="/mnt/c/cygwin64/home/oleg0001/dbwebb-kurser/mvc/me/report/tests/Game21/BankTest.php" line="111" assertions="1" time="0.001021"/>
      </testsuite>
      <testsuite name="App\Game21\CardGraphicsTest" file="/mnt/c/cygwin64/home/oleg0001/dbwebb-kurser/mvc/me/report/tests/Game21/CardGraphicsTest.php" tests="3" assertions="6" errors="0" warnings="0" failures="0" skipped="0" time="0.001767">
        <testcase name="testCreateObject" class="App\Game21\CardGraphicsTest" classname="App.Game21.CardGraphicsTest" file="/mnt/c/cygwin64/home/oleg0001/dbwebb-kurser/mvc/me/report/tests/Game21/CardGraphicsTest.php" line="15" assertions="2" time="0.000669"/>
        <testcase name="testOverridenToString" class="App\Game21\CardGraphicsTest" classname="App.Game21.CardGraphicsTest" file="/mnt/c/cygwin64/home/oleg0001/dbwebb-kurser/mvc/me/report/tests/Game21/CardGraphicsTest.php" line="29" assertions="2" time="0.000561"/>
        <testcase name="testGetCollor" class="App\Game21\CardGraphicsTest" classname="App.Game21.CardGraphicsTest" file="/mnt/c/cygwin64/home/oleg0001/dbwebb-kurser/mvc/me/report/tests/Game21/CardGraphicsTest.php" line="44" assertions="2" time="0.000538"/>
      </testsuite>
      <testsuite name="App\Game21\CardTest" file="/mnt/c/cygwin64/home/oleg0001/dbwebb-kurser/mvc/me/report/tests/Game21/CardTest.php" tests="5" assertions="17" errors="0" warnings="0" failures="0" skipped="0" time="0.002945">
        <testcase name="testCreateObject" class="App\Game21\CardTest" classname="App.Game21.CardTest" file="/mnt/c/cygwin64/home/oleg0001/dbwebb-kurser/mvc/me/report/tests/Game21/CardTest.php" line="16" assertions="2" time="0.000575"/>
        <testcase name="testSetAndToArray" class="App\Game21\CardTest" classname="App.Game21.CardTest" file="/mnt/c/cygwin64/home/oleg0001/dbwebb-kurser/mvc/me/report/tests/Game21/CardTest.php" line="31" assertions="3" time="0.000518"/>
        <testcase name="testChoseAndToArray" class="App\Game21\CardTest" classname="App.Game21.CardTest" file="/mnt/c/cygwin64/home/oleg0001/dbwebb-kurser/mvc/me/report/tests/Game21/CardTest.php" line="48" assertions="9" time="0.000803"/>
        <testcase name="testGetValue" class="App\Game21\CardTest" classname="App.Game21.CardTest" file="/mnt/c/cygwin64/home/oleg0001/dbwebb-kurser/mvc/me/report/tests/Game21/CardTest.php" line="65" assertions="2" time="0.000560"/>
        <testcase name="testGetAsString" class="App\Game21\CardTest" classname="App.Game21.CardTest" file="/mnt/c/cygwin64/home/oleg0001/dbwebb-kurser/mvc/me/report/tests/Game21/CardTest.php" line="79" assertions="1" time="0.000490"/>
      </testsuite>
      <testsuite name="App\Game21\DeskTest" file="/mnt/c/cygwin64/home/oleg0001/dbwebb-kurser/mvc/me/report/tests/Game21/DeskTest.php" tests="6" assertions="18" errors="0" warnings="0" failures="0" skipped="0" time="0.005895">
        <testcase name="testCreateObject" class="App\Game21\DeskTest" classname="App.Game21.DeskTest" file="/mnt/c/cygwin64/home/oleg0001/dbwebb-kurser/mvc/me/report/tests/Game21/DeskTest.php" line="16" assertions="2" time="0.000538"/>
        <testcase name="testFreshDesk" class="App\Game21\DeskTest" classname="App.Game21.DeskTest" file="/mnt/c/cygwin64/home/oleg0001/dbwebb-kurser/mvc/me/report/tests/Game21/DeskTest.php" line="31" assertions="3" time="0.000926"/>
        <testcase name="testToArray" class="App\Game21\DeskTest" classname="App.Game21.DeskTest" file="/mnt/c/cygwin64/home/oleg0001/dbwebb-kurser/mvc/me/report/tests/Game21/DeskTest.php" line="45" assertions="3" time="0.000989"/>
        <testcase name="testGetDesk" class="App\Game21\DeskTest" classname="App.Game21.DeskTest" file="/mnt/c/cygwin64/home/oleg0001/dbwebb-kurser/mvc/me/report/tests/Game21/DeskTest.php" line="60" assertions="4" time="0.001242"/>
        <testcase name="testShuffleDesk" class="App\Game21\DeskTest" classname="App.Game21.DeskTest" file="/mnt/c/cygwin64/home/oleg0001/dbwebb-kurser/mvc/me/report/tests/Game21/DeskTest.php" line="76" assertions="3" time="0.001616"/>
        <testcase name="testSet" class="App\Game21\DeskTest" classname="App.Game21.DeskTest" file="/mnt/c/cygwin64/home/oleg0001/dbwebb-kurser/mvc/me/report/tests/Game21/DeskTest.php" line="92" assertions="3" time="0.000584"/>
      </testsuite>
      <testsuite name="App\Game21\Game21Test" file="/mnt/c/cygwin64/home/oleg0001/dbwebb-kurser/mvc/me/report/tests/Game21/Game21Test.php" tests="7" assertions="26" errors="0" warnings="0" failures="0" skipped="0" time="0.056401">
        <testcase name="testCreateObject" class="App\Game21\Game21Test" classname="App.Game21.Game21Test" file="/mnt/c/cygwin64/home/oleg0001/dbwebb-kurser/mvc/me/report/tests/Game21/Game21Test.php" line="18" assertions="1" time="0.001183"/>
        <testcase name="testToSession" class="App\Game21\Game21Test" classname="App.Game21.Game21Test" file="/mnt/c/cygwin64/home/oleg0001/dbwebb-kurser/mvc/me/report/tests/Game21/Game21Test.php" line="25" assertions="1" time="0.027997"/>
        <testcase name="testSet" class="App\Game21\Game21Test" classname="App.Game21.Game21Test" file="/mnt/c/cygwin64/home/oleg0001/dbwebb-kurser/mvc/me/report/tests/Game21/Game21Test.php" line="85" assertions="4" time="0.019299"/>
        <testcase name="testFirstState" class="App\Game21\Game21Test" classname="App.Game21.Game21Test" file="/mnt/c/cygwin64/home/oleg0001/dbwebb-kurser/mvc/me/report/tests/Game21/Game21Test.php" line="157" assertions="5" time="0.002462"/>
        <testcase name="testSecondState" class="App\Game21\Game21Test" classname="App.Game21.Game21Test" file="/mnt/c/cygwin64/home/oleg0001/dbwebb-kurser/mvc/me/report/tests/Game21/Game21Test.php" line="232" assertions="5" time="0.001767"/>
        <testcase name="testThirdState" class="App\Game21\Game21Test" classname="App.Game21.Game21Test" file="/mnt/c/cygwin64/home/oleg0001/dbwebb-kurser/mvc/me/report/tests/Game21/Game21Test.php" line="307" assertions="5" time="0.001604"/>
        <testcase name="testPlayerNewCard" class="App\Game21\Game21Test" classname="App.Game21.Game21Test" file="/mnt/c/cygwin64/home/oleg0001/dbwebb-kurser/mvc/me/report/tests/Game21/Game21Test.php" line="382" assertions="5" time="0.002088"/>
      </testsuite>
      <testsuite name="App\Game21\HandTest" file="/mnt/c/cygwin64/home/oleg0001/dbwebb-kurser/mvc/me/report/tests/Game21/HandTest.php" tests="6" assertions="17" errors="0" warnings="0" failures="0" skipped="0" time="0.006509">
        <testcase name="testCreateObject" class="App\Game21\HandTest" classname="App.Game21.HandTest" file="/mnt/c/cygwin64/home/oleg0001/dbwebb-kurser/mvc/me/report/tests/Game21/HandTest.php" line="17" assertions="2" time="0.000621"/>
        <testcase name="testGetPoints" class="App\Game21\HandTest" classname="App.Game21.HandTest" file="/mnt/c/cygwin64/home/oleg0001/dbwebb-kurser/mvc/me/report/tests/Game21/HandTest.php" line="32" assertions="1" time="0.000787"/>
        <testcase name="testToString" class="App\Game21\HandTest" classname="App.Game21.HandTest" file="/mnt/c/cygwin64/home/oleg0001/dbwebb-kurser/mvc/me/report/tests/Game21/HandTest.php" line="49" assertions="3" time="0.001033"/>
        <testcase name="testToArray" class="App\Game21\HandTest" classname="App.Game21.HandTest" file="/mnt/c/cygwin64/home/oleg0001/dbwebb-kurser/mvc/me/report/tests/Game21/HandTest.php" line="70" assertions="3" time="0.001822"/>
        <testcase name="testGetHand" class="App\Game21\HandTest" classname="App.Game21.HandTest" file="/mnt/c/cygwin64/home/oleg0001/dbwebb-kurser/mvc/me/report/tests/Game21/HandTest.php" line="97" assertions="3" time="0.001260"/>
        <testcase name="testSetMethod" class="App\Game21\HandTest" classname="App.Game21.HandTest" file="/mnt/c/cygwin64/home/oleg0001/dbwebb-kurser/mvc/me/report/tests/Game21/HandTest.php" line="128" assertions="5" time="0.000985"/>
      </testsuite>
      <testsuite name="App\Game21\PlayerTest" file="/mnt/c/cygwin64/home/oleg0001/dbwebb-kurser/mvc/me/report/tests/Game21/PlayerTest.php" tests="4" assertions="7" errors="0" warnings="0" failures="0" skipped="0" time="0.002594">
        <testcase name="testCreateObject" class="App\Game21\PlayerTest" classname="App.Game21.PlayerTest" file="/mnt/c/cygwin64/home/oleg0001/dbwebb-kurser/mvc/me/report/tests/Game21/PlayerTest.php" line="17" assertions="4" time="0.000551"/>
        <testcase name="testGetCard" class="App\Game21\PlayerTest" classname="App.Game21.PlayerTest" file="/mnt/c/cygwin64/home/oleg0001/dbwebb-kurser/mvc/me/report/tests/Game21/PlayerTest.php" line="34" assertions="1" time="0.000953"/>
        <testcase name="testDoBet" class="App\Game21\PlayerTest" classname="App.Game21.PlayerTest" file="/mnt/c/cygwin64/home/oleg0001/dbwebb-kurser/mvc/me/report/tests/Game21/PlayerTest.php" line="52" assertions="1" time="0.000586"/>
        <testcase name="testToArray" class="App\Game21\PlayerTest" classname="App.Game21.PlayerTest" file="/mnt/c/cygwin64/home/oleg0001/dbwebb-kurser/mvc/me/report/tests/Game21/PlayerTest.php" line="64" assertions="1" time="0.000504"/>
      </testsuite>
      <testsuite name="App\Tests\Repository\BookRepositoryTest" file="/mnt/c/cygwin64/home/oleg0001/dbwebb-kurser/mvc/me/report/tests/Repository/BookRepositoryTest.php" tests="2" assertions="125" errors="0" warnings="0" failures="0" skipped="0" time="1.204268">
        <testcase name="testConstruct" class="App\Tests\Repository\BookRepositoryTest" classname="App.Tests.Repository.BookRepositoryTest" file="/mnt/c/cygwin64/home/oleg0001/dbwebb-kurser/mvc/me/report/tests/Repository/BookRepositoryTest.php" line="44" assertions="1" time="1.173602"/>
        <testcase name="testFindByIsbn" class="App\Tests\Repository\BookRepositoryTest" classname="App.Tests.Repository.BookRepositoryTest" file="/mnt/c/cygwin64/home/oleg0001/dbwebb-kurser/mvc/me/report/tests/Repository/BookRepositoryTest.php" line="53" assertions="124" time="0.030666"/>
      </testsuite>
      <testsuite name="ProductRepositoryTest" file="/mnt/c/cygwin64/home/oleg0001/dbwebb-kurser/mvc/me/report/tests/Repository/ProductRepositoryTest.php" tests="3" assertions="283" errors="0" warnings="0" failures="0" skipped="0" time="0.127747">
        <testcase name="testConstruct" class="ProductRepositoryTest" classname="ProductRepositoryTest" file="/mnt/c/cygwin64/home/oleg0001/dbwebb-kurser/mvc/me/report/tests/Repository/ProductRepositoryTest.php" line="42" assertions="1" time="0.021571"/>
        <testcase name="testFindByMinimumValue" class="ProductRepositoryTest" classname="ProductRepositoryTest" file="/mnt/c/cygwin64/home/oleg0001/dbwebb-kurser/mvc/me/report/tests/Repository/ProductRepositoryTest.php" line="51" assertions="172" time="0.034139"/>
        <testcase name="testFindByMinimumValue2" class="ProductRepositoryTest" classname="ProductRepositoryTest" file="/mnt/c/cygwin64/home/oleg0001/dbwebb-kurser/mvc/me/report/tests/Repository/ProductRepositoryTest.php" line="67" assertions="110" time="0.072037"/>
      </testsuite>
    </testsuite>
  </testsuite>
</testsuites>
