<?xml version="1.0" encoding="UTF-8"?>
<testsuites>
  <testsuite name="App\BlackJack\GameTest" file="/mnt/c/cygwin64/home/oleg0001/dbwebb-kurser/mvc/me/report/tests/BlackJack/GameTest.php" tests="18" assertions="82" errors="0" warnings="0" failures="0" skipped="0" time="0.999466">
    <testcase name="testCreateObject" class="App\BlackJack\GameTest" classname="App.BlackJack.GameTest" file="/mnt/c/cygwin64/home/oleg0001/dbwebb-kurser/mvc/me/report/tests/BlackJack/GameTest.php" line="22" assertions="6" time="0.291528"/>
    <testcase name="testAddPlaying" class="App\BlackJack\GameTest" classname="App.BlackJack.GameTest" file="/mnt/c/cygwin64/home/oleg0001/dbwebb-kurser/mvc/me/report/tests/BlackJack/GameTest.php" line="47" assertions="5" time="0.000877"/>
    <testcase name="testFindPlayer" class="App\BlackJack\GameTest" classname="App.BlackJack.GameTest" file="/mnt/c/cygwin64/home/oleg0001/dbwebb-kurser/mvc/me/report/tests/BlackJack/GameTest.php" line="65" assertions="4" time="0.017116"/>
    <testcase name="testShuffleDesk" class="App\BlackJack\GameTest" classname="App.BlackJack.GameTest" file="/mnt/c/cygwin64/home/oleg0001/dbwebb-kurser/mvc/me/report/tests/BlackJack/GameTest.php" line="89" assertions="1" time="0.045391"/>
    <testcase name="testBankBet" class="App\BlackJack\GameTest" classname="App.BlackJack.GameTest" file="/mnt/c/cygwin64/home/oleg0001/dbwebb-kurser/mvc/me/report/tests/BlackJack/GameTest.php" line="104" assertions="3" time="0.043114"/>
    <testcase name="testNewCardToBank" class="App\BlackJack\GameTest" classname="App.BlackJack.GameTest" file="/mnt/c/cygwin64/home/oleg0001/dbwebb-kurser/mvc/me/report/tests/BlackJack/GameTest.php" line="117" assertions="2" time="0.551353"/>
    <testcase name="testBankDeal" class="App\BlackJack\GameTest" classname="App.BlackJack.GameTest" file="/mnt/c/cygwin64/home/oleg0001/dbwebb-kurser/mvc/me/report/tests/BlackJack/GameTest.php" line="136" assertions="4" time="0.001447"/>
    <testcase name="testGetBank" class="App\BlackJack\GameTest" classname="App.BlackJack.GameTest" file="/mnt/c/cygwin64/home/oleg0001/dbwebb-kurser/mvc/me/report/tests/BlackJack/GameTest.php" line="156" assertions="2" time="0.000779"/>
    <testcase name="testSetBank" class="App\BlackJack\GameTest" classname="App.BlackJack.GameTest" file="/mnt/c/cygwin64/home/oleg0001/dbwebb-kurser/mvc/me/report/tests/BlackJack/GameTest.php" line="169" assertions="3" time="0.012597"/>
    <testcase name="testFirstDeal" class="App\BlackJack\GameTest" classname="App.BlackJack.GameTest" file="/mnt/c/cygwin64/home/oleg0001/dbwebb-kurser/mvc/me/report/tests/BlackJack/GameTest.php" line="187" assertions="3" time="0.001162"/>
    <testcase name="testFirstDealBlackJack" class="App\BlackJack\GameTest" classname="App.BlackJack.GameTest" file="/mnt/c/cygwin64/home/oleg0001/dbwebb-kurser/mvc/me/report/tests/BlackJack/GameTest.php" line="205" assertions="4" time="0.001870"/>
    <testcase name="testGetGame" class="App\BlackJack\GameTest" classname="App.BlackJack.GameTest" file="/mnt/c/cygwin64/home/oleg0001/dbwebb-kurser/mvc/me/report/tests/BlackJack/GameTest.php" line="230" assertions="4" time="0.001165"/>
    <testcase name="testGetGameMovePlayerToready" class="App\BlackJack\GameTest" classname="App.BlackJack.GameTest" file="/mnt/c/cygwin64/home/oleg0001/dbwebb-kurser/mvc/me/report/tests/BlackJack/GameTest.php" line="252" assertions="6" time="0.000969"/>
    <testcase name="testFinish" class="App\BlackJack\GameTest" classname="App.BlackJack.GameTest" file="/mnt/c/cygwin64/home/oleg0001/dbwebb-kurser/mvc/me/report/tests/BlackJack/GameTest.php" line="277" assertions="8" time="0.024003"/>
    <testcase name="testCountWinstBankBJ" class="App\BlackJack\GameTest" classname="App.BlackJack.GameTest" file="/mnt/c/cygwin64/home/oleg0001/dbwebb-kurser/mvc/me/report/tests/BlackJack/GameTest.php" line="330" assertions="6" time="0.001544"/>
    <testcase name="testCountWinstBAnkWin" class="App\BlackJack\GameTest" classname="App.BlackJack.GameTest" file="/mnt/c/cygwin64/home/oleg0001/dbwebb-kurser/mvc/me/report/tests/BlackJack/GameTest.php" line="426" assertions="6" time="0.001592"/>
    <testcase name="testCountWinstBankPlaying" class="App\BlackJack\GameTest" classname="App.BlackJack.GameTest" file="/mnt/c/cygwin64/home/oleg0001/dbwebb-kurser/mvc/me/report/tests/BlackJack/GameTest.php" line="524" assertions="7" time="0.001747"/>
    <testcase name="testCountWinstBAnkFat" class="App\BlackJack\GameTest" classname="App.BlackJack.GameTest" file="/mnt/c/cygwin64/home/oleg0001/dbwebb-kurser/mvc/me/report/tests/BlackJack/GameTest.php" line="640" assertions="8" time="0.001211"/>
  </testsuite>
</testsuites>
