<?xml version="1.0" encoding="UTF-8"?>
<testsuites>
  <testsuite name="" tests="82" assertions="223" errors="0" warnings="0" failures="0" skipped="0" time="36.273620">
    <testsuite name="Project Test Suite" tests="82" assertions="223" errors="0" warnings="0" failures="0" skipped="0" time="36.273620">
      <testsuite name="App\Card\CardGraphicsTest" file="/mnt/c/cygwin64/home/oleg0001/dbwebb-kurser/mvc/me/report/tests/Card/CardGraphicsTest.php" tests="3" assertions="4" errors="0" warnings="0" failures="0" skipped="0" time="0.135582">
        <testcase name="testCreateObject" class="App\Card\CardGraphicsTest" classname="App.Card.CardGraphicsTest" file="/mnt/c/cygwin64/home/oleg0001/dbwebb-kurser/mvc/me/report/tests/Card/CardGraphicsTest.php" line="15" assertions="2" time="0.134766"/>
        <testcase name="testGetAsString" class="App\Card\CardGraphicsTest" classname="App.Card.CardGraphicsTest" file="/mnt/c/cygwin64/home/oleg0001/dbwebb-kurser/mvc/me/report/tests/Card/CardGraphicsTest.php" line="29" assertions="1" time="0.000438"/>
        <testcase name="testGetCollor" class="App\Card\CardGraphicsTest" classname="App.Card.CardGraphicsTest" file="/mnt/c/cygwin64/home/oleg0001/dbwebb-kurser/mvc/me/report/tests/Card/CardGraphicsTest.php" line="44" assertions="1" time="0.000377"/>
      </testsuite>
      <testsuite name="App\Card\CardTest" file="/mnt/c/cygwin64/home/oleg0001/dbwebb-kurser/mvc/me/report/tests/Card/CardTest.php" tests="5" assertions="16" errors="0" warnings="0" failures="0" skipped="0" time="0.073777">
        <testcase name="testCreateObject" class="App\Card\CardTest" classname="App.Card.CardTest" file="/mnt/c/cygwin64/home/oleg0001/dbwebb-kurser/mvc/me/report/tests/Card/CardTest.php" line="15" assertions="2" time="0.000371"/>
        <testcase name="testSetAndGetCard" class="App\Card\CardTest" classname="App.Card.CardTest" file="/mnt/c/cygwin64/home/oleg0001/dbwebb-kurser/mvc/me/report/tests/Card/CardTest.php" line="29" assertions="3" time="0.000377"/>
        <testcase name="testChoseAndToArray" class="App\Card\CardTest" classname="App.Card.CardTest" file="/mnt/c/cygwin64/home/oleg0001/dbwebb-kurser/mvc/me/report/tests/Card/CardTest.php" line="46" assertions="9" time="0.072162"/>
        <testcase name="testGetCard" class="App\Card\CardTest" classname="App.Card.CardTest" file="/mnt/c/cygwin64/home/oleg0001/dbwebb-kurser/mvc/me/report/tests/Card/CardTest.php" line="64" assertions="1" time="0.000456"/>
        <testcase name="testGetAsString" class="App\Card\CardTest" classname="App.Card.CardTest" file="/mnt/c/cygwin64/home/oleg0001/dbwebb-kurser/mvc/me/report/tests/Card/CardTest.php" line="76" assertions="1" time="0.000411"/>
      </testsuite>
      <testsuite name="App\Card\DeskTest" file="/mnt/c/cygwin64/home/oleg0001/dbwebb-kurser/mvc/me/report/tests/Card/DeskTest.php" tests="6" assertions="9" errors="0" warnings="0" failures="0" skipped="0" time="0.046282">
        <testcase name="testCreateObject" class="App\Card\DeskTest" classname="App.Card.DeskTest" file="/mnt/c/cygwin64/home/oleg0001/dbwebb-kurser/mvc/me/report/tests/Card/DeskTest.php" line="15" assertions="3" time="0.012591"/>
        <testcase name="testGetDesk" class="App\Card\DeskTest" classname="App.Card.DeskTest" file="/mnt/c/cygwin64/home/oleg0001/dbwebb-kurser/mvc/me/report/tests/Card/DeskTest.php" line="30" assertions="1" time="0.000930"/>
        <testcase name="testToArray" class="App\Card\DeskTest" classname="App.Card.DeskTest" file="/mnt/c/cygwin64/home/oleg0001/dbwebb-kurser/mvc/me/report/tests/Card/DeskTest.php" line="43" assertions="1" time="0.000831"/>
        <testcase name="testShuffleDesk" class="App\Card\DeskTest" classname="App.Card.DeskTest" file="/mnt/c/cygwin64/home/oleg0001/dbwebb-kurser/mvc/me/report/tests/Card/DeskTest.php" line="55" assertions="2" time="0.030466"/>
        <testcase name="testRandCard" class="App\Card\DeskTest" classname="App.Card.DeskTest" file="/mnt/c/cygwin64/home/oleg0001/dbwebb-kurser/mvc/me/report/tests/Card/DeskTest.php" line="69" assertions="1" time="0.000751"/>
        <testcase name="testCountDesk" class="App\Card\DeskTest" classname="App.Card.DeskTest" file="/mnt/c/cygwin64/home/oleg0001/dbwebb-kurser/mvc/me/report/tests/Card/DeskTest.php" line="81" assertions="1" time="0.000714"/>
      </testsuite>
      <testsuite name="App\Tests\Controller\CardPlayControllerTest" file="/mnt/c/cygwin64/home/oleg0001/dbwebb-kurser/mvc/me/report/tests/Controller/CardPlayControllerTest.php" tests="8" assertions="23" errors="0" warnings="0" failures="0" skipped="0" time="17.068978">
        <testcase name="testSession" class="App\Tests\Controller\CardPlayControllerTest" classname="App.Tests.Controller.CardPlayControllerTest" file="/mnt/c/cygwin64/home/oleg0001/dbwebb-kurser/mvc/me/report/tests/Controller/CardPlayControllerTest.php" line="15" assertions="3" time="7.855856"/>
        <testcase name="testDelate" class="App\Tests\Controller\CardPlayControllerTest" classname="App.Tests.Controller.CardPlayControllerTest" file="/mnt/c/cygwin64/home/oleg0001/dbwebb-kurser/mvc/me/report/tests/Controller/CardPlayControllerTest.php" line="27" assertions="2" time="0.561320"/>
        <testcase name="testCardPlay" class="App\Tests\Controller\CardPlayControllerTest" classname="App.Tests.Controller.CardPlayControllerTest" file="/mnt/c/cygwin64/home/oleg0001/dbwebb-kurser/mvc/me/report/tests/Controller/CardPlayControllerTest.php" line="43" assertions="5" time="0.862647"/>
        <testcase name="testOneCard" class="App\Tests\Controller\CardPlayControllerTest" classname="App.Tests.Controller.CardPlayControllerTest" file="/mnt/c/cygwin64/home/oleg0001/dbwebb-kurser/mvc/me/report/tests/Controller/CardPlayControllerTest.php" line="60" assertions="3" time="2.155663"/>
        <testcase name="testDeskCard" class="App\Tests\Controller\CardPlayControllerTest" classname="App.Tests.Controller.CardPlayControllerTest" file="/mnt/c/cygwin64/home/oleg0001/dbwebb-kurser/mvc/me/report/tests/Controller/CardPlayControllerTest.php" line="72" assertions="3" time="0.692800"/>
        <testcase name="testShuffleCard" class="App\Tests\Controller\CardPlayControllerTest" classname="App.Tests.Controller.CardPlayControllerTest" file="/mnt/c/cygwin64/home/oleg0001/dbwebb-kurser/mvc/me/report/tests/Controller/CardPlayControllerTest.php" line="84" assertions="1" time="0.578937"/>
        <testcase name="testDrawCard" class="App\Tests\Controller\CardPlayControllerTest" classname="App.Tests.Controller.CardPlayControllerTest" file="/mnt/c/cygwin64/home/oleg0001/dbwebb-kurser/mvc/me/report/tests/Controller/CardPlayControllerTest.php" line="95" assertions="3" time="2.217603"/>
        <testcase name="testDealCard" class="App\Tests\Controller\CardPlayControllerTest" classname="App.Tests.Controller.CardPlayControllerTest" file="/mnt/c/cygwin64/home/oleg0001/dbwebb-kurser/mvc/me/report/tests/Controller/CardPlayControllerTest.php" line="127" assertions="3" time="2.144153"/>
      </testsuite>
      <testsuite name="App\Tests\Controller\DiceGameControllerTest" file="/mnt/c/cygwin64/home/oleg0001/dbwebb-kurser/mvc/me/report/tests/Controller/DiceGameControllerTest.php" tests="6" assertions="18" errors="0" warnings="0" failures="0" skipped="0" time="5.884965">
        <testcase name="testHome" class="App\Tests\Controller\DiceGameControllerTest" classname="App.Tests.Controller.DiceGameControllerTest" file="/mnt/c/cygwin64/home/oleg0001/dbwebb-kurser/mvc/me/report/tests/Controller/DiceGameControllerTest.php" line="15" assertions="3" time="0.821211"/>
        <testcase name="testRoleDice" class="App\Tests\Controller\DiceGameControllerTest" classname="App.Tests.Controller.DiceGameControllerTest" file="/mnt/c/cygwin64/home/oleg0001/dbwebb-kurser/mvc/me/report/tests/Controller/DiceGameControllerTest.php" line="27" assertions="3" time="0.672291"/>
        <testcase name="testRoleDices" class="App\Tests\Controller\DiceGameControllerTest" classname="App.Tests.Controller.DiceGameControllerTest" file="/mnt/c/cygwin64/home/oleg0001/dbwebb-kurser/mvc/me/report/tests/Controller/DiceGameControllerTest.php" line="39" assertions="3" time="0.698602"/>
        <testcase name="testRoleDiceHand" class="App\Tests\Controller\DiceGameControllerTest" classname="App.Tests.Controller.DiceGameControllerTest" file="/mnt/c/cygwin64/home/oleg0001/dbwebb-kurser/mvc/me/report/tests/Controller/DiceGameControllerTest.php" line="51" assertions="3" time="0.757317"/>
        <testcase name="testInit" class="App\Tests\Controller\DiceGameControllerTest" classname="App.Tests.Controller.DiceGameControllerTest" file="/mnt/c/cygwin64/home/oleg0001/dbwebb-kurser/mvc/me/report/tests/Controller/DiceGameControllerTest.php" line="63" assertions="3" time="0.645023"/>
        <testcase name="testInitPost" class="App\Tests\Controller\DiceGameControllerTest" classname="App.Tests.Controller.DiceGameControllerTest" file="/mnt/c/cygwin64/home/oleg0001/dbwebb-kurser/mvc/me/report/tests/Controller/DiceGameControllerTest.php" line="72" assertions="3" time="2.290522"/>
      </testsuite>
      <testsuite name="App\Tests\Controller\LibraryControllerTest" file="/mnt/c/cygwin64/home/oleg0001/dbwebb-kurser/mvc/me/report/tests/Controller/LibraryControllerTest.php" tests="3" assertions="11" errors="0" warnings="0" failures="0" skipped="0" time="6.026098">
        <testcase name="testIndex" class="App\Tests\Controller\LibraryControllerTest" classname="App.Tests.Controller.LibraryControllerTest" file="/mnt/c/cygwin64/home/oleg0001/dbwebb-kurser/mvc/me/report/tests/Controller/LibraryControllerTest.php" line="16" assertions="3" time="1.984935"/>
        <testcase name="testHandleBookFormGet" class="App\Tests\Controller\LibraryControllerTest" classname="App.Tests.Controller.LibraryControllerTest" file="/mnt/c/cygwin64/home/oleg0001/dbwebb-kurser/mvc/me/report/tests/Controller/LibraryControllerTest.php" line="28" assertions="3" time="0.606251"/>
        <testcase name="testCreateBookPost" class="App\Tests\Controller\LibraryControllerTest" classname="App.Tests.Controller.LibraryControllerTest" file="/mnt/c/cygwin64/home/oleg0001/dbwebb-kurser/mvc/me/report/tests/Controller/LibraryControllerTest.php" line="72" assertions="5" time="3.434912"/>
      </testsuite>
      <testsuite name="App\Tests\Controller\LuckyControllerTest" file="/mnt/c/cygwin64/home/oleg0001/dbwebb-kurser/mvc/me/report/tests/Controller/LuckyControllerTest.php" tests="5" assertions="15" errors="0" warnings="0" failures="0" skipped="0" time="4.861149">
        <testcase name="testMeController" class="App\Tests\Controller\LuckyControllerTest" classname="App.Tests.Controller.LuckyControllerTest" file="/mnt/c/cygwin64/home/oleg0001/dbwebb-kurser/mvc/me/report/tests/Controller/LuckyControllerTest.php" line="15" assertions="3" time="2.139850"/>
        <testcase name="testAboutController" class="App\Tests\Controller\LuckyControllerTest" classname="App.Tests.Controller.LuckyControllerTest" file="/mnt/c/cygwin64/home/oleg0001/dbwebb-kurser/mvc/me/report/tests/Controller/LuckyControllerTest.php" line="27" assertions="3" time="0.655977"/>
        <testcase name="testReportController" class="App\Tests\Controller\LuckyControllerTest" classname="App.Tests.Controller.LuckyControllerTest" file="/mnt/c/cygwin64/home/oleg0001/dbwebb-kurser/mvc/me/report/tests/Controller/LuckyControllerTest.php" line="39" assertions="3" time="0.670345"/>
        <testcase name="testLuckyController" class="App\Tests\Controller\LuckyControllerTest" classname="App.Tests.Controller.LuckyControllerTest" file="/mnt/c/cygwin64/home/oleg0001/dbwebb-kurser/mvc/me/report/tests/Controller/LuckyControllerTest.php" line="51" assertions="3" time="0.728774"/>
        <testcase name="testMetricsController" class="App\Tests\Controller\LuckyControllerTest" classname="App.Tests.Controller.LuckyControllerTest" file="/mnt/c/cygwin64/home/oleg0001/dbwebb-kurser/mvc/me/report/tests/Controller/LuckyControllerTest.php" line="62" assertions="3" time="0.666202"/>
      </testsuite>
      <testsuite name="App\Controller\MyJsonControllerTest" file="/mnt/c/cygwin64/home/oleg0001/dbwebb-kurser/mvc/me/report/tests/Controller/MyJsonControllerTest.php" tests="3" assertions="9" errors="0" warnings="0" failures="0" skipped="0" time="1.558279">
        <testcase name="testApiLanding" class="App\Controller\MyJsonControllerTest" classname="App.Controller.MyJsonControllerTest" file="/mnt/c/cygwin64/home/oleg0001/dbwebb-kurser/mvc/me/report/tests/Controller/MyJsonControllerTest.php" line="9" assertions="3" time="0.709884"/>
        <testcase name="testApiIndex" class="App\Controller\MyJsonControllerTest" classname="App.Controller.MyJsonControllerTest" file="/mnt/c/cygwin64/home/oleg0001/dbwebb-kurser/mvc/me/report/tests/Controller/MyJsonControllerTest.php" line="25" assertions="3" time="0.761431"/>
        <testcase name="testGeQuote" class="App\Controller\MyJsonControllerTest" classname="App.Controller.MyJsonControllerTest" file="/mnt/c/cygwin64/home/oleg0001/dbwebb-kurser/mvc/me/report/tests/Controller/MyJsonControllerTest.php" line="40" assertions="3" time="0.086964"/>
      </testsuite>
      <testsuite name="App\Dice\DiceTest" file="/mnt/c/cygwin64/home/oleg0001/dbwebb-kurser/mvc/me/report/tests/Dice/DiceTest.php" tests="1" assertions="4" errors="0" warnings="0" failures="0" skipped="0" time="0.000524">
        <testcase name="testCreateDice" class="App\Dice\DiceTest" classname="App.Dice.DiceTest" file="/mnt/c/cygwin64/home/oleg0001/dbwebb-kurser/mvc/me/report/tests/Dice/DiceTest.php" line="16" assertions="4" time="0.000524"/>
      </testsuite>
      <testsuite name="App\Dice\GraphicDiceTest" file="/mnt/c/cygwin64/home/oleg0001/dbwebb-kurser/mvc/me/report/tests/Dice/GraphicDiceTest.php" tests="2" assertions="2" errors="0" warnings="0" failures="0" skipped="0" time="0.008654">
        <testcase name="testCreateDice" class="App\Dice\GraphicDiceTest" classname="App.Dice.GraphicDiceTest" file="/mnt/c/cygwin64/home/oleg0001/dbwebb-kurser/mvc/me/report/tests/Dice/GraphicDiceTest.php" line="16" assertions="1" time="0.000559"/>
        <testcase name="testGetAsStringReturnsCorrectRepresentation" class="App\Dice\GraphicDiceTest" classname="App.Dice.GraphicDiceTest" file="/mnt/c/cygwin64/home/oleg0001/dbwebb-kurser/mvc/me/report/tests/Dice/GraphicDiceTest.php" line="27" assertions="1" time="0.008095"/>
      </testsuite>
      <testsuite name="App\Dice\HandDiceTest" file="/mnt/c/cygwin64/home/oleg0001/dbwebb-kurser/mvc/me/report/tests/Dice/HandDiceTest.php" tests="3" assertions="12" errors="0" warnings="0" failures="0" skipped="0" time="0.390614">
        <testcase name="testCreateHandDice" class="App\Dice\HandDiceTest" classname="App.Dice.HandDiceTest" file="/mnt/c/cygwin64/home/oleg0001/dbwebb-kurser/mvc/me/report/tests/Dice/HandDiceTest.php" line="16" assertions="4" time="0.000498"/>
        <testcase name="testAddRollandGetNumber" class="App\Dice\HandDiceTest" classname="App.Dice.HandDiceTest" file="/mnt/c/cygwin64/home/oleg0001/dbwebb-kurser/mvc/me/report/tests/Dice/HandDiceTest.php" line="35" assertions="4" time="0.389242"/>
        <testcase name="testgetValues" class="App\Dice\HandDiceTest" classname="App.Dice.HandDiceTest" file="/mnt/c/cygwin64/home/oleg0001/dbwebb-kurser/mvc/me/report/tests/Dice/HandDiceTest.php" line="57" assertions="4" time="0.000875"/>
      </testsuite>
      <testsuite name="App\Game21\BankTest" file="/mnt/c/cygwin64/home/oleg0001/dbwebb-kurser/mvc/me/report/tests/Game21/BankTest.php" tests="6" assertions="9" errors="0" warnings="0" failures="0" skipped="0" time="0.104427">
        <testcase name="testCreateObject" class="App\Game21\BankTest" classname="App.Game21.BankTest" file="/mnt/c/cygwin64/home/oleg0001/dbwebb-kurser/mvc/me/report/tests/Game21/BankTest.php" line="17" assertions="4" time="0.025558"/>
        <testcase name="testGetCard" class="App\Game21\BankTest" classname="App.Game21.BankTest" file="/mnt/c/cygwin64/home/oleg0001/dbwebb-kurser/mvc/me/report/tests/Game21/BankTest.php" line="34" assertions="1" time="0.031510"/>
        <testcase name="testDoBet" class="App\Game21\BankTest" classname="App.Game21.BankTest" file="/mnt/c/cygwin64/home/oleg0001/dbwebb-kurser/mvc/me/report/tests/Game21/BankTest.php" line="53" assertions="1" time="0.000790"/>
        <testcase name="testToArray" class="App\Game21\BankTest" classname="App.Game21.BankTest" file="/mnt/c/cygwin64/home/oleg0001/dbwebb-kurser/mvc/me/report/tests/Game21/BankTest.php" line="65" assertions="1" time="0.000531"/>
        <testcase name="testTakeCard" class="App\Game21\BankTest" classname="App.Game21.BankTest" file="/mnt/c/cygwin64/home/oleg0001/dbwebb-kurser/mvc/me/report/tests/Game21/BankTest.php" line="86" assertions="1" time="0.044820"/>
        <testcase name="testDealCards" class="App\Game21\BankTest" classname="App.Game21.BankTest" file="/mnt/c/cygwin64/home/oleg0001/dbwebb-kurser/mvc/me/report/tests/Game21/BankTest.php" line="111" assertions="1" time="0.001218"/>
      </testsuite>
      <testsuite name="App\Game21\CardGraphicsTest" file="/mnt/c/cygwin64/home/oleg0001/dbwebb-kurser/mvc/me/report/tests/Game21/CardGraphicsTest.php" tests="3" assertions="6" errors="0" warnings="0" failures="0" skipped="0" time="0.001695">
        <testcase name="testCreateObject" class="App\Game21\CardGraphicsTest" classname="App.Game21.CardGraphicsTest" file="/mnt/c/cygwin64/home/oleg0001/dbwebb-kurser/mvc/me/report/tests/Game21/CardGraphicsTest.php" line="15" assertions="2" time="0.000647"/>
        <testcase name="testOverridenToString" class="App\Game21\CardGraphicsTest" classname="App.Game21.CardGraphicsTest" file="/mnt/c/cygwin64/home/oleg0001/dbwebb-kurser/mvc/me/report/tests/Game21/CardGraphicsTest.php" line="29" assertions="2" time="0.000562"/>
        <testcase name="testGetCollor" class="App\Game21\CardGraphicsTest" classname="App.Game21.CardGraphicsTest" file="/mnt/c/cygwin64/home/oleg0001/dbwebb-kurser/mvc/me/report/tests/Game21/CardGraphicsTest.php" line="44" assertions="2" time="0.000486"/>
      </testsuite>
      <testsuite name="App\Game21\CardTest" file="/mnt/c/cygwin64/home/oleg0001/dbwebb-kurser/mvc/me/report/tests/Game21/CardTest.php" tests="5" assertions="17" errors="0" warnings="0" failures="0" skipped="0" time="0.002750">
        <testcase name="testCreateObject" class="App\Game21\CardTest" classname="App.Game21.CardTest" file="/mnt/c/cygwin64/home/oleg0001/dbwebb-kurser/mvc/me/report/tests/Game21/CardTest.php" line="15" assertions="2" time="0.000525"/>
        <testcase name="testSetAndToArray" class="App\Game21\CardTest" classname="App.Game21.CardTest" file="/mnt/c/cygwin64/home/oleg0001/dbwebb-kurser/mvc/me/report/tests/Game21/CardTest.php" line="29" assertions="3" time="0.000460"/>
        <testcase name="testChoseAndToArray" class="App\Game21\CardTest" classname="App.Game21.CardTest" file="/mnt/c/cygwin64/home/oleg0001/dbwebb-kurser/mvc/me/report/tests/Game21/CardTest.php" line="45" assertions="9" time="0.000839"/>
        <testcase name="testGetValue" class="App\Game21\CardTest" classname="App.Game21.CardTest" file="/mnt/c/cygwin64/home/oleg0001/dbwebb-kurser/mvc/me/report/tests/Game21/CardTest.php" line="61" assertions="2" time="0.000450"/>
        <testcase name="testGetAsString" class="App\Game21\CardTest" classname="App.Game21.CardTest" file="/mnt/c/cygwin64/home/oleg0001/dbwebb-kurser/mvc/me/report/tests/Game21/CardTest.php" line="74" assertions="1" time="0.000477"/>
      </testsuite>
      <testsuite name="App\Game21\DeskTest" file="/mnt/c/cygwin64/home/oleg0001/dbwebb-kurser/mvc/me/report/tests/Game21/DeskTest.php" tests="6" assertions="18" errors="0" warnings="0" failures="0" skipped="0" time="0.005211">
        <testcase name="testCreateObject" class="App\Game21\DeskTest" classname="App.Game21.DeskTest" file="/mnt/c/cygwin64/home/oleg0001/dbwebb-kurser/mvc/me/report/tests/Game21/DeskTest.php" line="15" assertions="2" time="0.000495"/>
        <testcase name="testFreshDesk" class="App\Game21\DeskTest" classname="App.Game21.DeskTest" file="/mnt/c/cygwin64/home/oleg0001/dbwebb-kurser/mvc/me/report/tests/Game21/DeskTest.php" line="29" assertions="3" time="0.000864"/>
        <testcase name="testToArray" class="App\Game21\DeskTest" classname="App.Game21.DeskTest" file="/mnt/c/cygwin64/home/oleg0001/dbwebb-kurser/mvc/me/report/tests/Game21/DeskTest.php" line="42" assertions="3" time="0.000923"/>
        <testcase name="testGetDesk" class="App\Game21\DeskTest" classname="App.Game21.DeskTest" file="/mnt/c/cygwin64/home/oleg0001/dbwebb-kurser/mvc/me/report/tests/Game21/DeskTest.php" line="56" assertions="4" time="0.001128"/>
        <testcase name="testShuffleDesk" class="App\Game21\DeskTest" classname="App.Game21.DeskTest" file="/mnt/c/cygwin64/home/oleg0001/dbwebb-kurser/mvc/me/report/tests/Game21/DeskTest.php" line="71" assertions="3" time="0.001273"/>
        <testcase name="testSet" class="App\Game21\DeskTest" classname="App.Game21.DeskTest" file="/mnt/c/cygwin64/home/oleg0001/dbwebb-kurser/mvc/me/report/tests/Game21/DeskTest.php" line="86" assertions="3" time="0.000529"/>
      </testsuite>
      <testsuite name="App\Game21\Game21Test" file="/mnt/c/cygwin64/home/oleg0001/dbwebb-kurser/mvc/me/report/tests/Game21/Game21Test.php" tests="7" assertions="26" errors="0" warnings="0" failures="0" skipped="0" time="0.079480">
        <testcase name="testCreateObject" class="App\Game21\Game21Test" classname="App.Game21.Game21Test" file="/mnt/c/cygwin64/home/oleg0001/dbwebb-kurser/mvc/me/report/tests/Game21/Game21Test.php" line="18" assertions="1" time="0.011993"/>
        <testcase name="testToSession" class="App\Game21\Game21Test" classname="App.Game21.Game21Test" file="/mnt/c/cygwin64/home/oleg0001/dbwebb-kurser/mvc/me/report/tests/Game21/Game21Test.php" line="25" assertions="1" time="0.037620"/>
        <testcase name="testSet" class="App\Game21\Game21Test" classname="App.Game21.Game21Test" file="/mnt/c/cygwin64/home/oleg0001/dbwebb-kurser/mvc/me/report/tests/Game21/Game21Test.php" line="85" assertions="4" time="0.023551"/>
        <testcase name="testFirstState" class="App\Game21\Game21Test" classname="App.Game21.Game21Test" file="/mnt/c/cygwin64/home/oleg0001/dbwebb-kurser/mvc/me/report/tests/Game21/Game21Test.php" line="157" assertions="5" time="0.001587"/>
        <testcase name="testSecondState" class="App\Game21\Game21Test" classname="App.Game21.Game21Test" file="/mnt/c/cygwin64/home/oleg0001/dbwebb-kurser/mvc/me/report/tests/Game21/Game21Test.php" line="232" assertions="5" time="0.001503"/>
        <testcase name="testThirdState" class="App\Game21\Game21Test" classname="App.Game21.Game21Test" file="/mnt/c/cygwin64/home/oleg0001/dbwebb-kurser/mvc/me/report/tests/Game21/Game21Test.php" line="307" assertions="5" time="0.001469"/>
        <testcase name="testPlayerNewCard" class="App\Game21\Game21Test" classname="App.Game21.Game21Test" file="/mnt/c/cygwin64/home/oleg0001/dbwebb-kurser/mvc/me/report/tests/Game21/Game21Test.php" line="382" assertions="5" time="0.001757"/>
      </testsuite>
      <testsuite name="App\Game21\HandTest" file="/mnt/c/cygwin64/home/oleg0001/dbwebb-kurser/mvc/me/report/tests/Game21/HandTest.php" tests="6" assertions="17" errors="0" warnings="0" failures="0" skipped="0" time="0.023011">
        <testcase name="testCreateObject" class="App\Game21\HandTest" classname="App.Game21.HandTest" file="/mnt/c/cygwin64/home/oleg0001/dbwebb-kurser/mvc/me/report/tests/Game21/HandTest.php" line="15" assertions="2" time="0.000469"/>
        <testcase name="testGetPoints" class="App\Game21\HandTest" classname="App.Game21.HandTest" file="/mnt/c/cygwin64/home/oleg0001/dbwebb-kurser/mvc/me/report/tests/Game21/HandTest.php" line="28" assertions="1" time="0.000767"/>
        <testcase name="testToString" class="App\Game21\HandTest" classname="App.Game21.HandTest" file="/mnt/c/cygwin64/home/oleg0001/dbwebb-kurser/mvc/me/report/tests/Game21/HandTest.php" line="43" assertions="3" time="0.000910"/>
        <testcase name="testToArray" class="App\Game21\HandTest" classname="App.Game21.HandTest" file="/mnt/c/cygwin64/home/oleg0001/dbwebb-kurser/mvc/me/report/tests/Game21/HandTest.php" line="62" assertions="3" time="0.001093"/>
        <testcase name="testGetHand" class="App\Game21\HandTest" classname="App.Game21.HandTest" file="/mnt/c/cygwin64/home/oleg0001/dbwebb-kurser/mvc/me/report/tests/Game21/HandTest.php" line="87" assertions="3" time="0.001392"/>
        <testcase name="testSetMethod" class="App\Game21\HandTest" classname="App.Game21.HandTest" file="/mnt/c/cygwin64/home/oleg0001/dbwebb-kurser/mvc/me/report/tests/Game21/HandTest.php" line="116" assertions="5" time="0.018379"/>
      </testsuite>
      <testsuite name="App\Game21\PlayerTest" file="/mnt/c/cygwin64/home/oleg0001/dbwebb-kurser/mvc/me/report/tests/Game21/PlayerTest.php" tests="4" assertions="7" errors="0" warnings="0" failures="0" skipped="0" time="0.002144">
        <testcase name="testCreateObject" class="App\Game21\PlayerTest" classname="App.Game21.PlayerTest" file="/mnt/c/cygwin64/home/oleg0001/dbwebb-kurser/mvc/me/report/tests/Game21/PlayerTest.php" line="17" assertions="4" time="0.000561"/>
        <testcase name="testGetCard" class="App\Game21\PlayerTest" classname="App.Game21.PlayerTest" file="/mnt/c/cygwin64/home/oleg0001/dbwebb-kurser/mvc/me/report/tests/Game21/PlayerTest.php" line="34" assertions="1" time="0.000731"/>
        <testcase name="testDoBet" class="App\Game21\PlayerTest" classname="App.Game21.PlayerTest" file="/mnt/c/cygwin64/home/oleg0001/dbwebb-kurser/mvc/me/report/tests/Game21/PlayerTest.php" line="52" assertions="1" time="0.000432"/>
        <testcase name="testToArray" class="App\Game21\PlayerTest" classname="App.Game21.PlayerTest" file="/mnt/c/cygwin64/home/oleg0001/dbwebb-kurser/mvc/me/report/tests/Game21/PlayerTest.php" line="64" assertions="1" time="0.000420"/>
      </testsuite>
    </testsuite>
  </testsuite>
</testsuites>
